#
# There is insufficient memory for the Java Runtime Environment to continue.
# Native memory allocation (malloc) failed to allocate 324656 bytes for Chunk::new
# Possible reasons:
#   The system is out of physical RAM or swap space
#   The process is running with CompressedOops enabled, and the Java Heap may be blocking the growth of the native heap
# Possible solutions:
#   Reduce memory load on the system
#   Increase physical memory or swap space
#   Check if swap backing store is full
#   Decrease Java heap size (-Xmx/-Xms)
#   Decrease number of Java threads
#   Decrease Java thread stack sizes (-Xss)
#   Set larger code cache with -XX:ReservedCodeCacheSize=
#   JVM is running with Unscaled Compressed Oops mode in which the Java heap is
#     placed in the first 4GB address space. The Java Heap base address is the
#     maximum limit for the native heap growth. Please use -XX:HeapBaseMinAddress
#     to set the Java Heap base and to place the Java Heap above 4GB virtual address.
# This output file may be truncated or incomplete.
#
#  Out of Memory Error (arena.cpp:184), pid=27564, tid=28084
#
# JRE version: Java(TM) SE Runtime Environment (20.0.1+9) (build 20.0.1+9-29)
# Java VM: Java HotSpot(TM) 64-Bit Server VM (20.0.1+9-29, mixed mode, sharing, tiered, compressed oops, compressed class ptrs, g1 gc, windows-amd64)
# No core dump will be written. Minidumps are not enabled by default on client versions of Windows
#

---------------  S U M M A R Y ------------

Command Line: -Xmx64m -Xms64m -Dorg.gradle.appname=gradlew org.gradle.wrapper.GradleWrapperMain tasks

Host: Intel(R) Core(TM) i7-2670QM CPU @ 2.20GHz, 8 cores, 7G,  Windows 10 , 64 bit Build 19041 (10.0.19041.3031)
Time: Fri Jun 30 22:58:29 2023 FLE Daylight Time elapsed time: 65.216356 seconds (0d 0h 1m 5s)

---------------  T H R E A D  ---------------

Current thread (0x0000022246a383b0):  JavaThread "C2 CompilerThread0" daemon [_thread_in_native, id=28084, stack(0x0000003e4ad00000,0x0000003e4ae00000)]


Current CompileTask:
C2:  65216 1307 % !   4       java.util.concurrent.ConcurrentHashMap::transfer @ 96 (849 bytes)

Stack: [0x0000003e4ad00000,0x0000003e4ae00000]
Native frames: (J=compiled Java code, j=interpreted, Vv=VM code, C=native code)
V  [jvm.dll+0x6bb95a]
V  [jvm.dll+0x8485fa]
V  [jvm.dll+0x84a1f5]
V  [jvm.dll+0x84a8f3]
V  [jvm.dll+0x280b0f]
V  [jvm.dll+0xc2b11]
V  [jvm.dll+0xc2e35]
V  [jvm.dll+0x3bb142]
V  [jvm.dll+0x3857f5]
V  [jvm.dll+0x384c6a]
V  [jvm.dll+0x24b259]
V  [jvm.dll+0x24a651]
V  [jvm.dll+0x1ce491]
V  [jvm.dll+0x259e1b]
V  [jvm.dll+0x2584f0]
V  [jvm.dll+0x3f2895]
V  [jvm.dll+0x7f4b56]
V  [jvm.dll+0x6ba5cb]
C  [ucrtbase.dll+0x21bb2]
C  [KERNEL32.DLL+0x17614]
C  [ntdll.dll+0x526f1]


---------------  P R O C E S S  ---------------

Threads class SMR info:
_java_thread_list=0x000002224b597c70, length=12, elements={
0x000002222cb8f010, 0x000002222cc5e5d0, 0x0000022246a2e0f0, 0x0000022246a2ea00,
0x0000022246a32070, 0x0000022246a335d0, 0x0000022246a37b30, 0x0000022246a383b0,
0x0000022246a38940, 0x0000022246aa8310, 0x0000022246ab1fb0, 0x000002224b563420
}

Java Threads: ( => current thread )
  0x000002222cb8f010 JavaThread "main" [_thread_in_native, id=27164, stack(0x0000003e4a000000,0x0000003e4a100000)]
  0x000002222cc5e5d0 JavaThread "Reference Handler" daemon [_thread_blocked, id=28060, stack(0x0000003e4a700000,0x0000003e4a800000)]
  0x0000022246a2e0f0 JavaThread "Finalizer" daemon [_thread_blocked, id=28064, stack(0x0000003e4a800000,0x0000003e4a900000)]
  0x0000022246a2ea00 JavaThread "Signal Dispatcher" daemon [_thread_blocked, id=28068, stack(0x0000003e4a900000,0x0000003e4aa00000)]
  0x0000022246a32070 JavaThread "Attach Listener" daemon [_thread_blocked, id=28072, stack(0x0000003e4aa00000,0x0000003e4ab00000)]
  0x0000022246a335d0 JavaThread "Service Thread" daemon [_thread_blocked, id=28076, stack(0x0000003e4ab00000,0x0000003e4ac00000)]
  0x0000022246a37b30 JavaThread "Monitor Deflation Thread" daemon [_thread_blocked, id=28080, stack(0x0000003e4ac00000,0x0000003e4ad00000)]
=>0x0000022246a383b0 JavaThread "C2 CompilerThread0" daemon [_thread_in_native, id=28084, stack(0x0000003e4ad00000,0x0000003e4ae00000)]
  0x0000022246a38940 JavaThread "C1 CompilerThread0" daemon [_thread_blocked, id=28088, stack(0x0000003e4ae00000,0x0000003e4af00000)]
  0x0000022246aa8310 JavaThread "Notification Thread" daemon [_thread_blocked, id=28128, stack(0x0000003e4af00000,0x0000003e4b000000)]
  0x0000022246ab1fb0 JavaThread "Common-Cleaner" daemon [_thread_blocked, id=28136, stack(0x0000003e4b100000,0x0000003e4b200000)]
  0x000002224b563420 JavaThread "pool-1-thread-1" [_thread_blocked, id=30492, stack(0x0000003e49e00000,0x0000003e49f00000)]

Other Threads:
  0x000002222cc3c890 VMThread "VM Thread" [stack: 0x0000003e4a600000,0x0000003e4a700000] [id=27956]
  0x0000022246aaf930 WatcherThread "VM Periodic Task Thread" [stack: 0x0000003e4b000000,0x0000003e4b100000] [id=28132]
  0x000002222cbb44c0 WorkerThread "GC Thread#0" [stack: 0x0000003e4a100000,0x0000003e4a200000] [id=27720]
  0x000002224b65b150 WorkerThread "GC Thread#1" [stack: 0x0000003e4b200000,0x0000003e4b300000] [id=30512]
  0x000002224b65a340 WorkerThread "GC Thread#2" [stack: 0x0000003e4b300000,0x0000003e4b400000] [id=30516]
  0x000002224b65abb0 WorkerThread "GC Thread#3" [stack: 0x0000003e4b400000,0x0000003e4b500000] [id=30520]
  0x000002224b65ae80 WorkerThread "GC Thread#4" [stack: 0x0000003e4b500000,0x0000003e4b600000] [id=30564]
  0x000002224b65b6f0 WorkerThread "GC Thread#5" [stack: 0x0000003e4b600000,0x0000003e4b700000] [id=30568]
  0x000002222cbb5bd0 ConcurrentGCThread "G1 Main Marker" [stack: 0x0000003e4a200000,0x0000003e4a300000] [id=27724]
  0x000002222cbb67a0 WorkerThread "G1 Conc#0" [stack: 0x0000003e4a300000,0x0000003e4a400000] [id=27728]
  0x000002222cc1b0f0 ConcurrentGCThread "G1 Refine#0" [stack: 0x0000003e4a400000,0x0000003e4a500000] [id=27732]
  0x000002222cc1b7a0 ConcurrentGCThread "G1 Service" [stack: 0x0000003e4a500000,0x0000003e4a600000] [id=27736]

Threads with active compile tasks:
C2 CompilerThread0    65450 1307 % !   4       java.util.concurrent.ConcurrentHashMap::transfer @ 96 (849 bytes)

VM state: not at safepoint (normal execution)

VM Mutex/Monitor currently owned by a thread: None

Heap address: 0x00000000fc000000, size: 64 MB, Compressed Oops mode: 32-bit

CDS archive(s) mapped at: [0x0000000800000000-0x0000000800c60000-0x0000000800c60000), size 12976128, SharedBaseAddress: 0x0000000800000000, ArchiveRelocationMode: 0.
Compressed class space mapped at: 0x0000000801000000-0x0000000841000000, reserved size: 1073741824
Narrow klass base: 0x0000000800000000, Narrow klass shift: 0, Narrow klass range: 0x100000000

GC Precious Log:
 CardTable entry size: 512
 Card Set container configuration: InlinePtr #cards 5 size 8 Array Of Cards #cards 12 size 40 Howl #buckets 4 coarsen threshold 1843 Howl Bitmap #cards 512 size 80 coarsen threshold 460 Card regions per heap region 1 cards per card region 2048
 CPUs: 8 total, 8 available
 Memory: 8139M
 Large Page Support: Disabled
 NUMA Support: Disabled
 Compressed Oops: Enabled (32-bit)
 Heap Region Size: 1M
 Heap Min Capacity: 64M
 Heap Initial Capacity: 64M
 Heap Max Capacity: 64M
 Pre-touch: Disabled
 Parallel Workers: 8
 Concurrent Workers: 2
 Concurrent Refinement Workers: 8
 Periodic GC: Disabled

Heap:
 garbage-first heap   total 65536K, used 20480K [0x00000000fc000000, 0x0000000100000000)
  region size 1024K, 14 young (14336K), 3 survivors (3072K)
 Metaspace       used 7352K, committed 7680K, reserved 1114112K
  class space    used 1003K, committed 1152K, reserved 1048576K

Heap Regions: E=young(eden), S=young(survivor), O=old, HS=humongous(starts), HC=humongous(continues), CS=collection set, F=free, OA=open archive, CA=closed archive, TAMS=top-at-mark-start, PB=parsable bottom
|   0|0x00000000fc000000, 0x00000000fc100000, 0x00000000fc100000|100%|HS|  |TAMS 0x00000000fc000000| PB 0x00000000fc000000| Complete 
|   1|0x00000000fc100000, 0x00000000fc200000, 0x00000000fc200000|100%|HC|  |TAMS 0x00000000fc100000| PB 0x00000000fc100000| Complete 
|   2|0x00000000fc200000, 0x00000000fc300000, 0x00000000fc300000|100%|HC|  |TAMS 0x00000000fc200000| PB 0x00000000fc200000| Complete 
|   3|0x00000000fc300000, 0x00000000fc400000, 0x00000000fc400000|100%|HC|  |TAMS 0x00000000fc300000| PB 0x00000000fc300000| Complete 
|   4|0x00000000fc400000, 0x00000000fc500000, 0x00000000fc500000|100%| O|  |TAMS 0x00000000fc400000| PB 0x00000000fc400000| Untracked 
|   5|0x00000000fc500000, 0x00000000fc600000, 0x00000000fc600000|100%| O|  |TAMS 0x00000000fc500000| PB 0x00000000fc500000| Untracked 
|   6|0x00000000fc600000, 0x00000000fc700000, 0x00000000fc700000|100%| O|  |TAMS 0x00000000fc600000| PB 0x00000000fc600000| Untracked 
|   7|0x00000000fc700000, 0x00000000fc700000, 0x00000000fc800000|  0%| F|  |TAMS 0x00000000fc700000| PB 0x00000000fc700000| Untracked 
|   8|0x00000000fc800000, 0x00000000fc800000, 0x00000000fc900000|  0%| F|  |TAMS 0x00000000fc800000| PB 0x00000000fc800000| Untracked 
|   9|0x00000000fc900000, 0x00000000fc900000, 0x00000000fca00000|  0%| F|  |TAMS 0x00000000fc900000| PB 0x00000000fc900000| Untracked 
|  10|0x00000000fca00000, 0x00000000fca00000, 0x00000000fcb00000|  0%| F|  |TAMS 0x00000000fca00000| PB 0x00000000fca00000| Untracked 
|  11|0x00000000fcb00000, 0x00000000fcb00000, 0x00000000fcc00000|  0%| F|  |TAMS 0x00000000fcb00000| PB 0x00000000fcb00000| Untracked 
|  12|0x00000000fcc00000, 0x00000000fcc00000, 0x00000000fcd00000|  0%| F|  |TAMS 0x00000000fcc00000| PB 0x00000000fcc00000| Untracked 
|  13|0x00000000fcd00000, 0x00000000fcd00000, 0x00000000fce00000|  0%| F|  |TAMS 0x00000000fcd00000| PB 0x00000000fcd00000| Untracked 
|  14|0x00000000fce00000, 0x00000000fce00000, 0x00000000fcf00000|  0%| F|  |TAMS 0x00000000fce00000| PB 0x00000000fce00000| Untracked 
|  15|0x00000000fcf00000, 0x00000000fcf00000, 0x00000000fd000000|  0%| F|  |TAMS 0x00000000fcf00000| PB 0x00000000fcf00000| Untracked 
|  16|0x00000000fd000000, 0x00000000fd000000, 0x00000000fd100000|  0%| F|  |TAMS 0x00000000fd000000| PB 0x00000000fd000000| Untracked 
|  17|0x00000000fd100000, 0x00000000fd100000, 0x00000000fd200000|  0%| F|  |TAMS 0x00000000fd100000| PB 0x00000000fd100000| Untracked 
|  18|0x00000000fd200000, 0x00000000fd200000, 0x00000000fd300000|  0%| F|  |TAMS 0x00000000fd200000| PB 0x00000000fd200000| Untracked 
|  19|0x00000000fd300000, 0x00000000fd300000, 0x00000000fd400000|  0%| F|  |TAMS 0x00000000fd300000| PB 0x00000000fd300000| Untracked 
|  20|0x00000000fd400000, 0x00000000fd400000, 0x00000000fd500000|  0%| F|  |TAMS 0x00000000fd400000| PB 0x00000000fd400000| Untracked 
|  21|0x00000000fd500000, 0x00000000fd500000, 0x00000000fd600000|  0%| F|  |TAMS 0x00000000fd500000| PB 0x00000000fd500000| Untracked 
|  22|0x00000000fd600000, 0x00000000fd600000, 0x00000000fd700000|  0%| F|  |TAMS 0x00000000fd600000| PB 0x00000000fd600000| Untracked 
|  23|0x00000000fd700000, 0x00000000fd700000, 0x00000000fd800000|  0%| F|  |TAMS 0x00000000fd700000| PB 0x00000000fd700000| Untracked 
|  24|0x00000000fd800000, 0x00000000fd800000, 0x00000000fd900000|  0%| F|  |TAMS 0x00000000fd800000| PB 0x00000000fd800000| Untracked 
|  25|0x00000000fd900000, 0x00000000fd900000, 0x00000000fda00000|  0%| F|  |TAMS 0x00000000fd900000| PB 0x00000000fd900000| Untracked 
|  26|0x00000000fda00000, 0x00000000fda00000, 0x00000000fdb00000|  0%| F|  |TAMS 0x00000000fda00000| PB 0x00000000fda00000| Untracked 
|  27|0x00000000fdb00000, 0x00000000fdb00000, 0x00000000fdc00000|  0%| F|  |TAMS 0x00000000fdb00000| PB 0x00000000fdb00000| Untracked 
|  28|0x00000000fdc00000, 0x00000000fdc00000, 0x00000000fdd00000|  0%| F|  |TAMS 0x00000000fdc00000| PB 0x00000000fdc00000| Untracked 
|  29|0x00000000fdd00000, 0x00000000fdd00000, 0x00000000fde00000|  0%| F|  |TAMS 0x00000000fdd00000| PB 0x00000000fdd00000| Untracked 
|  30|0x00000000fde00000, 0x00000000fde00000, 0x00000000fdf00000|  0%| F|  |TAMS 0x00000000fde00000| PB 0x00000000fde00000| Untracked 
|  31|0x00000000fdf00000, 0x00000000fdf00000, 0x00000000fe000000|  0%| F|  |TAMS 0x00000000fdf00000| PB 0x00000000fdf00000| Untracked 
|  32|0x00000000fe000000, 0x00000000fe000000, 0x00000000fe100000|  0%| F|  |TAMS 0x00000000fe000000| PB 0x00000000fe000000| Untracked 
|  33|0x00000000fe100000, 0x00000000fe100000, 0x00000000fe200000|  0%| F|  |TAMS 0x00000000fe100000| PB 0x00000000fe100000| Untracked 
|  34|0x00000000fe200000, 0x00000000fe200000, 0x00000000fe300000|  0%| F|  |TAMS 0x00000000fe200000| PB 0x00000000fe200000| Untracked 
|  35|0x00000000fe300000, 0x00000000fe300000, 0x00000000fe400000|  0%| F|  |TAMS 0x00000000fe300000| PB 0x00000000fe300000| Untracked 
|  36|0x00000000fe400000, 0x00000000fe400000, 0x00000000fe500000|  0%| F|  |TAMS 0x00000000fe400000| PB 0x00000000fe400000| Untracked 
|  37|0x00000000fe500000, 0x00000000fe500000, 0x00000000fe600000|  0%| F|  |TAMS 0x00000000fe500000| PB 0x00000000fe500000| Untracked 
|  38|0x00000000fe600000, 0x00000000fe700000, 0x00000000fe700000|100%| S|CS|TAMS 0x00000000fe600000| PB 0x00000000fe600000| Complete 
|  39|0x00000000fe700000, 0x00000000fe800000, 0x00000000fe800000|100%| S|CS|TAMS 0x00000000fe700000| PB 0x00000000fe700000| Complete 
|  40|0x00000000fe800000, 0x00000000fe900000, 0x00000000fe900000|100%| S|CS|TAMS 0x00000000fe800000| PB 0x00000000fe800000| Complete 
|  41|0x00000000fe900000, 0x00000000fe900000, 0x00000000fea00000|  0%| F|  |TAMS 0x00000000fe900000| PB 0x00000000fe900000| Untracked 
|  42|0x00000000fea00000, 0x00000000fea00000, 0x00000000feb00000|  0%| F|  |TAMS 0x00000000fea00000| PB 0x00000000fea00000| Untracked 
|  43|0x00000000feb00000, 0x00000000feb00000, 0x00000000fec00000|  0%| F|  |TAMS 0x00000000feb00000| PB 0x00000000feb00000| Untracked 
|  44|0x00000000fec00000, 0x00000000fec00000, 0x00000000fed00000|  0%| F|  |TAMS 0x00000000fec00000| PB 0x00000000fec00000| Untracked 
|  45|0x00000000fed00000, 0x00000000fed00000, 0x00000000fee00000|  0%| F|  |TAMS 0x00000000fed00000| PB 0x00000000fed00000| Untracked 
|  46|0x00000000fee00000, 0x00000000fee00000, 0x00000000fef00000|  0%| F|  |TAMS 0x00000000fee00000| PB 0x00000000fee00000| Untracked 
|  47|0x00000000fef00000, 0x00000000fef00000, 0x00000000ff000000|  0%| F|  |TAMS 0x00000000fef00000| PB 0x00000000fef00000| Untracked 
|  48|0x00000000ff000000, 0x00000000ff000000, 0x00000000ff100000|  0%| F|  |TAMS 0x00000000ff000000| PB 0x00000000ff000000| Untracked 
|  49|0x00000000ff100000, 0x00000000ff100000, 0x00000000ff200000|  0%| F|  |TAMS 0x00000000ff100000| PB 0x00000000ff100000| Untracked 
|  50|0x00000000ff200000, 0x00000000ff200000, 0x00000000ff300000|  0%| F|  |TAMS 0x00000000ff200000| PB 0x00000000ff200000| Untracked 
|  51|0x00000000ff300000, 0x00000000ff300000, 0x00000000ff400000|  0%| F|  |TAMS 0x00000000ff300000| PB 0x00000000ff300000| Untracked 
|  52|0x00000000ff400000, 0x00000000ff400000, 0x00000000ff500000|  0%| F|  |TAMS 0x00000000ff400000| PB 0x00000000ff400000| Untracked 
|  53|0x00000000ff500000, 0x00000000ff600000, 0x00000000ff600000|100%| E|  |TAMS 0x00000000ff500000| PB 0x00000000ff500000| Complete 
|  54|0x00000000ff600000, 0x00000000ff700000, 0x00000000ff700000|100%| E|CS|TAMS 0x00000000ff600000| PB 0x00000000ff600000| Complete 
|  55|0x00000000ff700000, 0x00000000ff800000, 0x00000000ff800000|100%| E|CS|TAMS 0x00000000ff700000| PB 0x00000000ff700000| Complete 
|  56|0x00000000ff800000, 0x00000000ff900000, 0x00000000ff900000|100%| E|CS|TAMS 0x00000000ff800000| PB 0x00000000ff800000| Complete 
|  57|0x00000000ff900000, 0x00000000ffa00000, 0x00000000ffa00000|100%| E|CS|TAMS 0x00000000ff900000| PB 0x00000000ff900000| Complete 
|  58|0x00000000ffa00000, 0x00000000ffb00000, 0x00000000ffb00000|100%| E|CS|TAMS 0x00000000ffa00000| PB 0x00000000ffa00000| Complete 
|  59|0x00000000ffb00000, 0x00000000ffc00000, 0x00000000ffc00000|100%| E|CS|TAMS 0x00000000ffb00000| PB 0x00000000ffb00000| Complete 
|  60|0x00000000ffc00000, 0x00000000ffd00000, 0x00000000ffd00000|100%| E|CS|TAMS 0x00000000ffc00000| PB 0x00000000ffc00000| Complete 
|  61|0x00000000ffd00000, 0x00000000ffe00000, 0x00000000ffe00000|100%| E|CS|TAMS 0x00000000ffd00000| PB 0x00000000ffd00000| Complete 
|  62|0x00000000ffe00000, 0x00000000fff00000, 0x00000000fff00000|100%| E|CS|TAMS 0x00000000ffe00000| PB 0x00000000ffe00000| Complete 
|  63|0x00000000fff00000, 0x0000000100000000, 0x0000000100000000|100%| E|CS|TAMS 0x00000000fff00000| PB 0x00000000fff00000| Complete 

Card table byte_map: [0x000002222ab10000,0x000002222ab30000] _byte_map_base: 0x000002222a330000

Marking Bits: (CMBitMap*) 0x000002222cbb4af0
 Bits: [0x0000022243f80000, 0x0000022244080000)

Polling page: 0x000002222aac0000

Metaspace:

Usage:
  Non-class:      6.20 MB used.
      Class:   1003.53 KB used.
       Both:      7.18 MB used.

Virtual space:
  Non-class space:       64.00 MB reserved,       6.38 MB ( 10%) committed,  1 nodes.
      Class space:        1.00 GB reserved,       1.12 MB ( <1%) committed,  1 nodes.
             Both:        1.06 GB reserved,       7.50 MB ( <1%) committed. 

Chunk freelists:
   Non-Class:  740.00 KB
       Class:  2.94 MB
        Both:  3.66 MB

MaxMetaspaceSize: unlimited
CompressedClassSpaceSize: 1.00 GB
Initial GC threshold: 21.00 MB
Current GC threshold: 21.00 MB
CDS: on
MetaspaceReclaimPolicy: balanced
 - commit_granule_bytes: 65536.
 - commit_granule_words: 8192.
 - virtual_space_node_default_size: 8388608.
 - enlarge_chunks_in_place: 1.
 - new_chunks_are_fully_committed: 0.
 - uncommit_free_chunks: 1.
 - use_allocation_guard: 0.


Internal statistics:

num_allocs_failed_limit: 0.
num_arena_births: 196.
num_arena_deaths: 0.
num_vsnodes_births: 2.
num_vsnodes_deaths: 0.
num_space_committed: 120.
num_space_uncommitted: 0.
num_chunks_returned_to_freelist: 0.
num_chunks_taken_from_freelist: 402.
num_chunk_merges: 0.
num_chunk_splits: 260.
num_chunks_enlarged: 189.
num_inconsistent_stats: 0.

CodeHeap 'non-profiled nmethods': size=120000Kb used=428Kb max_used=428Kb free=119571Kb
 bounds [0x000002223c720000, 0x000002223c990000, 0x0000022243c50000]
CodeHeap 'profiled nmethods': size=120000Kb used=2549Kb max_used=2549Kb free=117450Kb
 bounds [0x0000022234c50000, 0x0000022234ed0000, 0x000002223c180000]
CodeHeap 'non-nmethods': size=5760Kb used=1430Kb max_used=1446Kb free=4329Kb
 bounds [0x000002223c180000, 0x000002223c3f0000, 0x000002223c720000]
 total_blobs=1818 nmethods=1346 adapters=383
 compilation: enabled
              stopped_count=0, restarted_count=0
 full_count=0

Compilation events (20 events):
Event: 65.136 Thread 0x0000022246a38940 nmethod 1313 0x0000022234eafb10 code [0x0000022234eafd40, 0x0000022234eb0820]
Event: 65.136 Thread 0x0000022246a38940 1314       3       sun.util.locale.InternalLocaleBuilder::clear (31 bytes)
Event: 65.136 Thread 0x0000022246a38940 nmethod 1314 0x0000022234eb0c10 code [0x0000022234eb0dc0, 0x0000022234eb10c0]
Event: 65.136 Thread 0x0000022246a38940 1315       3       sun.util.locale.InternalLocaleBuilder::setLanguageTag (173 bytes)
Event: 65.139 Thread 0x0000022246a38940 nmethod 1315 0x0000022234eb1190 code [0x0000022234eb1560, 0x0000022234eb3058]
Event: 65.140 Thread 0x0000022246a38940 1320       3       sun.util.locale.LanguageTag::getExtensions (24 bytes)
Event: 65.140 Thread 0x0000022246a38940 nmethod 1320 0x0000022234eb3790 code [0x0000022234eb3940, 0x0000022234eb3c10]
Event: 65.140 Thread 0x0000022246a38940 1321       3       sun.util.locale.InternalLocaleBuilder::setExtensions (202 bytes)
Event: 65.146 Thread 0x0000022246a38940 nmethod 1321 0x0000022234eb3d10 code [0x0000022234eb41e0, 0x0000022234eb6a58]
Event: 65.146 Thread 0x0000022246a38940 1332       3       sun.util.locale.LanguageTag::parseScript (55 bytes)
Event: 65.147 Thread 0x0000022246a38940 nmethod 1332 0x0000022234eb7810 code [0x0000022234eb7a00, 0x0000022234eb8010]
Event: 65.147 Thread 0x0000022246a38940 1338       3       sun.util.locale.LanguageTag::parsePrivateuse (144 bytes)
Event: 65.150 Thread 0x0000022246a38940 nmethod 1338 0x0000022234eb8210 code [0x0000022234eb84e0, 0x0000022234eb93e0]
Event: 65.150 Thread 0x0000022246a38940 1327       3       sun.util.locale.LocaleUtils::isEmpty (19 bytes)
Event: 65.151 Thread 0x0000022246a38940 nmethod 1327 0x0000022234eb9910 code [0x0000022234eb9aa0, 0x0000022234eb9ce0]
Event: 65.151 Thread 0x0000022246a38940 1337       3       sun.util.locale.InternalLocaleBuilder::getBaseLocale (187 bytes)
Event: 65.153 Thread 0x0000022246a38940 nmethod 1337 0x0000022234eb9d90 code [0x0000022234eba080, 0x0000022234ebb008]
Event: 65.153 Thread 0x0000022246a38940 1333       3       sun.util.locale.LanguageTag::parseRegion (55 bytes)
Event: 65.154 Thread 0x0000022246a38940 nmethod 1333 0x0000022234ebb690 code [0x0000022234ebb860, 0x0000022234ebbc60]
Event: 65.154 Thread 0x0000022246a38940 1334       3       sun.util.locale.LanguageTag::parseExtensions (208 bytes)

GC Heap History (2 events):
Event: 52.581 GC heap before
{Heap before GC invocations=0 (full 0):
 garbage-first heap   total 65536K, used 26624K [0x00000000fc000000, 0x0000000100000000)
  region size 1024K, 23 young (23552K), 0 survivors (0K)
 Metaspace       used 4213K, committed 4480K, reserved 1114112K
  class space    used 551K, committed 704K, reserved 1048576K
}
Event: 53.443 GC heap after
{Heap after GC invocations=1 (full 0):
 garbage-first heap   total 65536K, used 10240K [0x00000000fc000000, 0x0000000100000000)
  region size 1024K, 3 young (3072K), 3 survivors (3072K)
 Metaspace       used 4213K, committed 4480K, reserved 1114112K
  class space    used 551K, committed 704K, reserved 1048576K
}

Dll operation events (11 events):
Event: 0.038 Loaded shared library C:\Program Files\Java\jdk-20\bin\java.dll
Event: 1.172 Loaded shared library C:\Program Files\Java\jdk-20\bin\jsvml.dll
Event: 2.317 Loaded shared library C:\Program Files\Java\jdk-20\bin\net.dll
Event: 2.323 Loaded shared library C:\Program Files\Java\jdk-20\bin\nio.dll
Event: 3.269 Loaded shared library C:\Program Files\Java\jdk-20\bin\zip.dll
Event: 12.457 Loaded shared library C:\Program Files\Java\jdk-20\bin\jimage.dll
Event: 20.934 Loaded shared library C:\Program Files\Java\jdk-20\bin\verify.dll
Event: 51.643 Loaded shared library C:\Users\deari\.gradle\native\68d5fa5c4cc2d200863cafc0d521ce42e7d3e7ee720ec0a83991735586a16f82\windows-amd64\native-platform.dll
Event: 56.925 Loaded shared library C:\Program Files\Java\jdk-20\bin\management.dll
Event: 57.370 Loaded shared library C:\Program Files\Java\jdk-20\bin\management_ext.dll
Event: 63.596 Loaded shared library C:\Program Files\Java\jdk-20\bin\extnet.dll

Deoptimization events (20 events):
Event: 56.455 Thread 0x000002222cb8f010 Uncommon trap: trap_request=0xffffffde fr.pc=0x000002223c7789a0 relative=0x0000000000000120
Event: 56.455 Thread 0x000002222cb8f010 Uncommon trap: reason=class_check action=maybe_recompile pc=0x000002223c7789a0 method=jdk.internal.misc.Unsafe.allocateUninitializedArray(Ljava/lang/Class;I)Ljava/lang/Object; @ 51 c2
Event: 56.455 Thread 0x000002222cb8f010 DEOPT PACKING pc=0x000002223c7789a0 sp=0x0000003e4a0f9710
Event: 56.455 Thread 0x000002222cb8f010 DEOPT UNPACKING pc=0x000002223c1e9d22 sp=0x0000003e4a0f9688 mode 2
Event: 56.455 Thread 0x000002222cb8f010 Uncommon trap: trap_request=0xffffffde fr.pc=0x000002223c7789a0 relative=0x0000000000000120
Event: 56.455 Thread 0x000002222cb8f010 Uncommon trap: reason=class_check action=maybe_recompile pc=0x000002223c7789a0 method=jdk.internal.misc.Unsafe.allocateUninitializedArray(Ljava/lang/Class;I)Ljava/lang/Object; @ 51 c2
Event: 56.455 Thread 0x000002222cb8f010 DEOPT PACKING pc=0x000002223c7789a0 sp=0x0000003e4a0f97b0
Event: 56.455 Thread 0x000002222cb8f010 DEOPT UNPACKING pc=0x000002223c1e9d22 sp=0x0000003e4a0f9728 mode 2
Event: 57.386 Thread 0x000002222cb8f010 Uncommon trap: trap_request=0xffffff45 fr.pc=0x000002223c747a20 relative=0x00000000000007a0
Event: 57.386 Thread 0x000002222cb8f010 Uncommon trap: reason=unstable_if action=reinterpret pc=0x000002223c747a20 method=java.util.HashMap.putVal(ILjava/lang/Object;Ljava/lang/Object;ZZ)Ljava/lang/Object; @ 236 c2
Event: 57.386 Thread 0x000002222cb8f010 DEOPT PACKING pc=0x000002223c747a20 sp=0x0000003e4a0fcd90
Event: 57.386 Thread 0x000002222cb8f010 DEOPT UNPACKING pc=0x000002223c1e9d22 sp=0x0000003e4a0fcd48 mode 2
Event: 58.287 Thread 0x000002222cb8f010 DEOPT PACKING pc=0x0000022234d056f5 sp=0x0000003e4a0fb6e0
Event: 58.287 Thread 0x000002222cb8f010 DEOPT UNPACKING pc=0x000002223c1ea4c2 sp=0x0000003e4a0fab30 mode 0
Event: 58.429 Thread 0x000002222cb8f010 DEOPT PACKING pc=0x0000022234d4cc11 sp=0x0000003e4a0fb050
Event: 58.429 Thread 0x000002222cb8f010 DEOPT UNPACKING pc=0x000002223c1ea4c2 sp=0x0000003e4a0fa558 mode 0
Event: 60.549 Thread 0x000002222cb8f010 Uncommon trap: trap_request=0xffffff45 fr.pc=0x000002223c76c890 relative=0x0000000000001570
Event: 60.549 Thread 0x000002222cb8f010 Uncommon trap: reason=unstable_if action=reinterpret pc=0x000002223c76c890 method=java.io.WinNTFileSystem.normalize(Ljava/lang/String;)Ljava/lang/String; @ 128 c2
Event: 60.549 Thread 0x000002222cb8f010 DEOPT PACKING pc=0x000002223c76c890 sp=0x0000003e4a0fc890
Event: 60.549 Thread 0x000002222cb8f010 DEOPT UNPACKING pc=0x000002223c1e9d22 sp=0x0000003e4a0fc868 mode 2

Classes loaded (20 events):
Event: 63.608 Loading class sun/nio/ch/SocketOptionRegistry$RegistryKey
Event: 63.608 Loading class sun/nio/ch/SocketOptionRegistry$RegistryKey done
Event: 63.608 Loading class sun/nio/ch/SocketOptionRegistry$LazyInitialization
Event: 63.609 Loading class sun/nio/ch/SocketOptionRegistry$LazyInitialization done
Event: 63.609 Loading class sun/nio/ch/OptionKey
Event: 63.609 Loading class sun/nio/ch/OptionKey done
Event: 63.609 Loading class sun/nio/ch/ExtendedSocketOption
Event: 63.609 Loading class sun/nio/ch/ExtendedSocketOption done
Event: 63.609 Loading class sun/nio/ch/ExtendedSocketOption$1
Event: 63.609 Loading class sun/nio/ch/ExtendedSocketOption$1 done
Event: 63.948 Loading class java/nio/channels/OverlappingFileLockException
Event: 63.949 Loading class java/nio/channels/OverlappingFileLockException done
Event: 63.949 Loading class java/io/EOFException
Event: 63.949 Loading class java/io/EOFException done
Event: 64.937 Loading class sun/util/calendar/ZoneInfoFile$Checksum
Event: 64.937 Loading class sun/util/calendar/ZoneInfoFile$Checksum done
Event: 64.946 Loading class jdk/internal/module/ModulePatcher$PatchedModuleReader
Event: 64.946 Loading class jdk/internal/module/ModulePatcher$PatchedModuleReader done
Event: 64.946 Loading class sun/net/www/protocol/jrt/Handler
Event: 64.947 Loading class sun/net/www/protocol/jrt/Handler done

Classes unloaded (0 events):
No events

Classes redefined (0 events):
No events

Internal exceptions (18 events):
Event: 4.763 Thread 0x000002222cb8f010 Exception <a 'java/lang/NoSuchMethodError'{0x00000000ffc1b580}: 'void java.lang.invoke.DirectMethodHandle$Holder.invokeStatic(java.lang.Object, java.lang.Object)'> (0x00000000ffc1b580) 
thrown [s\open\src\hotspot\share\interpreter\linkResolver.cpp, line 773]
Event: 4.765 Thread 0x000002222cb8f010 Exception <a 'java/lang/NoSuchMethodError'{0x00000000ffc1f100}: 'void java.lang.invoke.DirectMethodHandle$Holder.invokeSpecial(java.lang.Object, java.lang.Object, java.lang.Object)'> (0x00000000ffc1f100) 
thrown [s\open\src\hotspot\share\interpreter\linkResolver.cpp, line 773]
Event: 6.976 Thread 0x000002222cb8f010 Exception <a 'java/lang/NoSuchMethodError'{0x00000000ffc71ff8}: 'void java.lang.invoke.DirectMethodHandle$Holder.invokeStatic(java.lang.Object, java.lang.Object, java.lang.Object)'> (0x00000000ffc71ff8) 
thrown [s\open\src\hotspot\share\interpreter\linkResolver.cpp, line 773]
Event: 6.984 Thread 0x000002222cb8f010 Exception <a 'java/lang/NoSuchMethodError'{0x00000000ffcc27b0}: 'java.lang.Object java.lang.invoke.Invokers$Holder.invokeExact_MT(java.lang.Object, java.lang.Object, java.lang.Object, java.lang.Object, java.lang.Object)'> (0x00000000ffcc27b0) 
thrown [s\open\src\hotspot\share\interpreter\linkResolver.cpp, line 773]
Event: 7.207 Thread 0x000002222cb8f010 Exception <a 'java/lang/NoSuchMethodError'{0x00000000ffcf0460}: 'int java.lang.invoke.DirectMethodHandle$Holder.invokeStaticInit(java.lang.Object, java.lang.Object)'> (0x00000000ffcf0460) 
thrown [s\open\src\hotspot\share\interpreter\linkResolver.cpp, line 773]
Event: 48.380 Thread 0x000002222cb8f010 Exception <a 'java/lang/NoClassDefFoundError'{0x00000000febd25e0}: org/slf4j/impl/StaticMarkerBinder> (0x00000000febd25e0) 
thrown [s\open\src\hotspot\share\classfile\systemDictionary.cpp, line 294]
Event: 48.512 Thread 0x000002222cb8f010 Exception <a 'java/lang/NoSuchMethodError'{0x00000000fea5b838}: 'java.lang.Object java.lang.invoke.DirectMethodHandle$Holder.invokeVirtual(java.lang.Object, java.lang.Object, java.lang.Object, java.lang.Object, java.lang.Object, java.lang.Object, java.lang.Object)'> (0x00000000fea5b838) 
thrown [s\open\src\hotspot\share\interpreter\linkResolver.cpp, line 773]
Event: 48.520 Thread 0x000002222cb8f010 Exception <a 'java/lang/NoSuchMethodError'{0x00000000fea6e650}: 'java.lang.Object java.lang.invoke.DirectMethodHandle$Holder.invokeStatic(java.lang.Object, java.lang.Object, int)'> (0x00000000fea6e650) 
thrown [s\open\src\hotspot\share\interpreter\linkResolver.cpp, line 773]
Event: 48.532 Thread 0x000002222cb8f010 Exception <a 'java/lang/NoSuchMethodError'{0x00000000fea79d18}: 'void java.lang.invoke.DelegatingMethodHandle$Holder.delegate(java.lang.Object, java.lang.Object, int, java.lang.Object)'> (0x00000000fea79d18) 
thrown [s\open\src\hotspot\share\interpreter\linkResolver.cpp, line 773]
Event: 48.534 Thread 0x000002222cb8f010 Exception <a 'java/lang/NoSuchMethodError'{0x00000000fea7db08}: 'int java.lang.invoke.DirectMethodHandle$Holder.invokeSpecial(java.lang.Object, java.lang.Object, java.lang.Object)'> (0x00000000fea7db08) 
thrown [s\open\src\hotspot\share\interpreter\linkResolver.cpp, line 773]
Event: 51.728 Thread 0x000002222cb8f010 Exception <a 'java/lang/NoSuchMethodError'{0x00000000fe916420}: 'java.lang.Object java.lang.invoke.DirectMethodHandle$Holder.invokeVirtual(java.lang.Object, java.lang.Object, java.lang.Object)'> (0x00000000fe916420) 
thrown [s\open\src\hotspot\share\interpreter\linkResolver.cpp, line 773]
Event: 54.201 Thread 0x000002222cb8f010 Exception <a 'java/lang/NoSuchMethodError'{0x00000000ffebd0f8}: 'java.lang.Object java.lang.invoke.DirectMethodHandle$Holder.invokeVirtual(java.lang.Object, java.lang.Object, java.lang.Object, java.lang.Object)'> (0x00000000ffebd0f8) 
thrown [s\open\src\hotspot\share\interpreter\linkResolver.cpp, line 773]
Event: 54.395 Thread 0x000002222cb8f010 Exception <a 'java/lang/NoSuchMethodError'{0x00000000ffd339e0}: 'java.lang.Object java.lang.invoke.DirectMethodHandle$Holder.invokeVirtual(java.lang.Object, java.lang.Object, java.lang.Object, java.lang.Object, java.lang.Object, java.lang.Object)'> (0x00000000ffd339e0) 
thrown [s\open\src\hotspot\share\interpreter\linkResolver.cpp, line 773]
Event: 57.769 Thread 0x000002222cb8f010 Exception <a 'java/lang/NoSuchMethodError'{0x00000000ffacaf90}: 'java.lang.Object java.lang.invoke.DirectMethodHandle$Holder.invokeVirtual(java.lang.Object, java.lang.Object, java.lang.Object, java.lang.Object, java.lang.Object)'> (0x00000000ffacaf90) 
thrown [s\open\src\hotspot\share\interpreter\linkResolver.cpp, line 773]
Event: 57.781 Thread 0x000002222cb8f010 Exception <a 'java/lang/NoSuchMethodError'{0x00000000ffade400}: 'java.lang.Object java.lang.invoke.Invokers$Holder.invokeExact_MT(java.lang.Object, java.lang.Object, java.lang.Object, java.lang.Object, java.lang.Object, java.lang.Object)'> (0x00000000ffade400) 
thrown [s\open\src\hotspot\share\interpreter\linkResolver.cpp, line 773]
Event: 58.691 Thread 0x000002222cb8f010 Exception <a 'java/lang/NoSuchMethodError'{0x00000000ff8a2220}: 'java.lang.Object java.lang.invoke.DirectMethodHandle$Holder.invokeVirtual(java.lang.Object, java.lang.Object, java.lang.Object, java.lang.Object, java.lang.Object, java.lang.Object, java.lang.Object, java.lang.Object)'> (0x00000000ff8a2220) 
thrown [s\open\src\hotspot\share\interpreter\linkResolver.cpp, line 773]
Event: 59.073 Thread 0x000002222cb8f010 Exception <a 'java/lang/NoSuchMethodError'{0x00000000ff7c84e0}: 'java.lang.Object java.lang.invoke.DirectMethodHandle$Holder.invokeStaticInit(java.lang.Object, int, int, int, int)'> (0x00000000ff7c84e0) 
thrown [s\open\src\hotspot\share\interpreter\linkResolver.cpp, line 773]
Event: 60.585 Thread 0x000002222cb8f010 Exception <a 'java/lang/NoSuchMethodError'{0x00000000ff609bc0}: 'java.lang.Object java.lang.invoke.DirectMethodHandle$Holder.invokeStaticInit(java.lang.Object, java.lang.Object, int, int, int, int)'> (0x00000000ff609bc0) 
thrown [s\open\src\hotspot\share\interpreter\linkResolver.cpp, line 773]

VM Operations (20 events):
Event: 55.867 Executing VM operation: Cleanup
Event: 55.867 Executing VM operation: Cleanup done
Event: 56.867 Executing VM operation: Cleanup
Event: 56.867 Executing VM operation: Cleanup done
Event: 57.881 Executing VM operation: Cleanup
Event: 57.910 Executing VM operation: Cleanup done
Event: 58.291 Executing VM operation: HandshakeAllThreads
Event: 58.291 Executing VM operation: HandshakeAllThreads done
Event: 59.293 Executing VM operation: Cleanup
Event: 59.293 Executing VM operation: Cleanup done
Event: 60.310 Executing VM operation: Cleanup
Event: 60.310 Executing VM operation: Cleanup done
Event: 60.552 Executing VM operation: HandshakeAllThreads
Event: 60.552 Executing VM operation: HandshakeAllThreads done
Event: 61.554 Executing VM operation: Cleanup
Event: 61.554 Executing VM operation: Cleanup done
Event: 64.580 Executing VM operation: Cleanup
Event: 64.580 Executing VM operation: Cleanup done
Event: 64.938 Executing VM operation: HandshakeAllThreads
Event: 64.938 Executing VM operation: HandshakeAllThreads done

Events (12 events):
Event: 1.173 Thread 0x000002222cb8f010 Thread added: 0x000002222cb8f010
Event: 1.423 Thread 0x000002222cc5e5d0 Thread added: 0x000002222cc5e5d0
Event: 1.423 Thread 0x0000022246a2e0f0 Thread added: 0x0000022246a2e0f0
Event: 1.424 Thread 0x0000022246a2ea00 Thread added: 0x0000022246a2ea00
Event: 1.425 Thread 0x0000022246a32070 Thread added: 0x0000022246a32070
Event: 1.425 Thread 0x0000022246a335d0 Thread added: 0x0000022246a335d0
Event: 1.425 Thread 0x0000022246a37b30 Thread added: 0x0000022246a37b30
Event: 1.425 Thread 0x0000022246a383b0 Thread added: 0x0000022246a383b0
Event: 1.431 Thread 0x0000022246a38940 Thread added: 0x0000022246a38940
Event: 1.500 Thread 0x0000022246aa8310 Thread added: 0x0000022246aa8310
Event: 1.509 Thread 0x0000022246ab1fb0 Thread added: 0x0000022246ab1fb0
Event: 52.217 Thread 0x000002224b563420 Thread added: 0x000002224b563420


Dynamic libraries:
0x00007ff631ba0000 - 0x00007ff631bb0000 	C:\Program Files\Java\jdk-20\bin\java.exe
0x00007ffc83750000 - 0x00007ffc83948000 	C:\WINDOWS\SYSTEM32\ntdll.dll
0x00007ffc82de0000 - 0x00007ffc82e9f000 	C:\WINDOWS\System32\KERNEL32.DLL
0x00007ffc80ee0000 - 0x00007ffc811d6000 	C:\WINDOWS\System32\KERNELBASE.dll
0x00007ffc81280000 - 0x00007ffc81380000 	C:\WINDOWS\System32\ucrtbase.dll
0x00007ffc55ae0000 - 0x00007ffc55af9000 	C:\Program Files\Java\jdk-20\bin\jli.dll
0x00007ffc81e40000 - 0x00007ffc81eef000 	C:\WINDOWS\System32\ADVAPI32.dll
0x00007ffc82370000 - 0x00007ffc8240e000 	C:\WINDOWS\System32\msvcrt.dll
0x00007ffc59920000 - 0x00007ffc5993b000 	C:\Program Files\Java\jdk-20\bin\VCRUNTIME140.dll
0x00007ffc820f0000 - 0x00007ffc8218c000 	C:\WINDOWS\System32\sechost.dll
0x00007ffc83280000 - 0x00007ffc833a6000 	C:\WINDOWS\System32\RPCRT4.dll
0x00007ffc82b60000 - 0x00007ffc82cfd000 	C:\WINDOWS\System32\USER32.dll
0x00007ffc81380000 - 0x00007ffc813a2000 	C:\WINDOWS\System32\win32u.dll
0x00007ffc82080000 - 0x00007ffc820ac000 	C:\WINDOWS\System32\GDI32.dll
0x00007ffc81600000 - 0x00007ffc81715000 	C:\WINDOWS\System32\gdi32full.dll
0x00007ffc68f10000 - 0x00007ffc691aa000 	C:\WINDOWS\WinSxS\amd64_microsoft.windows.common-controls_6595b64144ccf1df_6.0.19041.1110_none_60b5254171f9507e\COMCTL32.dll
0x00007ffc81510000 - 0x00007ffc815ad000 	C:\WINDOWS\System32\msvcp_win.dll
0x00007ffc747b0000 - 0x00007ffc747ba000 	C:\WINDOWS\SYSTEM32\VERSION.dll
0x00007ffc820c0000 - 0x00007ffc820f0000 	C:\WINDOWS\System32\IMM32.DLL
0x00007ffc6bdd0000 - 0x00007ffc6bddc000 	C:\Program Files\Java\jdk-20\bin\vcruntime140_1.dll
0x00007ffc4d5c0000 - 0x00007ffc4d64e000 	C:\Program Files\Java\jdk-20\bin\msvcp140.dll
0x00007ffc2f3e0000 - 0x00007ffc30077000 	C:\Program Files\Java\jdk-20\bin\server\jvm.dll
0x00007ffc7b2b0000 - 0x00007ffc7b2b9000 	C:\WINDOWS\SYSTEM32\WSOCK32.dll
0x00007ffc82000000 - 0x00007ffc8206b000 	C:\WINDOWS\System32\WS2_32.dll
0x00007ffc74800000 - 0x00007ffc74827000 	C:\WINDOWS\SYSTEM32\WINMM.dll
0x00007ffc7ece0000 - 0x00007ffc7ecf2000 	C:\WINDOWS\SYSTEM32\kernel.appcore.dll
0x00007ffc6ba60000 - 0x00007ffc6ba6a000 	C:\Program Files\Java\jdk-20\bin\jimage.dll
0x00007ffc726f0000 - 0x00007ffc728d4000 	C:\WINDOWS\SYSTEM32\DBGHELP.DLL
0x00007ffc726a0000 - 0x00007ffc726d4000 	C:\WINDOWS\SYSTEM32\dbgcore.DLL
0x00007ffc81720000 - 0x00007ffc817a2000 	C:\WINDOWS\System32\bcryptPrimitives.dll
0x00007ffc53ae0000 - 0x00007ffc53b06000 	C:\Program Files\Java\jdk-20\bin\java.dll
0x00007ffc45850000 - 0x00007ffc45927000 	C:\Program Files\Java\jdk-20\bin\jsvml.dll
0x00007ffc82410000 - 0x00007ffc82b54000 	C:\WINDOWS\System32\SHELL32.dll
0x00007ffc7eee0000 - 0x00007ffc7f673000 	C:\WINDOWS\SYSTEM32\windows.storage.dll
0x00007ffc833b0000 - 0x00007ffc83704000 	C:\WINDOWS\System32\combase.dll
0x00007ffc807a0000 - 0x00007ffc807ce000 	C:\WINDOWS\SYSTEM32\Wldp.dll
0x00007ffc822c0000 - 0x00007ffc8236d000 	C:\WINDOWS\System32\SHCORE.dll
0x00007ffc83150000 - 0x00007ffc831a5000 	C:\WINDOWS\System32\shlwapi.dll
0x00007ffc80d70000 - 0x00007ffc80d8f000 	C:\WINDOWS\SYSTEM32\profapi.dll
0x00007ffc53f20000 - 0x00007ffc53f33000 	C:\Program Files\Java\jdk-20\bin\net.dll
0x00007ffc798c0000 - 0x00007ffc799ca000 	C:\WINDOWS\SYSTEM32\WINHTTP.dll
0x00007ffc80500000 - 0x00007ffc8056a000 	C:\WINDOWS\system32\mswsock.dll
0x00007ffc50f30000 - 0x00007ffc50f46000 	C:\Program Files\Java\jdk-20\bin\nio.dll
0x00007ffc50f10000 - 0x00007ffc50f28000 	C:\Program Files\Java\jdk-20\bin\zip.dll
0x00007ffc7b010000 - 0x00007ffc7b020000 	C:\Program Files\Java\jdk-20\bin\verify.dll
0x00007ffc6be90000 - 0x00007ffc6beb7000 	C:\Users\deari\.gradle\native\68d5fa5c4cc2d200863cafc0d521ce42e7d3e7ee720ec0a83991735586a16f82\windows-amd64\native-platform.dll
0x00007ffc6b9d0000 - 0x00007ffc6b9da000 	C:\Program Files\Java\jdk-20\bin\management.dll
0x00007ffc6b2c0000 - 0x00007ffc6b2cb000 	C:\Program Files\Java\jdk-20\bin\management_ext.dll
0x00007ffc81d40000 - 0x00007ffc81d48000 	C:\WINDOWS\System32\PSAPI.DLL
0x00007ffc80700000 - 0x00007ffc80718000 	C:\WINDOWS\SYSTEM32\CRYPTSP.dll
0x00007ffc7fe20000 - 0x00007ffc7fe54000 	C:\WINDOWS\system32\rsaenh.dll
0x00007ffc81250000 - 0x00007ffc81277000 	C:\WINDOWS\System32\bcrypt.dll
0x00007ffc80cf0000 - 0x00007ffc80d1e000 	C:\WINDOWS\SYSTEM32\USERENV.dll
0x00007ffc806f0000 - 0x00007ffc806fc000 	C:\WINDOWS\SYSTEM32\CRYPTBASE.dll
0x00007ffc801f0000 - 0x00007ffc8022c000 	C:\WINDOWS\SYSTEM32\IPHLPAPI.DLL
0x00007ffc82070000 - 0x00007ffc82078000 	C:\WINDOWS\System32\NSI.dll
0x00007ffc7a090000 - 0x00007ffc7a0a7000 	C:\WINDOWS\SYSTEM32\dhcpcsvc6.DLL
0x00007ffc7a420000 - 0x00007ffc7a43d000 	C:\WINDOWS\SYSTEM32\dhcpcsvc.DLL
0x00007ffc80230000 - 0x00007ffc802fa000 	C:\WINDOWS\SYSTEM32\DNSAPI.dll
0x00007ffc6b080000 - 0x00007ffc6b087000 	C:\Program Files\Java\jdk-20\bin\extnet.dll

dbghelp: loaded successfully - version: 4.0.5 - missing functions: none
symbol engine: initialized successfully - sym options: 0x614 - pdb path: .;C:\Program Files\Java\jdk-20\bin;C:\WINDOWS\SYSTEM32;C:\WINDOWS\WinSxS\amd64_microsoft.windows.common-controls_6595b64144ccf1df_6.0.19041.1110_none_60b5254171f9507e;C:\Program Files\Java\jdk-20\bin\server;C:\Users\deari\.gradle\native\68d5fa5c4cc2d200863cafc0d521ce42e7d3e7ee720ec0a83991735586a16f82\windows-amd64

VM Arguments:
jvm_args: -Xmx64m -Xms64m -Dorg.gradle.appname=gradlew 
java_command: org.gradle.wrapper.GradleWrapperMain tasks
java_class_path (initial): C:\Games\not_games\native_test2\android\\gradle\wrapper\gradle-wrapper.jar
Launcher Type: SUN_STANDARD

[Global flags]
     intx CICompilerCount                          = 4                                         {product} {ergonomic}
     uint ConcGCThreads                            = 2                                         {product} {ergonomic}
     uint G1ConcRefinementThreads                  = 8                                         {product} {ergonomic}
   size_t G1HeapRegionSize                         = 1048576                                   {product} {ergonomic}
    uintx GCDrainStackTargetSize                   = 64                                        {product} {ergonomic}
   size_t InitialHeapSize                          = 67108864                                  {product} {command line}
   size_t MarkStackSize                            = 4194304                                   {product} {ergonomic}
   size_t MaxHeapSize                              = 67108864                                  {product} {command line}
   size_t MaxNewSize                               = 39845888                                  {product} {ergonomic}
   size_t MinHeapDeltaBytes                        = 1048576                                   {product} {ergonomic}
   size_t MinHeapSize                              = 67108864                                  {product} {command line}
    uintx NonNMethodCodeHeapSize                   = 5839372                                {pd product} {ergonomic}
    uintx NonProfiledCodeHeapSize                  = 122909434                              {pd product} {ergonomic}
    uintx ProfiledCodeHeapSize                     = 122909434                              {pd product} {ergonomic}
    uintx ReservedCodeCacheSize                    = 251658240                              {pd product} {ergonomic}
     bool SegmentedCodeCache                       = true                                      {product} {ergonomic}
   size_t SoftMaxHeapSize                          = 67108864                               {manageable} {ergonomic}
     bool UseCompressedClassPointers               = true                           {product lp64_product} {ergonomic}
     bool UseCompressedOops                        = true                           {product lp64_product} {ergonomic}
     bool UseG1GC                                  = true                                      {product} {ergonomic}
     bool UseLargePagesIndividualAllocation        = false                                  {pd product} {ergonomic}

Logging:
Log output configuration:
 #0: stdout all=warning uptime,level,tags foldmultilines=false
 #1: stderr all=off uptime,level,tags foldmultilines=false

Environment Variables:
JAVA_HOME=C:\Program Files\Java\jdk-20
CLASSPATH=C:\Games\not_games\native_test2\android\\gradle\wrapper\gradle-wrapper.jar
PATH=C:\Games\not_games\native_test2\node_modules\.bin;C:\Games\not_games\native_test2\node_modules\.bin;C:\Games\not_games\node_modules\.bin;C:\Games\node_modules\.bin;C:\node_modules\.bin;C:\Users\deari\AppData\Roaming\npm\node_modules\npm\node_modules\@npmcli\run-script\lib\node-gyp-bin;C:\Games\not_games\native_test2\node_modules\.bin;C:\Games\not_games\node_modules\.bin;C:\Games\node_modules\.bin;C:\node_modules\.bin;C:\Users\deari\AppData\Roaming\npm\node_modules\npm\node_modules\@npmcli\run-script\lib\node-gyp-bin;C:\Program Files\Microsoft\jdk-11.0.18.10-hotspot\bin;C:\Program Files\Common Files\Oracle\Java\javapath;C:\Python311\Scripts\;C:\Python311\;C:\WINDOWS\system32;C:\WINDOWS;C:\WINDOWS\System32\Wbem;C:\WINDOWS\System32\WindowsPowerShell\v1.0\;C:\WINDOWS\System32\OpenSSH\;C:\Program Files\nodejs\;C:\ProgramData\chocolatey\bin;C:\Users\deari\AppData\Local\Microsoft\WindowsApps;C:\Users\deari\AppData\Local\Programs\Microsoft VS Code\bin;C:\Users\deari\AppData\Roaming\npm;C:\Users\deari\AppData\Local\Android\Sdk\platform-tools;
USERNAME=deari
LANG=en_US.UTF-8
OS=Windows_NT
PROCESSOR_IDENTIFIER=Intel64 Family 6 Model 42 Stepping 7, GenuineIntel
TMP=C:\Users\deari\AppData\Local\Temp
TEMP=C:\Users\deari\AppData\Local\Temp




---------------  S Y S T E M  ---------------

OS:
 Windows 10 , 64 bit Build 19041 (10.0.19041.3031)
OS uptime: 3 days 9:05 hours

CPU: total 8 (initial active 8) (4 cores per cpu, 2 threads per core) family 6 model 42 stepping 7 microcode 0x2f, cx8, cmov, fxsr, ht, mmx, sse, sse2, sse3, ssse3, sse4.1, sse4.2, popcnt, tsc, tscinvbit, avx, aes, clmul, vzeroupper, clflush, rdtscp

Memory: 4k page, system-wide physical 8139M (178M free)
TotalPageFile size 32715M (AvailPageFile size 139M)
current process WorkingSet (physical memory assigned to process): 75M, peak: 84M
current process commit charge ("private bytes"): 160M, peak: 160M

vm_info: Java HotSpot(TM) 64-Bit Server VM (20.0.1+9-29) for windows-amd64 JRE (20.0.1+9-29), built on 2023-03-07T13:56:11Z by "mach5one" with MS VC++ 17.1 (VS2022)

END.
