#
# There is insufficient memory for the Java Runtime Environment to continue.
# Native memory allocation (malloc) failed to allocate 32744 bytes for Chunk::new
# Possible reasons:
#   The system is out of physical RAM or swap space
#   The process is running with CompressedOops enabled, and the Java Heap may be blocking the growth of the native heap
# Possible solutions:
#   Reduce memory load on the system
#   Increase physical memory or swap space
#   Check if swap backing store is full
#   Decrease Java heap size (-Xmx/-Xms)
#   Decrease number of Java threads
#   Decrease Java thread stack sizes (-Xss)
#   Set larger code cache with -XX:ReservedCodeCacheSize=
#   JVM is running with Unscaled Compressed Oops mode in which the Java heap is
#     placed in the first 4GB address space. The Java Heap base address is the
#     maximum limit for the native heap growth. Please use -XX:HeapBaseMinAddress
#     to set the Java Heap base and to place the Java Heap above 4GB virtual address.
# This output file may be truncated or incomplete.
#
#  Out of Memory Error (arena.cpp:184), pid=16652, tid=23500
#
# JRE version: Java(TM) SE Runtime Environment (20.0.1+9) (build 20.0.1+9-29)
# Java VM: Java HotSpot(TM) 64-Bit Server VM (20.0.1+9-29, mixed mode, sharing, tiered, compressed oops, compressed class ptrs, g1 gc, windows-amd64)
# No core dump will be written. Minidumps are not enabled by default on client versions of Windows
#

---------------  S U M M A R Y ------------

Command Line: -Xmx64m -Xms64m -Dorg.gradle.appname=gradlew org.gradle.wrapper.GradleWrapperMain tasks

Host: Intel(R) Core(TM) i7-2670QM CPU @ 2.20GHz, 8 cores, 7G,  Windows 10 , 64 bit Build 19041 (10.0.19041.3031)
Time: Fri Jun 30 22:58:08 2023 FLE Daylight Time elapsed time: 58.699246 seconds (0d 0h 0m 58s)

---------------  T H R E A D  ---------------

Current thread (0x00000250b891f790):  JavaThread "main" [_thread_in_vm, id=23500, stack(0x00000083f6700000,0x00000083f6800000)]

Stack: [0x00000083f6700000,0x00000083f6800000]
Native frames: (J=compiled Java code, j=interpreted, Vv=VM code, C=native code)
V  [jvm.dll+0x6bb95a]
V  [jvm.dll+0x8485fa]
V  [jvm.dll+0x84a1f5]
V  [jvm.dll+0x84a8f3]
V  [jvm.dll+0x280b0f]
V  [jvm.dll+0xc2b11]
V  [jvm.dll+0xc2e35]
V  [jvm.dll+0x3e8254]
V  [jvm.dll+0x3ecf4e]
V  [jvm.dll+0x3e8f62]
V  [jvm.dll+0x3e887e]
V  [jvm.dll+0x4729c6]
C  [java.dll+0x70fa]

Java frames: (J=compiled Java code, j=interpreted, Vv=VM code)
J 715  java.lang.Throwable.fillInStackTrace(I)Ljava/lang/Throwable; java.base@20.0.1 (0 bytes) @ 0x00000250c84eb173 [0x00000250c84eb120+0x0000000000000053]
J 714 c1 java.lang.Throwable.fillInStackTrace()Ljava/lang/Throwable; java.base@20.0.1 (29 bytes) @ 0x00000250c0b24e04 [0x00000250c0b24cc0+0x0000000000000144]
j  java.lang.Throwable.<init>(Ljava/lang/String;Ljava/lang/Throwable;)V+24 java.base@20.0.1
J 716 c1 java.lang.ClassNotFoundException.<init>(Ljava/lang/String;)V java.base@20.0.1 (7 bytes) @ 0x00000250c0b2534c [0x00000250c0b25240+0x000000000000010c]
J 719 c1 java.net.URLClassLoader.findClass(Ljava/lang/String;)Ljava/lang/Class; java.base@20.0.1 (47 bytes) @ 0x00000250c0b261f4 [0x00000250c0b25e80+0x0000000000000374]
J 623 c1 java.lang.ClassLoader.loadClass(Ljava/lang/String;Z)Ljava/lang/Class; java.base@20.0.1 (121 bytes) @ 0x00000250c0aeb474 [0x00000250c0aeaec0+0x00000000000005b4]
J 623 c1 java.lang.ClassLoader.loadClass(Ljava/lang/String;Z)Ljava/lang/Class; java.base@20.0.1 (121 bytes) @ 0x00000250c0aeb24c [0x00000250c0aeaec0+0x000000000000038c]
J 725 c1 java.lang.ClassLoader.loadClass(Ljava/lang/String;)Ljava/lang/Class; java.base@20.0.1 (7 bytes) @ 0x00000250c0b28534 [0x00000250c0b28420+0x0000000000000114]
v  ~StubRoutines::call_stub 0x00000250c7f1100d
j  java.lang.ClassLoader.defineClass1(Ljava/lang/ClassLoader;Ljava/lang/String;[BIILjava/security/ProtectionDomain;Ljava/lang/String;)Ljava/lang/Class;+0 java.base@20.0.1
j  java.lang.ClassLoader.defineClass(Ljava/lang/String;[BIILjava/security/ProtectionDomain;)Ljava/lang/Class;+27 java.base@20.0.1
j  java.security.SecureClassLoader.defineClass(Ljava/lang/String;[BIILjava/security/CodeSource;)Ljava/lang/Class;+12 java.base@20.0.1
j  java.net.URLClassLoader.defineClass(Ljava/lang/String;Ljdk/internal/loader/Resource;)Ljava/lang/Class;+220 java.base@20.0.1
j  java.net.URLClassLoader$1.run()Ljava/lang/Class;+43 java.base@20.0.1
j  java.net.URLClassLoader$1.run()Ljava/lang/Object;+1 java.base@20.0.1
J 643 c1 java.security.AccessController.doPrivileged(Ljava/security/PrivilegedExceptionAction;Ljava/security/AccessControlContext;)Ljava/lang/Object; java.base@20.0.1 (26 bytes) @ 0x00000250c0afaee4 [0x00000250c0afad00+0x00000000000001e4]
J 719 c1 java.net.URLClassLoader.findClass(Ljava/lang/String;)Ljava/lang/Class; java.base@20.0.1 (47 bytes) @ 0x00000250c0b2602c [0x00000250c0b25e80+0x00000000000001ac]
J 623 c1 java.lang.ClassLoader.loadClass(Ljava/lang/String;Z)Ljava/lang/Class; java.base@20.0.1 (121 bytes) @ 0x00000250c0aeb474 [0x00000250c0aeaec0+0x00000000000005b4]
J 725 c1 java.lang.ClassLoader.loadClass(Ljava/lang/String;)Ljava/lang/Class; java.base@20.0.1 (7 bytes) @ 0x00000250c0b28534 [0x00000250c0b28420+0x0000000000000114]
v  ~StubRoutines::call_stub 0x00000250c7f1100d
j  java.lang.ClassLoader.defineClass1(Ljava/lang/ClassLoader;Ljava/lang/String;[BIILjava/security/ProtectionDomain;Ljava/lang/String;)Ljava/lang/Class;+0 java.base@20.0.1
j  java.lang.ClassLoader.defineClass(Ljava/lang/String;[BIILjava/security/ProtectionDomain;)Ljava/lang/Class;+27 java.base@20.0.1
j  java.security.SecureClassLoader.defineClass(Ljava/lang/String;[BIILjava/security/CodeSource;)Ljava/lang/Class;+12 java.base@20.0.1
j  java.net.URLClassLoader.defineClass(Ljava/lang/String;Ljdk/internal/loader/Resource;)Ljava/lang/Class;+220 java.base@20.0.1
j  java.net.URLClassLoader$1.run()Ljava/lang/Class;+43 java.base@20.0.1
j  java.net.URLClassLoader$1.run()Ljava/lang/Object;+1 java.base@20.0.1
J 643 c1 java.security.AccessController.doPrivileged(Ljava/security/PrivilegedExceptionAction;Ljava/security/AccessControlContext;)Ljava/lang/Object; java.base@20.0.1 (26 bytes) @ 0x00000250c0afaee4 [0x00000250c0afad00+0x00000000000001e4]
J 719 c1 java.net.URLClassLoader.findClass(Ljava/lang/String;)Ljava/lang/Class; java.base@20.0.1 (47 bytes) @ 0x00000250c0b2602c [0x00000250c0b25e80+0x00000000000001ac]
J 623 c1 java.lang.ClassLoader.loadClass(Ljava/lang/String;Z)Ljava/lang/Class; java.base@20.0.1 (121 bytes) @ 0x00000250c0aeb474 [0x00000250c0aeaec0+0x00000000000005b4]
J 725 c1 java.lang.ClassLoader.loadClass(Ljava/lang/String;)Ljava/lang/Class; java.base@20.0.1 (7 bytes) @ 0x00000250c0b28534 [0x00000250c0b28420+0x0000000000000114]
v  ~StubRoutines::call_stub 0x00000250c7f1100d
j  org.gradle.launcher.cli.DefaultCommandLineActionFactory.convert(Ljava/util/List;)Lorg/gradle/launcher/bootstrap/CommandLineActionFactory$CommandLineExecution;+20
j  org.gradle.launcher.Main.doAction([Ljava/lang/String;Lorg/gradle/launcher/bootstrap/ExecutionListener;)V+8
j  org.gradle.launcher.bootstrap.EntryPoint.run([Ljava/lang/String;)V+12
j  java.lang.invoke.DirectMethodHandle$Holder.invokeVirtual(Ljava/lang/Object;Ljava/lang/Object;Ljava/lang/Object;)V+11 java.base@20.0.1
j  java.lang.invoke.LambdaForm$MH+0x0000000801012800.invoke(Ljava/lang/Object;Ljava/lang/Object;Ljava/lang/Object;)Ljava/lang/Object;+52 java.base@20.0.1
j  java.lang.invoke.Invokers$Holder.invokeExact_MT(Ljava/lang/Object;Ljava/lang/Object;Ljava/lang/Object;Ljava/lang/Object;)Ljava/lang/Object;+20 java.base@20.0.1
j  jdk.internal.reflect.DirectMethodHandleAccessor.invokeImpl(Ljava/lang/Object;[Ljava/lang/Object;)Ljava/lang/Object;+55 java.base@20.0.1
j  jdk.internal.reflect.DirectMethodHandleAccessor.invoke(Ljava/lang/Object;[Ljava/lang/Object;)Ljava/lang/Object;+23 java.base@20.0.1
j  java.lang.reflect.Method.invoke(Ljava/lang/Object;[Ljava/lang/Object;)Ljava/lang/Object;+102 java.base@20.0.1
j  org.gradle.launcher.bootstrap.ProcessBootstrap.runNoExit(Ljava/lang/String;[Ljava/lang/String;)V+159
j  org.gradle.launcher.bootstrap.ProcessBootstrap.run(Ljava/lang/String;[Ljava/lang/String;)V+2
j  java.lang.invoke.LambdaForm$DMH+0x0000000801008400.invokeStatic(Ljava/lang/Object;Ljava/lang/Object;Ljava/lang/Object;)V+11 java.base@20.0.1
j  java.lang.invoke.LambdaForm$MH+0x0000000801009c00.invoke(Ljava/lang/Object;Ljava/lang/Object;Ljava/lang/Object;Ljava/lang/Object;)Ljava/lang/Object;+54 java.base@20.0.1
j  java.lang.invoke.LambdaForm$MH+0x000000080100a000.invokeExact_MT(Ljava/lang/Object;Ljava/lang/Object;Ljava/lang/Object;Ljava/lang/Object;Ljava/lang/Object;)Ljava/lang/Object;+22 java.base@20.0.1
j  jdk.internal.reflect.DirectMethodHandleAccessor.invokeImpl(Ljava/lang/Object;[Ljava/lang/Object;)Ljava/lang/Object;+72 java.base@20.0.1
j  jdk.internal.reflect.DirectMethodHandleAccessor.invoke(Ljava/lang/Object;[Ljava/lang/Object;)Ljava/lang/Object;+23 java.base@20.0.1
j  java.lang.reflect.Method.invoke(Ljava/lang/Object;[Ljava/lang/Object;)Ljava/lang/Object;+102 java.base@20.0.1
j  org.gradle.launcher.GradleMain.main([Ljava/lang/String;)V+100
j  java.lang.invoke.LambdaForm$DMH+0x0000000801004400.invokeStatic(Ljava/lang/Object;Ljava/lang/Object;)V+10 java.base@20.0.1
j  java.lang.invoke.LambdaForm$MH+0x0000000801008000.invoke(Ljava/lang/Object;Ljava/lang/Object;Ljava/lang/Object;)Ljava/lang/Object;+33 java.base@20.0.1
j  java.lang.invoke.Invokers$Holder.invokeExact_MT(Ljava/lang/Object;Ljava/lang/Object;Ljava/lang/Object;Ljava/lang/Object;)Ljava/lang/Object;+20 java.base@20.0.1
j  jdk.internal.reflect.DirectMethodHandleAccessor.invokeImpl(Ljava/lang/Object;[Ljava/lang/Object;)Ljava/lang/Object;+55 java.base@20.0.1
j  jdk.internal.reflect.DirectMethodHandleAccessor.invoke(Ljava/lang/Object;[Ljava/lang/Object;)Ljava/lang/Object;+23 java.base@20.0.1
j  java.lang.reflect.Method.invoke(Ljava/lang/Object;[Ljava/lang/Object;)Ljava/lang/Object;+102 java.base@20.0.1
j  org.gradle.wrapper.BootstrapMainStarter.start([Ljava/lang/String;Ljava/io/File;)V+105
j  org.gradle.wrapper.WrapperExecutor.execute([Ljava/lang/String;Lorg/gradle/wrapper/Install;Lorg/gradle/wrapper/BootstrapMainStarter;)V+14
j  org.gradle.wrapper.GradleWrapperMain.main([Ljava/lang/String;)V+206
v  ~StubRoutines::call_stub 0x00000250c7f1100d

Compiled method (n/a)   59885  715     n 0       java.lang.Throwable::fillInStackTrace (native)
 total in heap  [0x00000250c84eaf90,0x00000250c84eb540] = 1456
 relocation     [0x00000250c84eb0d8,0x00000250c84eb110] = 56
 main code      [0x00000250c84eb120,0x00000250c84eb53c] = 1052
 stub code      [0x00000250c84eb53c,0x00000250c84eb540] = 4

[Constant Pool (empty)]

[MachCode]
[Entry Point]
  # {method} {0x000000080045f370} 'fillInStackTrace' '(I)Ljava/lang/Throwable;' in 'java/lang/Throwable'
  # this:     rdx:rdx   = 'java/lang/Throwable'
  # parm0:    r8        = int
  #           [sp+0x70]  (sp of caller)
  0x00000250c84eb120: 448b 5208 | 49bb 0000 | 0000 0800 | 0000 4d03 | d349 3bc2 | 0f84 0600 

  0x00000250c84eb138: ;   {runtime_call ic_miss_stub}
  0x00000250c84eb138: 0000 e9c1 | 8ca8 ff90 
[Verified Entry Point]
  0x00000250c84eb140: 8984 2400 | 80ff ff55 | 488b ec48 | 83ec 6090 | 4181 7f20 | 0100 0000 

  0x00000250c84eb158: ;   {runtime_call StubRoutines (2)}
  0x00000250c84eb158: 7405 e8a1 | aba6 ff48 | 8954 2420 | 4883 fa00 | 488d 5424 | 2048 0f44 | 5424 20c5 

  0x00000250c84eb174: ;   {internal_word}
  0x00000250c84eb174: f877 49ba | 73b1 4ec8 | 5002 0000 | 4d89 97c8 | 0200 0049 | 89a7 c002 

  0x00000250c84eb18c: ;   {external_word}
  0x00000250c84eb18c: 0000 49ba | e109 f92f | fc7f 0000 | 4180 3a00 | 0f84 4a00 | 0000 5241 

  0x00000250c84eb1a4: ;   {metadata({method} {0x000000080045f370} 'fillInStackTrace' '(I)Ljava/lang/Throwable;' in 'java/lang/Throwable')}
  0x00000250c84eb1a4: 5048 ba68 | f345 0008 | 0000 0049 | 8bcf 4883 | ec20 40f6 | c40f 0f84 | 1900 0000 | 4883 ec08 
  0x00000250c84eb1c4: ;   {runtime_call}
  0x00000250c84eb1c4: 48b8 a006 | b02f fc7f | 0000 ffd0 | 4883 c408 | e90c 0000 

  0x00000250c84eb1d8: ;   {runtime_call}
  0x00000250c84eb1d8: 0048 b8a0 | 06b0 2ffc | 7f00 00ff | d048 83c4 | 2041 585a | 498d 8fe0 | 0200 0041 | c787 7403 
  0x00000250c84eb1f8: 0000 0400 

  0x00000250c84eb1fc: ;   {runtime_call}
  0x00000250c84eb1fc: 0000 48b8 | ec70 ae53 | fc7f 0000 | ffd0 c5f8 | 7741 c787 | 7403 0000 | 0500 0000 | f083 4424 
  0x00000250c84eb21c: c000 493b | af78 0300 | 000f 870e | 0000 0041 | 83bf 7003 | 0000 000f | 842b 0000 | 00c5 f877 
  0x00000250c84eb23c: 4889 45f8 | 498b cf4c | 8be4 4883 | ec20 4883 

  0x00000250c84eb24c: ;   {runtime_call}
  0x00000250c84eb24c: e4f0 48b8 | 60fc 7c2f | fc7f 0000 | ffd0 498b | e44d 33e4 | 488b 45f8 | 41c7 8774 | 0300 0008 
  0x00000250c84eb26c: 0000 0041 | 83bf f003 | 0000 020f | 8492 0200 

  0x00000250c84eb27c: ;   {external_word}
  0x00000250c84eb27c: 0049 bae1 | 09f9 2ffc | 7f00 0041 | 803a 000f | 844c 0000 | 0048 8945 

  0x00000250c84eb294: ;   {metadata({method} {0x000000080045f370} 'fillInStackTrace' '(I)Ljava/lang/Throwable;' in 'java/lang/Throwable')}
  0x00000250c84eb294: f848 ba68 | f345 0008 | 0000 0049 | 8bcf 4883 | ec20 40f6 | c40f 0f84 | 1900 0000 | 4883 ec08 
  0x00000250c84eb2b4: ;   {runtime_call}
  0x00000250c84eb2b4: 48b8 a006 | b02f fc7f | 0000 ffd0 | 4883 c408 | e90c 0000 

  0x00000250c84eb2c8: ;   {runtime_call}
  0x00000250c84eb2c8: 0048 b8a0 | 06b0 2ffc | 7f00 00ff | d048 83c4 | 2048 8b45 | f849 c787 | c002 0000 | 0000 0000 
  0x00000250c84eb2e8: 49c7 87c8 | 0200 0000 | 0000 00c5 | f877 4885 | c00f 84ed | 0100 00a8 | 010f 84e2 | 0100 0048 
  0x00000250c84eb308: 8b40 ff41 | 807f 4000 | 0f84 ce01 | 0000 4883 | f800 0f84 | c401 0000 | 498b 4f28 | 4883 f900 
  0x00000250c84eb328: 0f84 1400 | 0000 4883 | e908 4989 | 4f28 4903 | 4f38 4889 | 01e9 a201 | 0000 4881 | ecd0 0000 
  0x00000250c84eb348: 0048 8904 | 2448 894c | 2408 4889 | 5424 1048 | 8974 2418 | 4889 7c24 | 204c 8944 | 2428 4c89 
  0x00000250c84eb368: 4c24 304c | 8954 2438 | 4c89 5c24 | 40c5 fb11 | 4424 50c5 | fb11 4c24 | 58c5 fb11 | 5424 60c5 
  0x00000250c84eb388: fb11 5c24 | 68c5 fb11 | 6424 70c5 | fb11 6c24 | 78c5 fb11 | b424 8000 | 0000 c5fb | 11bc 2488 
  0x00000250c84eb3a8: 0000 00c5 | 7b11 8424 | 9000 0000 | c57b 118c | 2498 0000 | 00c5 7b11 | 9424 a000 | 0000 c57b 
  0x00000250c84eb3c8: 119c 24a8 | 0000 00c5 | 7b11 a424 | b000 0000 | c57b 11ac | 24b8 0000 | 00c5 7b11 | b424 c000 
  0x00000250c84eb3e8: 0000 c57b | 11bc 24c8 | 0000 0049 | 8bd7 488b | c848 83ec | 2040 f6c4 | 0f0f 8419 | 0000 0048 
  0x00000250c84eb408: ;   {runtime_call}
  0x00000250c84eb408: 83ec 0848 | b800 3d70 | 2ffc 7f00 | 00ff d048 | 83c4 08e9 | 0c00 0000 

  0x00000250c84eb420: ;   {runtime_call}
  0x00000250c84eb420: 48b8 003d | 702f fc7f | 0000 ffd0 | 4883 c420 | c57b 10bc | 24c8 0000 | 00c5 7b10 | b424 c000 
  0x00000250c84eb440: 0000 c57b | 10ac 24b8 | 0000 00c5 | 7b10 a424 | b000 0000 | c57b 109c | 24a8 0000 | 00c5 7b10 
  0x00000250c84eb460: 9424 a000 | 0000 c57b | 108c 2498 | 0000 00c5 | 7b10 8424 | 9000 0000 | c5fb 10bc | 2488 0000 
  0x00000250c84eb480: 00c5 fb10 | b424 8000 | 0000 c5fb | 106c 2478 | c5fb 1064 | 2470 c5fb | 105c 2468 | c5fb 1054 
  0x00000250c84eb4a0: 2460 c5fb | 104c 2458 | c5fb 1044 | 2450 4c8b | 5c24 404c | 8b54 2438 | 4c8b 4c24 | 304c 8b44 
  0x00000250c84eb4c0: 2428 488b | 7c24 2048 | 8b74 2418 | 488b 5424 | 1048 8b4c | 2408 488b | 0424 4881 | c4d0 0000 
  0x00000250c84eb4e0: 00c5 f877 | e903 0000 | 0048 8b00 | 498b 8f50 | 0300 00c7 | 8100 0100 | 0000 0000 | 00c9 4983 
  0x00000250c84eb500: 7f08 000f | 8501 0000 

  0x00000250c84eb508: ;   {runtime_call StubRoutines (1)}
  0x00000250c84eb508: 00c3 e9f1 | 59a2 ffc5 | f877 4889 | 45f8 4c8b | e448 83ec | 2048 83e4 

  0x00000250c84eb520: ;   {runtime_call}
  0x00000250c84eb520: f048 b840 | 3db0 2ffc | 7f00 00ff | d049 8be4 | 4d33 e448 | 8b45 f8e9 | 41fd ffff 
[Stub Code]
  0x00000250c84eb53c: f4f4 f4f4 
[/MachCode]


Compiled method (c1)   60137  714  s    3       java.lang.Throwable::fillInStackTrace (29 bytes)
 total in heap  [0x00000250c0b24b10,0x00000250c0b25038] = 1320
 relocation     [0x00000250c0b24c58,0x00000250c0b24ca8] = 80
 main code      [0x00000250c0b24cc0,0x00000250c0b24f78] = 696
 stub code      [0x00000250c0b24f78,0x00000250c0b24fb8] = 64
 metadata       [0x00000250c0b24fb8,0x00000250c0b24fc0] = 8
 scopes data    [0x00000250c0b24fc0,0x00000250c0b24fe0] = 32
 scopes pcs     [0x00000250c0b24fe0,0x00000250c0b25030] = 80
 dependencies   [0x00000250c0b25030,0x00000250c0b25038] = 8

[Constant Pool (empty)]

[MachCode]
[Entry Point]
  # {method} {0x000000080000c8a8} 'fillInStackTrace' '()Ljava/lang/Throwable;' in 'java/lang/Throwable'
  #           [sp+0x50]  (sp of caller)
  0x00000250c0b24cc0: 448b 5208 | 49bb 0000 | 0000 0800 | 0000 4d03 | d34c 3bd0 

  0x00000250c0b24cd4: ;   {runtime_call ic_miss_stub}
  0x00000250c0b24cd4: 0f85 26f1 | 4407 660f | 1f44 0000 
[Verified Entry Point]
  0x00000250c0b24ce0: 8984 2400 | 80ff ff55 | 4883 ec40 | 4181 7f20 | 0100 0000 

  0x00000250c0b24cf4: ;   {runtime_call StubRoutines (2)}
  0x00000250c0b24cf4: 7405 e805 | 1043 074c | 8d44 2428 | 4989 5008 | 488b 0248 | 83c8 0149 | 8900 f04c | 0fb1 020f 
  0x00000250c0b24d14: 8412 0000 | 0048 2bc4 | 4825 07f0 | ffff 4989 | 000f 8555 | 0100 0049 | ff87 7804 

  0x00000250c0b24d30: ;   {metadata(method data for {method} {0x000000080000c8a8} 'fillInStackTrace' '()Ljava/lang/Throwable;' in 'java/lang/Throwable')}
  0x00000250c0b24d30: 0000 49b8 | 7853 d8d2 | 5002 0000 | 418b b0cc | 0000 0083 | c602 4189 | b0cc 0000 | 0081 e6fe 
  0x00000250c0b24d50: 0700 0083 | fe00 0f84 | 3701 0000 | 448b 421c | 4983 f800 

  0x00000250c0b24d64: ;   {metadata(method data for {method} {0x000000080000c8a8} 'fillInStackTrace' '()Ljava/lang/Throwable;' in 'java/lang/Throwable')}
  0x00000250c0b24d64: 49b8 7853 | d8d2 5002 | 0000 48be | 1001 0000 | 0000 0000 | 0f85 0a00 | 0000 48be | 2001 0000 
  0x00000250c0b24d84: 0000 0000 | 498b 3c30 | 488d 7f01 | 4989 3c30 | 0f85 3e00 | 0000 448b | 4210 4983 

  0x00000250c0b24da0: ;   {metadata(method data for {method} {0x000000080000c8a8} 'fillInStackTrace' '()Ljava/lang/Throwable;' in 'java/lang/Throwable')}
  0x00000250c0b24da0: f800 49b8 | 7853 d8d2 | 5002 0000 | 48be 3001 | 0000 0000 | 0000 0f84 | 0a00 0000 | 48be 4001 
  0x00000250c0b24dc0: 0000 0000 | 0000 498b | 3c30 488d | 7f01 4989 | 3c30 0f84 | 6b00 0000 

  0x00000250c0b24dd8: ;   {metadata(method data for {method} {0x000000080000c8a8} 'fillInStackTrace' '()Ljava/lang/Throwable;' in 'java/lang/Throwable')}
  0x00000250c0b24dd8: 4c8b c248 | be78 53d8 | d250 0200 | 0048 8386 | 5001 0000 | 0141 b800 | 0000 0048 | 8bf2 488b 
  0x00000250c0b24df8: d648 8974 

  0x00000250c0b24dfc: ;   {optimized virtual_call}
  0x00000250c0b24dfc: 2420 90e8 

  0x00000250c0b24e00: ; ImmutableOopMap {[32]=Oop [48]=Oop }
                      ;*invokevirtual fillInStackTrace {reexecute=0 rethrow=0 return_oop=0}
                      ; - java.lang.Throwable::fillInStackTrace@16 (line 820)
  0x00000250c0b24e00: 3c63 9c07 | 410f be47 | 4083 f800 | 488b 5424 | 200f 859d 

  0x00000250c0b24e14: ;   {oop(a 'java/lang/StackTraceElement'[0] {0x00000000fff2b158})}
  0x00000250c0b24e14: 0000 0049 | ba58 b1f2 | ff00 0000 | 0044 8952 

  0x00000250c0b24e24: ;   {oop(a 'java/lang/StackTraceElement'[0] {0x00000000fff2b158})}
  0x00000250c0b24e24: 1c48 b858 | b1f2 ff00 | 0000 0048 | 8bf2 4833 | f048 c1ee | 1448 83fe | 000f 858c | 0000 0048 
  0x00000250c0b24e44: 8d44 2428 | 488b 3048 | 85f6 0f84 | 0f00 0000 | 488b 7808 | f048 0fb1 | 370f 8584 | 0000 0049 
  0x00000250c0b24e64: ff8f 7804 | 0000 488b | c248 83c4 

  0x00000250c0b24e70: ;   {poll_return}
  0x00000250c0b24e70: 405d 493b | a778 0300 | 000f 877b | 0000 00c3 | 4889 5424 | 084c 8904 

  0x00000250c0b24e88: ;   {runtime_call monitorenter_nofpu Runtime1 stub}
  0x00000250c0b24e88: 24e8 72ec 

  0x00000250c0b24e8c: ; ImmutableOopMap {rdx=Oop [48]=Oop }
                      ;*synchronization entry
                      ; - java.lang.Throwable::fillInStackTrace@-1 (line 818)
  0x00000250c0b24e8c: 5107 e99f 

  0x00000250c0b24e90: ;   {metadata({method} {0x000000080000c8a8} 'fillInStackTrace' '()Ljava/lang/Throwable;' in 'java/lang/Throwable')}
  0x00000250c0b24e90: feff ff49 | baa0 c800 | 0008 0000 | 004c 8954 | 2408 48c7 | 0424 ffff 

  0x00000250c0b24ea8: ;   {runtime_call counter_overflow Runtime1 stub}
  0x00000250c0b24ea8: ffff e851 

  0x00000250c0b24eac: ; ImmutableOopMap {rdx=Oop [48]=Oop }
                      ;*synchronization entry
                      ; - java.lang.Throwable::fillInStackTrace@-1 (line 818)
  0x00000250c0b24eac: 0d52 07e9 | a8fe ffff | 8b42 1c48 | 83f8 000f | 8456 ffff | ff48 8904 

  0x00000250c0b24ec4: ;   {runtime_call g1_pre_barrier_slow}
  0x00000250c0b24ec4: 24e8 3613 | 5207 e948 | ffff ff48 | 83f8 000f | 846a ffff | ff48 8914 

  0x00000250c0b24edc: ;   {runtime_call g1_post_barrier_slow}
  0x00000250c0b24edc: 24e8 1e16 | 5207 e95c | ffff ff48 | 8d44 2428 | 4889 0424 

  0x00000250c0b24ef0: ;   {runtime_call monitorexit_nofpu Runtime1 stub}
  0x00000250c0b24ef0: e80b f251 | 07e9 70ff 

  0x00000250c0b24ef8: ;   {internal_word}
  0x00000250c0b24ef8: ffff 49ba | 724e b2c0 | 5002 0000 | 4d89 9790 

  0x00000250c0b24f08: ;   {runtime_call SafepointBlob}
  0x00000250c0b24f08: 0300 00e9 | 705e 4507 | 498b 8728 | 0400 0049 | c787 2804 | 0000 0000 | 0000 49c7 | 8730 0400 
  0x00000250c0b24f28: 0000 0000 | 0048 8bd8 | 488d 4424 | 2848 8b38 | 4885 ff0f | 840f 0000 | 0048 8b70 | 08f0 480f 
  0x00000250c0b24f48: b13e 0f85 | 1400 0000 | 49ff 8f78 | 0400 0048 | 8bc3 4883 

  0x00000250c0b24f5c: ;   {runtime_call unwind_exception Runtime1 stub}
  0x00000250c0b24f5c: c440 5de9 | 9cac 5107 | 488d 4424 | 2848 8904 

  0x00000250c0b24f6c: ;   {runtime_call monitorexit_nofpu Runtime1 stub}
  0x00000250c0b24f6c: 24e8 8ef1 | 5107 ebe3 | f4f4 f4f4 
[Exception Handler]
  0x00000250c0b24f78: ;   {no_reloc}
  0x00000250c0b24f78: e883 d951 

  0x00000250c0b24f7c: ;   {external_word}
  0x00000250c0b24f7c: 0748 b9b0 | 23d3 2ffc | 7f00 0048 

  0x00000250c0b24f88: ;   {runtime_call}
  0x00000250c0b24f88: 83e4 f048 | b820 169f | 2ffc 7f00 | 00ff d0f4 
[Deopt Handler Code]
  0x00000250c0b24f98: ;   {section_word}
  0x00000250c0b24f98: 49ba 984f | b2c0 5002 | 0000 4152 

  0x00000250c0b24fa4: ;   {runtime_call DeoptimizationBlob}
  0x00000250c0b24fa4: e977 5045 

  0x00000250c0b24fa8: ;   {static_stub}
  0x00000250c0b24fa8: 0748 bb00 | 0000 0000 

  0x00000250c0b24fb0: ;   {runtime_call}
  0x00000250c0b24fb0: 0000 00e9 | fbff ffff 
[/MachCode]


Compiled method (c1)   60380  716       3       java.lang.ClassNotFoundException::<init> (7 bytes)
 total in heap  [0x00000250c0b25090,0x00000250c0b25500] = 1136
 relocation     [0x00000250c0b251d8,0x00000250c0b25228] = 80
 main code      [0x00000250c0b25240,0x00000250c0b25400] = 448
 stub code      [0x00000250c0b25400,0x00000250c0b25440] = 64
 metadata       [0x00000250c0b25440,0x00000250c0b25458] = 24
 scopes data    [0x00000250c0b25458,0x00000250c0b25498] = 64
 scopes pcs     [0x00000250c0b25498,0x00000250c0b254f8] = 96
 dependencies   [0x00000250c0b254f8,0x00000250c0b25500] = 8

[Constant Pool (empty)]

[MachCode]
[Entry Point]
  # {method} {0x000000080006bf68} '<init>' '(Ljava/lang/String;)V' in 'java/lang/ClassNotFoundException'
  # this:     rdx:rdx   = 'java/lang/ClassNotFoundException'
  # parm0:    r8:r8     = 'java/lang/String'
  #           [sp+0x80]  (sp of caller)
  0x00000250c0b25240: 448b 5208 | 49bb 0000 | 0000 0800 | 0000 4d03 | d34c 3bd0 

  0x00000250c0b25254: ;   {runtime_call ic_miss_stub}
  0x00000250c0b25254: 0f85 a6eb | 4407 660f | 1f44 0000 
[Verified Entry Point]
  0x00000250c0b25260: 8984 2400 | 80ff ff55 | 4883 ec70 | 4181 7f20 | 0100 0000 

  0x00000250c0b25274: ;   {runtime_call StubRoutines (2)}
  0x00000250c0b25274: 7405 e885 

  0x00000250c0b25278: ;   {metadata(method data for {method} {0x000000080006bf68} '<init>' '(Ljava/lang/String;)V' in 'java/lang/ClassNotFoundException')}
  0x00000250c0b25278: 0a43 0749 | b940 55d8 | d250 0200 | 0041 8bb1 | cc00 0000 | 83c6 0241 | 89b1 cc00 | 0000 81e6 
  0x00000250c0b25298: fe07 0000 | 83fe 000f | 84ba 0000 | 004c 8bca 

  0x00000250c0b252a8: ;   {metadata(method data for {method} {0x000000080006bf68} '<init>' '(Ljava/lang/String;)V' in 'java/lang/ClassNotFoundException')}
  0x00000250c0b252a8: 48be 4055 | d8d2 5002 | 0000 4883 | 8610 0100 

  0x00000250c0b252b8: ;   {metadata(method data for {method} {0x000000080040e8d0} '<init>' '(Ljava/lang/String;Ljava/lang/Throwable;)V' in 'java/lang/ReflectiveOperationException')}
  0x00000250c0b252b8: 0001 49b9 | 8856 d8d2 | 5002 0000 | 418b b1cc | 0000 0083 | c602 4189 | b1cc 0000 | 0081 e6fe 
  0x00000250c0b252d8: ff1f 0083 | fe00 0f84 | 9c00 0000 

  0x00000250c0b252e4: ;   {metadata(method data for {method} {0x000000080040e8d0} '<init>' '(Ljava/lang/String;Ljava/lang/Throwable;)V' in 'java/lang/ReflectiveOperationException')}
  0x00000250c0b252e4: 4c8b ca48 | be88 56d8 | d250 0200 | 0048 8386 | 1001 0000 

  0x00000250c0b252f8: ;   {metadata(method data for {method} {0x000000080045e250} '<init>' '(Ljava/lang/String;Ljava/lang/Throwable;)V' in 'java/lang/Exception')}
  0x00000250c0b252f8: 0149 b9d8 | 57d8 d250 | 0200 0041 | 8bb1 cc00 | 0000 83c6 | 0241 89b1 | cc00 0000 | 81e6 feff 
  0x00000250c0b25318: 1f00 83fe | 000f 847e | 0000 004c 

  0x00000250c0b25324: ;   {metadata(method data for {method} {0x000000080045e250} '<init>' '(Ljava/lang/String;Ljava/lang/Throwable;)V' in 'java/lang/Exception')}
  0x00000250c0b25324: 8bca 48be | d857 d8d2 | 5002 0000 | 4883 8610 | 0100 0001 

  0x00000250c0b25338: ;   {oop(NULL)}
  0x00000250c0b25338: 49b9 0000 | 0000 0000 | 0000 0f1f 

  0x00000250c0b25344: ;   {optimized virtual_call}
  0x00000250c0b25344: 4400 00e8 

  0x00000250c0b25348: ; ImmutableOopMap {}
                      ;*invokespecial <init> {reexecute=0 rethrow=0 return_oop=0}
                      ; - java.lang.Exception::<init>@3 (line 85)
                      ; - java.lang.ReflectiveOperationException::<init>@3 (line 76)
                      ; - java.lang.ClassNotFoundException::<init>@3 (line 71)
  0x00000250c0b25348: e500 0000 | 4883 c470 

  0x00000250c0b25350: ;   {poll_return}
  0x00000250c0b25350: 5d49 3ba7 | 7803 0000 | 0f87 6400 

  0x00000250c0b2535c: ;   {metadata({method} {0x000000080006bf68} '<init>' '(Ljava/lang/String;)V' in 'java/lang/ClassNotFoundException')}
  0x00000250c0b2535c: 0000 c349 | ba60 bf06 | 0008 0000 | 004c 8954 | 2408 48c7 | 0424 ffff 

  0x00000250c0b25374: ;   {runtime_call counter_overflow Runtime1 stub}
  0x00000250c0b25374: ffff e885 

  0x00000250c0b25378: ; ImmutableOopMap {rdx=Oop r8=Oop }
                      ;*synchronization entry
                      ; - java.lang.ClassNotFoundException::<init>@-1 (line 71)
  0x00000250c0b25378: 0852 07e9 | 25ff ffff 

  0x00000250c0b25380: ;   {metadata({method} {0x000000080040e8d0} '<init>' '(Ljava/lang/String;Ljava/lang/Throwable;)V' in 'java/lang/ReflectiveOperationException')}
  0x00000250c0b25380: 49ba c8e8 | 4000 0800 | 0000 4c89 | 5424 0848 | c704 24ff 

  0x00000250c0b25394: ;   {runtime_call counter_overflow Runtime1 stub}
  0x00000250c0b25394: ffff ffe8 

  0x00000250c0b25398: ; ImmutableOopMap {rdx=Oop r8=Oop }
                      ;*synchronization entry
                      ; - java.lang.ReflectiveOperationException::<init>@-1 (line 76)
                      ; - java.lang.ClassNotFoundException::<init>@3 (line 71)
  0x00000250c0b25398: 6408 5207 | e943 ffff 

  0x00000250c0b253a0: ;   {metadata({method} {0x000000080045e250} '<init>' '(Ljava/lang/String;Ljava/lang/Throwable;)V' in 'java/lang/Exception')}
  0x00000250c0b253a0: ff49 ba48 | e245 0008 | 0000 004c | 8954 2408 | 48c7 0424 | ffff ffff 

  0x00000250c0b253b8: ;   {runtime_call counter_overflow Runtime1 stub}
  0x00000250c0b253b8: e843 0852 

  0x00000250c0b253bc: ; ImmutableOopMap {rdx=Oop r8=Oop }
                      ;*synchronization entry
                      ; - java.lang.Exception::<init>@-1 (line 85)
                      ; - java.lang.ReflectiveOperationException::<init>@3 (line 76)
                      ; - java.lang.ClassNotFoundException::<init>@3 (line 71)
  0x00000250c0b253bc: 07e9 61ff 

  0x00000250c0b253c0: ;   {internal_word}
  0x00000250c0b253c0: ffff 49ba | 5153 b2c0 | 5002 0000 | 4d89 9790 

  0x00000250c0b253d0: ;   {runtime_call SafepointBlob}
  0x00000250c0b253d0: 0300 00e9 | a859 4507 | 498b 8728 | 0400 0049 | c787 2804 | 0000 0000 | 0000 49c7 | 8730 0400 
  0x00000250c0b253f0: 0000 0000 | 0048 83c4 

  0x00000250c0b253f8: ;   {runtime_call unwind_exception Runtime1 stub}
  0x00000250c0b253f8: 705d e901 | a851 07f4 
[Exception Handler]
  0x00000250c0b25400: ;   {no_reloc}
  0x00000250c0b25400: e8fb d451 

  0x00000250c0b25404: ;   {external_word}
  0x00000250c0b25404: 0748 b9b0 | 23d3 2ffc | 7f00 0048 

  0x00000250c0b25410: ;   {runtime_call}
  0x00000250c0b25410: 83e4 f048 | b820 169f | 2ffc 7f00 | 00ff d0f4 
[Deopt Handler Code]
  0x00000250c0b25420: ;   {section_word}
  0x00000250c0b25420: 49ba 2054 | b2c0 5002 | 0000 4152 

  0x00000250c0b2542c: ;   {runtime_call DeoptimizationBlob}
  0x00000250c0b2542c: e9ef 4b45 

  0x00000250c0b25430: ;   {static_stub}
  0x00000250c0b25430: 0748 bbb0 | f145 0008 

  0x00000250c0b25438: ;   {runtime_call I2C/C2I adapters}
  0x00000250c0b25438: 0000 00e9 | 9baf 4407 
[/MachCode]


---------------  P R O C E S S  ---------------

Threads class SMR info:
_java_thread_list=0x00000250d2882730, length=11, elements={
0x00000250b891f790, 0x00000250b89ea760, 0x00000250b89eb310, 0x00000250b89ebec0,
0x00000250b89ed620, 0x00000250d27cffc0, 0x00000250d27d0510, 0x00000250d27d0a60,
0x00000250d27d89f0, 0x00000250d28ae990, 0x00000250d6c06370
}

Java Threads: ( => current thread )
=>0x00000250b891f790 JavaThread "main" [_thread_in_vm, id=23500, stack(0x00000083f6700000,0x00000083f6800000)]
  0x00000250b89ea760 JavaThread "Reference Handler" daemon [_thread_blocked, id=23720, stack(0x00000083f6e00000,0x00000083f6f00000)]
  0x00000250b89eb310 JavaThread "Finalizer" daemon [_thread_blocked, id=22080, stack(0x00000083f6f00000,0x00000083f7000000)]
  0x00000250b89ebec0 JavaThread "Signal Dispatcher" daemon [_thread_blocked, id=22496, stack(0x00000083f7000000,0x00000083f7100000)]
  0x00000250b89ed620 JavaThread "Attach Listener" daemon [_thread_blocked, id=17944, stack(0x00000083f7100000,0x00000083f7200000)]
  0x00000250d27cffc0 JavaThread "Service Thread" daemon [_thread_blocked, id=20552, stack(0x00000083f7200000,0x00000083f7300000)]
  0x00000250d27d0510 JavaThread "Monitor Deflation Thread" daemon [_thread_blocked, id=22636, stack(0x00000083f7300000,0x00000083f7400000)]
  0x00000250d27d0a60 JavaThread "C2 CompilerThread0" daemon [_thread_blocked, id=23620, stack(0x00000083f7400000,0x00000083f7500000)]
  0x00000250d27d89f0 JavaThread "C1 CompilerThread0" daemon [_thread_blocked, id=18272, stack(0x00000083f7500000,0x00000083f7600000)]
  0x00000250d28ae990 JavaThread "Notification Thread" daemon [_thread_blocked, id=25068, stack(0x00000083f7600000,0x00000083f7700000)]
  0x00000250d6c06370 JavaThread "Common-Cleaner" daemon [_thread_blocked, id=16116, stack(0x00000083f7800000,0x00000083f7900000)]

Other Threads:
  0x00000250b89cb890 VMThread "VM Thread" [stack: 0x00000083f6d00000,0x00000083f6e00000] [id=24240] _threads_hazard_ptr=0x00000250d2882730
  0x00000250d6c030a0 WatcherThread "VM Periodic Task Thread" [stack: 0x00000083f7700000,0x00000083f7800000] [id=22172]
  0x00000250b89441b0 WorkerThread "GC Thread#0" [stack: 0x00000083f6800000,0x00000083f6900000] [id=6212]
  0x00000250b89458c0 ConcurrentGCThread "G1 Main Marker" [stack: 0x00000083f6900000,0x00000083f6a00000] [id=21372]
  0x00000250b89462f0 WorkerThread "G1 Conc#0" [stack: 0x00000083f6a00000,0x00000083f6b00000] [id=24024]
  0x00000250b89a9020 ConcurrentGCThread "G1 Refine#0" [stack: 0x00000083f6b00000,0x00000083f6c00000] [id=20984]
  0x00000250b89a9c60 ConcurrentGCThread "G1 Service" [stack: 0x00000083f6c00000,0x00000083f6d00000] [id=444]

Threads with active compile tasks:

VM state: synchronizing (normal execution)

VM Mutex/Monitor currently owned by a thread:  ([mutex/lock_event])
[0x00000250b891b350] Threads_lock - owner thread: 0x00000250b89cb890

Heap address: 0x00000000fc000000, size: 64 MB, Compressed Oops mode: 32-bit

CDS archive(s) mapped at: [0x0000000800000000-0x0000000800c60000-0x0000000800c60000), size 12976128, SharedBaseAddress: 0x0000000800000000, ArchiveRelocationMode: 0.
Compressed class space mapped at: 0x0000000801000000-0x0000000841000000, reserved size: 1073741824
Narrow klass base: 0x0000000800000000, Narrow klass shift: 0, Narrow klass range: 0x100000000

GC Precious Log:
 CardTable entry size: 512
 Card Set container configuration: InlinePtr #cards 5 size 8 Array Of Cards #cards 12 size 40 Howl #buckets 4 coarsen threshold 1843 Howl Bitmap #cards 512 size 80 coarsen threshold 460 Card regions per heap region 1 cards per card region 2048
 CPUs: 8 total, 8 available
 Memory: 8139M
 Large Page Support: Disabled
 NUMA Support: Disabled
 Compressed Oops: Enabled (32-bit)
 Heap Region Size: 1M
 Heap Min Capacity: 64M
 Heap Initial Capacity: 64M
 Heap Max Capacity: 64M
 Pre-touch: Disabled
 Parallel Workers: 8
 Concurrent Workers: 2
 Concurrent Refinement Workers: 8
 Periodic GC: Disabled

Heap:
 garbage-first heap   total 65536K, used 21504K [0x00000000fc000000, 0x0000000100000000)
  region size 1024K, 19 young (19456K), 0 survivors (0K)
 Metaspace       used 2762K, committed 3008K, reserved 1114112K
  class space    used 301K, committed 448K, reserved 1048576K

Heap Regions: E=young(eden), S=young(survivor), O=old, HS=humongous(starts), HC=humongous(continues), CS=collection set, F=free, OA=open archive, CA=closed archive, TAMS=top-at-mark-start, PB=parsable bottom
|   0|0x00000000fc000000, 0x00000000fc100000, 0x00000000fc100000|100%|HS|  |TAMS 0x00000000fc000000| PB 0x00000000fc000000| Complete 
|   1|0x00000000fc100000, 0x00000000fc200000, 0x00000000fc200000|100%|HC|  |TAMS 0x00000000fc100000| PB 0x00000000fc100000| Complete 
|   2|0x00000000fc200000, 0x00000000fc300000, 0x00000000fc300000|100%|HC|  |TAMS 0x00000000fc200000| PB 0x00000000fc200000| Complete 
|   3|0x00000000fc300000, 0x00000000fc400000, 0x00000000fc400000|100%|HC|  |TAMS 0x00000000fc300000| PB 0x00000000fc300000| Complete 
|   4|0x00000000fc400000, 0x00000000fc400000, 0x00000000fc500000|  0%| F|  |TAMS 0x00000000fc400000| PB 0x00000000fc400000| Untracked 
|   5|0x00000000fc500000, 0x00000000fc500000, 0x00000000fc600000|  0%| F|  |TAMS 0x00000000fc500000| PB 0x00000000fc500000| Untracked 
|   6|0x00000000fc600000, 0x00000000fc600000, 0x00000000fc700000|  0%| F|  |TAMS 0x00000000fc600000| PB 0x00000000fc600000| Untracked 
|   7|0x00000000fc700000, 0x00000000fc700000, 0x00000000fc800000|  0%| F|  |TAMS 0x00000000fc700000| PB 0x00000000fc700000| Untracked 
|   8|0x00000000fc800000, 0x00000000fc800000, 0x00000000fc900000|  0%| F|  |TAMS 0x00000000fc800000| PB 0x00000000fc800000| Untracked 
|   9|0x00000000fc900000, 0x00000000fc900000, 0x00000000fca00000|  0%| F|  |TAMS 0x00000000fc900000| PB 0x00000000fc900000| Untracked 
|  10|0x00000000fca00000, 0x00000000fca00000, 0x00000000fcb00000|  0%| F|  |TAMS 0x00000000fca00000| PB 0x00000000fca00000| Untracked 
|  11|0x00000000fcb00000, 0x00000000fcb00000, 0x00000000fcc00000|  0%| F|  |TAMS 0x00000000fcb00000| PB 0x00000000fcb00000| Untracked 
|  12|0x00000000fcc00000, 0x00000000fcc00000, 0x00000000fcd00000|  0%| F|  |TAMS 0x00000000fcc00000| PB 0x00000000fcc00000| Untracked 
|  13|0x00000000fcd00000, 0x00000000fcd00000, 0x00000000fce00000|  0%| F|  |TAMS 0x00000000fcd00000| PB 0x00000000fcd00000| Untracked 
|  14|0x00000000fce00000, 0x00000000fce00000, 0x00000000fcf00000|  0%| F|  |TAMS 0x00000000fce00000| PB 0x00000000fce00000| Untracked 
|  15|0x00000000fcf00000, 0x00000000fcf00000, 0x00000000fd000000|  0%| F|  |TAMS 0x00000000fcf00000| PB 0x00000000fcf00000| Untracked 
|  16|0x00000000fd000000, 0x00000000fd000000, 0x00000000fd100000|  0%| F|  |TAMS 0x00000000fd000000| PB 0x00000000fd000000| Untracked 
|  17|0x00000000fd100000, 0x00000000fd100000, 0x00000000fd200000|  0%| F|  |TAMS 0x00000000fd100000| PB 0x00000000fd100000| Untracked 
|  18|0x00000000fd200000, 0x00000000fd200000, 0x00000000fd300000|  0%| F|  |TAMS 0x00000000fd200000| PB 0x00000000fd200000| Untracked 
|  19|0x00000000fd300000, 0x00000000fd300000, 0x00000000fd400000|  0%| F|  |TAMS 0x00000000fd300000| PB 0x00000000fd300000| Untracked 
|  20|0x00000000fd400000, 0x00000000fd400000, 0x00000000fd500000|  0%| F|  |TAMS 0x00000000fd400000| PB 0x00000000fd400000| Untracked 
|  21|0x00000000fd500000, 0x00000000fd500000, 0x00000000fd600000|  0%| F|  |TAMS 0x00000000fd500000| PB 0x00000000fd500000| Untracked 
|  22|0x00000000fd600000, 0x00000000fd600000, 0x00000000fd700000|  0%| F|  |TAMS 0x00000000fd600000| PB 0x00000000fd600000| Untracked 
|  23|0x00000000fd700000, 0x00000000fd700000, 0x00000000fd800000|  0%| F|  |TAMS 0x00000000fd700000| PB 0x00000000fd700000| Untracked 
|  24|0x00000000fd800000, 0x00000000fd800000, 0x00000000fd900000|  0%| F|  |TAMS 0x00000000fd800000| PB 0x00000000fd800000| Untracked 
|  25|0x00000000fd900000, 0x00000000fd900000, 0x00000000fda00000|  0%| F|  |TAMS 0x00000000fd900000| PB 0x00000000fd900000| Untracked 
|  26|0x00000000fda00000, 0x00000000fda00000, 0x00000000fdb00000|  0%| F|  |TAMS 0x00000000fda00000| PB 0x00000000fda00000| Untracked 
|  27|0x00000000fdb00000, 0x00000000fdb00000, 0x00000000fdc00000|  0%| F|  |TAMS 0x00000000fdb00000| PB 0x00000000fdb00000| Untracked 
|  28|0x00000000fdc00000, 0x00000000fdc00000, 0x00000000fdd00000|  0%| F|  |TAMS 0x00000000fdc00000| PB 0x00000000fdc00000| Untracked 
|  29|0x00000000fdd00000, 0x00000000fdd00000, 0x00000000fde00000|  0%| F|  |TAMS 0x00000000fdd00000| PB 0x00000000fdd00000| Untracked 
|  30|0x00000000fde00000, 0x00000000fde00000, 0x00000000fdf00000|  0%| F|  |TAMS 0x00000000fde00000| PB 0x00000000fde00000| Untracked 
|  31|0x00000000fdf00000, 0x00000000fdf00000, 0x00000000fe000000|  0%| F|  |TAMS 0x00000000fdf00000| PB 0x00000000fdf00000| Untracked 
|  32|0x00000000fe000000, 0x00000000fe000000, 0x00000000fe100000|  0%| F|  |TAMS 0x00000000fe000000| PB 0x00000000fe000000| Untracked 
|  33|0x00000000fe100000, 0x00000000fe100000, 0x00000000fe200000|  0%| F|  |TAMS 0x00000000fe100000| PB 0x00000000fe100000| Untracked 
|  34|0x00000000fe200000, 0x00000000fe200000, 0x00000000fe300000|  0%| F|  |TAMS 0x00000000fe200000| PB 0x00000000fe200000| Untracked 
|  35|0x00000000fe300000, 0x00000000fe300000, 0x00000000fe400000|  0%| F|  |TAMS 0x00000000fe300000| PB 0x00000000fe300000| Untracked 
|  36|0x00000000fe400000, 0x00000000fe400000, 0x00000000fe500000|  0%| F|  |TAMS 0x00000000fe400000| PB 0x00000000fe400000| Untracked 
|  37|0x00000000fe500000, 0x00000000fe500000, 0x00000000fe600000|  0%| F|  |TAMS 0x00000000fe500000| PB 0x00000000fe500000| Untracked 
|  38|0x00000000fe600000, 0x00000000fe600000, 0x00000000fe700000|  0%| F|  |TAMS 0x00000000fe600000| PB 0x00000000fe600000| Untracked 
|  39|0x00000000fe700000, 0x00000000fe700000, 0x00000000fe800000|  0%| F|  |TAMS 0x00000000fe700000| PB 0x00000000fe700000| Untracked 
|  40|0x00000000fe800000, 0x00000000fe800000, 0x00000000fe900000|  0%| F|  |TAMS 0x00000000fe800000| PB 0x00000000fe800000| Untracked 
|  41|0x00000000fe900000, 0x00000000fe900000, 0x00000000fea00000|  0%| F|  |TAMS 0x00000000fe900000| PB 0x00000000fe900000| Untracked 
|  42|0x00000000fea00000, 0x00000000fea00000, 0x00000000feb00000|  0%| F|  |TAMS 0x00000000fea00000| PB 0x00000000fea00000| Untracked 
|  43|0x00000000feb00000, 0x00000000feb00000, 0x00000000fec00000|  0%| F|  |TAMS 0x00000000feb00000| PB 0x00000000feb00000| Untracked 
|  44|0x00000000fec00000, 0x00000000fec00000, 0x00000000fed00000|  0%| F|  |TAMS 0x00000000fec00000| PB 0x00000000fec00000| Untracked 
|  45|0x00000000fed00000, 0x00000000fed764a0, 0x00000000fee00000| 46%| E|  |TAMS 0x00000000fed00000| PB 0x00000000fed00000| Complete 
|  46|0x00000000fee00000, 0x00000000fef00000, 0x00000000fef00000|100%| E|CS|TAMS 0x00000000fee00000| PB 0x00000000fee00000| Complete 
|  47|0x00000000fef00000, 0x00000000ff000000, 0x00000000ff000000|100%| E|CS|TAMS 0x00000000fef00000| PB 0x00000000fef00000| Complete 
|  48|0x00000000ff000000, 0x00000000ff100000, 0x00000000ff100000|100%| E|  |TAMS 0x00000000ff000000| PB 0x00000000ff000000| Complete 
|  49|0x00000000ff100000, 0x00000000ff200000, 0x00000000ff200000|100%| E|CS|TAMS 0x00000000ff100000| PB 0x00000000ff100000| Complete 
|  50|0x00000000ff200000, 0x00000000ff300000, 0x00000000ff300000|100%| E|CS|TAMS 0x00000000ff200000| PB 0x00000000ff200000| Complete 
|  51|0x00000000ff300000, 0x00000000ff400000, 0x00000000ff400000|100%| E|CS|TAMS 0x00000000ff300000| PB 0x00000000ff300000| Complete 
|  52|0x00000000ff400000, 0x00000000ff500000, 0x00000000ff500000|100%| E|CS|TAMS 0x00000000ff400000| PB 0x00000000ff400000| Complete 
|  53|0x00000000ff500000, 0x00000000ff600000, 0x00000000ff600000|100%| E|CS|TAMS 0x00000000ff500000| PB 0x00000000ff500000| Complete 
|  54|0x00000000ff600000, 0x00000000ff700000, 0x00000000ff700000|100%| E|CS|TAMS 0x00000000ff600000| PB 0x00000000ff600000| Complete 
|  55|0x00000000ff700000, 0x00000000ff800000, 0x00000000ff800000|100%| E|CS|TAMS 0x00000000ff700000| PB 0x00000000ff700000| Complete 
|  56|0x00000000ff800000, 0x00000000ff900000, 0x00000000ff900000|100%| E|CS|TAMS 0x00000000ff800000| PB 0x00000000ff800000| Complete 
|  57|0x00000000ff900000, 0x00000000ffa00000, 0x00000000ffa00000|100%| E|CS|TAMS 0x00000000ff900000| PB 0x00000000ff900000| Complete 
|  58|0x00000000ffa00000, 0x00000000ffb00000, 0x00000000ffb00000|100%| E|CS|TAMS 0x00000000ffa00000| PB 0x00000000ffa00000| Complete 
|  59|0x00000000ffb00000, 0x00000000ffc00000, 0x00000000ffc00000|100%| E|CS|TAMS 0x00000000ffb00000| PB 0x00000000ffb00000| Complete 
|  60|0x00000000ffc00000, 0x00000000ffd00000, 0x00000000ffd00000|100%| E|CS|TAMS 0x00000000ffc00000| PB 0x00000000ffc00000| Complete 
|  61|0x00000000ffd00000, 0x00000000ffe00000, 0x00000000ffe00000|100%| E|CS|TAMS 0x00000000ffd00000| PB 0x00000000ffd00000| Complete 
|  62|0x00000000ffe00000, 0x00000000fff00000, 0x00000000fff00000|100%| E|CS|TAMS 0x00000000ffe00000| PB 0x00000000ffe00000| Complete 
|  63|0x00000000fff00000, 0x0000000100000000, 0x0000000100000000|100%| E|CS|TAMS 0x00000000fff00000| PB 0x00000000fff00000| Complete 

Card table byte_map: [0x00000250b8820000,0x00000250b8840000] _byte_map_base: 0x00000250b8040000

Marking Bits: (CMBitMap*) 0x00000250b89447e0
 Bits: [0x00000250cfd30000, 0x00000250cfe30000)

Polling page: 0x00000250b68f0000

Metaspace:

Usage:
  Non-class:      2.40 MB used.
      Class:    301.38 KB used.
       Both:      2.70 MB used.

Virtual space:
  Non-class space:       64.00 MB reserved,       2.50 MB (  4%) committed,  1 nodes.
      Class space:        1.00 GB reserved,     448.00 KB ( <1%) committed,  1 nodes.
             Both:        1.06 GB reserved,       2.94 MB ( <1%) committed. 

Chunk freelists:
   Non-Class:  3.19 MB
       Class:  3.56 MB
        Both:  6.75 MB

MaxMetaspaceSize: unlimited
CompressedClassSpaceSize: 1.00 GB
Initial GC threshold: 21.00 MB
Current GC threshold: 21.00 MB
CDS: on
MetaspaceReclaimPolicy: balanced
 - commit_granule_bytes: 65536.
 - commit_granule_words: 8192.
 - virtual_space_node_default_size: 8388608.
 - enlarge_chunks_in_place: 1.
 - new_chunks_are_fully_committed: 0.
 - uncommit_free_chunks: 1.
 - use_allocation_guard: 0.


Internal statistics:

num_allocs_failed_limit: 0.
num_arena_births: 50.
num_arena_deaths: 0.
num_vsnodes_births: 2.
num_vsnodes_deaths: 0.
num_space_committed: 47.
num_space_uncommitted: 0.
num_chunks_returned_to_freelist: 0.
num_chunks_taken_from_freelist: 117.
num_chunk_merges: 0.
num_chunk_splits: 65.
num_chunks_enlarged: 47.
num_inconsistent_stats: 0.

CodeHeap 'non-profiled nmethods': size=120000Kb used=253Kb max_used=253Kb free=119746Kb
 bounds [0x00000250c84b0000, 0x00000250c8720000, 0x00000250cf9e0000]
CodeHeap 'profiled nmethods': size=120000Kb used=1382Kb max_used=1382Kb free=118617Kb
 bounds [0x00000250c09e0000, 0x00000250c0c50000, 0x00000250c7f10000]
CodeHeap 'non-nmethods': size=5760Kb used=1370Kb max_used=1383Kb free=4389Kb
 bounds [0x00000250c7f10000, 0x00000250c8180000, 0x00000250c84b0000]
 total_blobs=1192 nmethods=771 adapters=332
 compilation: enabled
              stopped_count=0, restarted_count=0
 full_count=0

Compilation events (20 events):
Event: 57.674 Thread 0x00000250d27d0a60 nmethod 759 0x00000250c84ee790 code [0x00000250c84ee900, 0x00000250c84ee990]
Event: 57.675 Thread 0x00000250d27d89f0  760       1       jdk.internal.jimage.ImageHeader::getTableLength (5 bytes)
Event: 57.675 Thread 0x00000250d27d89f0 nmethod 760 0x00000250c84eea90 code [0x00000250c84eec00, 0x00000250c84eecc8]
Event: 57.675 Thread 0x00000250d27d89f0  761   !   3       java.nio.DirectIntBufferU::get (34 bytes)
Event: 57.677 Thread 0x00000250d27d89f0 nmethod 761 0x00000250c0b31d10 code [0x00000250c0b31f60, 0x00000250c0b328e8]
Event: 57.677 Thread 0x00000250d27d89f0  762       3       java.nio.DirectIntBufferU::ix (10 bytes)
Event: 57.677 Thread 0x00000250d27d89f0 nmethod 762 0x00000250c0b32d90 code [0x00000250c0b32f20, 0x00000250c0b33040]
Event: 57.677 Thread 0x00000250d27d89f0  763   !   3       jdk.internal.misc.ScopedMemoryAccess::getInt (16 bytes)
Event: 57.678 Thread 0x00000250d27d89f0 nmethod 763 0x00000250c0b33110 code [0x00000250c0b332e0, 0x00000250c0b336b0]
Event: 57.681 Thread 0x00000250d27d89f0  764       3       java.lang.Module::isNamed (13 bytes)
Event: 57.682 Thread 0x00000250d27d89f0 nmethod 764 0x00000250c0b33890 code [0x00000250c0b33a20, 0x00000250c0b33b90]
Event: 57.683 Thread 0x00000250d27d89f0  765   !   3       java.net.URL::set (114 bytes)
Event: 57.684 Thread 0x00000250d27d0a60  766   !   4       jdk.internal.misc.Blocker::begin (97 bytes)
Event: 57.685 Thread 0x00000250d27d89f0 nmethod 765 0x00000250c0b33c10 code [0x00000250c0b33e40, 0x00000250c0b34868]
Event: 57.685 Thread 0x00000250d27d0a60 nmethod 766 0x00000250c84eed90 code [0x00000250c84eef00, 0x00000250c84eefb8]
Event: 57.686 Thread 0x00000250d27d0a60  767       4       jdk.internal.misc.Blocker::end (71 bytes)
Event: 57.687 Thread 0x00000250d27d0a60 nmethod 767 0x00000250c84ef090 code [0x00000250c84ef200, 0x00000250c84ef290]
Event: 57.698 Thread 0x00000250d27d0a60  768       4       java.util.zip.ZipFile::ensureOpen (40 bytes)
Event: 57.722 Thread 0x00000250d27d0a60 nmethod 768 0x00000250c84ef390 code [0x00000250c84ef500, 0x00000250c84ef5c0]
Event: 57.726 Thread 0x00000250d27d89f0  769   !   3       java.lang.String::<init> (893 bytes)

GC Heap History (0 events):
No events

Dll operation events (7 events):
Event: 0.170 Loaded shared library C:\Program Files\Java\jdk-20\bin\java.dll
Event: 0.837 Loaded shared library C:\Program Files\Java\jdk-20\bin\jsvml.dll
Event: 1.892 Loaded shared library C:\Program Files\Java\jdk-20\bin\net.dll
Event: 2.111 Loaded shared library C:\Program Files\Java\jdk-20\bin\nio.dll
Event: 2.121 Loaded shared library C:\Program Files\Java\jdk-20\bin\zip.dll
Event: 21.644 Loaded shared library C:\Program Files\Java\jdk-20\bin\jimage.dll
Event: 30.531 Loaded shared library C:\Program Files\Java\jdk-20\bin\verify.dll

Deoptimization events (20 events):
Event: 30.190 Thread 0x00000250b891f790 DEOPT PACKING pc=0x00000250c0a1c248 sp=0x00000083f67fd0d0
Event: 30.192 Thread 0x00000250b891f790 DEOPT UNPACKING pc=0x00000250c7f7a4c2 sp=0x00000083f67fc590 mode 0
Event: 30.545 Thread 0x00000250b891f790 Uncommon trap: trap_request=0xffffff45 fr.pc=0x00000250c84ce048 relative=0x0000000000000488
Event: 30.545 Thread 0x00000250b891f790 Uncommon trap: reason=unstable_if action=reinterpret pc=0x00000250c84ce048 method=java.lang.StringLatin1.toLowerCase(Ljava/lang/String;[BLjava/util/Locale;)Ljava/lang/String; @ 43 c2
Event: 30.545 Thread 0x00000250b891f790 DEOPT PACKING pc=0x00000250c84ce048 sp=0x00000083f67fd4c0
Event: 30.545 Thread 0x00000250b891f790 DEOPT UNPACKING pc=0x00000250c7f79d22 sp=0x00000083f67fd430 mode 2
Event: 40.038 Thread 0x00000250b891f790 DEOPT PACKING pc=0x00000250c0af4f5a sp=0x00000083f67fc6d0
Event: 40.038 Thread 0x00000250b891f790 DEOPT UNPACKING pc=0x00000250c7f7a4c2 sp=0x00000083f67fbb90 mode 0
Event: 48.170 Thread 0x00000250b891f790 DEOPT PACKING pc=0x00000250c0af4f5a sp=0x00000083f67fc6b0
Event: 48.170 Thread 0x00000250b891f790 DEOPT UNPACKING pc=0x00000250c7f7a4c2 sp=0x00000083f67fbb70 mode 0
Event: 51.045 Thread 0x00000250b891f790 Uncommon trap: trap_request=0xffffff45 fr.pc=0x00000250c84df12c relative=0x000000000000046c
Event: 51.045 Thread 0x00000250b891f790 Uncommon trap: reason=unstable_if action=reinterpret pc=0x00000250c84df12c method=java.util.zip.ZipCoder$UTF8ZipCoder.checkedHash([BII)I @ 27 c2
Event: 51.045 Thread 0x00000250b891f790 DEOPT PACKING pc=0x00000250c84df12c sp=0x00000083f67fc690
Event: 51.046 Thread 0x00000250b891f790 DEOPT UNPACKING pc=0x00000250c7f79d22 sp=0x00000083f67fc558 mode 2
Event: 51.046 Thread 0x00000250b891f790 Uncommon trap: trap_request=0xffffff45 fr.pc=0x00000250c84b974c relative=0x00000000000001cc
Event: 51.046 Thread 0x00000250b891f790 Uncommon trap: reason=unstable_if action=reinterpret pc=0x00000250c84b974c method=java.lang.String.hashCode()I @ 20 c2
Event: 51.046 Thread 0x00000250b891f790 DEOPT PACKING pc=0x00000250c84b974c sp=0x00000083f67fc4a0
Event: 51.046 Thread 0x00000250b891f790 DEOPT UNPACKING pc=0x00000250c7f79d22 sp=0x00000083f67fc430 mode 2
Event: 54.950 Thread 0x00000250b891f790 DEOPT PACKING pc=0x00000250c09e0292 sp=0x00000083f67f9be0
Event: 54.950 Thread 0x00000250b891f790 DEOPT UNPACKING pc=0x00000250c7f7a4c2 sp=0x00000083f67f9058 mode 0

Classes loaded (20 events):
Event: 56.696 Loading class java/lang/reflect/Proxy$ProxyBuilder$1
Event: 56.696 Loading class java/lang/reflect/Proxy$ProxyBuilder$1 done
Event: 56.710 Loading class java/lang/reflect/InvocationTargetException
Event: 56.711 Loading class java/lang/reflect/InvocationTargetException done
Event: 57.325 Loading class java/util/LinkedList
Event: 57.325 Loading class java/util/AbstractSequentialList
Event: 57.325 Loading class java/util/AbstractSequentialList done
Event: 57.325 Loading class java/util/LinkedList done
Event: 57.330 Loading class java/util/LinkedList$Node
Event: 57.330 Loading class java/util/LinkedList$Node done
Event: 57.330 Loading class java/util/LinkedList$ListItr
Event: 57.330 Loading class java/util/LinkedList$ListItr done
Event: 57.337 Loading class java/util/concurrent/ConcurrentLinkedQueue
Event: 57.337 Loading class java/util/concurrent/ConcurrentLinkedQueue done
Event: 57.337 Loading class java/util/concurrent/ConcurrentLinkedQueue$Node
Event: 57.338 Loading class java/util/concurrent/ConcurrentLinkedQueue$Node done
Event: 57.342 Loading class java/lang/reflect/ParameterizedType
Event: 57.342 Loading class java/lang/reflect/ParameterizedType done
Event: 57.593 Loading class sun/nio/cs/UTF_8$Encoder
Event: 57.593 Loading class sun/nio/cs/UTF_8$Encoder done

Classes unloaded (0 events):
No events

Classes redefined (0 events):
No events

Internal exceptions (5 events):
Event: 4.402 Thread 0x00000250b891f790 Exception <a 'java/lang/NoSuchMethodError'{0x00000000ffc2e190}: 'void java.lang.invoke.DirectMethodHandle$Holder.invokeStatic(java.lang.Object, java.lang.Object)'> (0x00000000ffc2e190) 
thrown [s\open\src\hotspot\share\interpreter\linkResolver.cpp, line 773]
Event: 4.404 Thread 0x00000250b891f790 Exception <a 'java/lang/NoSuchMethodError'{0x00000000ffc31d10}: 'void java.lang.invoke.DirectMethodHandle$Holder.invokeSpecial(java.lang.Object, java.lang.Object, java.lang.Object)'> (0x00000000ffc31d10) 
thrown [s\open\src\hotspot\share\interpreter\linkResolver.cpp, line 773]
Event: 9.365 Thread 0x00000250b891f790 Exception <a 'java/lang/NoSuchMethodError'{0x00000000ffcc3398}: 'void java.lang.invoke.DirectMethodHandle$Holder.invokeStatic(java.lang.Object, java.lang.Object, java.lang.Object)'> (0x00000000ffcc3398) 
thrown [s\open\src\hotspot\share\interpreter\linkResolver.cpp, line 773]
Event: 9.374 Thread 0x00000250b891f790 Exception <a 'java/lang/NoSuchMethodError'{0x00000000ffcd5a88}: 'java.lang.Object java.lang.invoke.Invokers$Holder.invokeExact_MT(java.lang.Object, java.lang.Object, java.lang.Object, java.lang.Object, java.lang.Object)'> (0x00000000ffcd5a88) 
thrown [s\open\src\hotspot\share\interpreter\linkResolver.cpp, line 773]
Event: 10.238 Thread 0x00000250b891f790 Exception <a 'java/lang/NoSuchMethodError'{0x00000000ffb03bd8}: 'int java.lang.invoke.DirectMethodHandle$Holder.invokeStaticInit(java.lang.Object, java.lang.Object)'> (0x00000000ffb03bd8) 
thrown [s\open\src\hotspot\share\interpreter\linkResolver.cpp, line 773]

VM Operations (20 events):
Event: 33.550 Executing VM operation: Cleanup
Event: 33.550 Executing VM operation: Cleanup done
Event: 34.554 Executing VM operation: Cleanup
Event: 34.554 Executing VM operation: Cleanup done
Event: 41.607 Executing VM operation: Cleanup
Event: 41.607 Executing VM operation: Cleanup done
Event: 47.651 Executing VM operation: Cleanup
Event: 47.651 Executing VM operation: Cleanup done
Event: 51.673 Executing VM operation: Cleanup
Event: 51.673 Executing VM operation: Cleanup done
Event: 54.678 Executing VM operation: Cleanup
Event: 54.678 Executing VM operation: Cleanup done
Event: 55.679 Executing VM operation: Cleanup
Event: 56.025 Executing VM operation: Cleanup done
Event: 57.040 Executing VM operation: Cleanup
Event: 57.055 Executing VM operation: Cleanup done
Event: 57.326 Executing VM operation: HandshakeAllThreads
Event: 57.326 Executing VM operation: HandshakeAllThreads done
Event: 57.585 Executing VM operation: HandshakeAllThreads
Event: 57.585 Executing VM operation: HandshakeAllThreads done

Events (11 events):
Event: 0.838 Thread 0x00000250b891f790 Thread added: 0x00000250b891f790
Event: 0.984 Thread 0x00000250b89ea760 Thread added: 0x00000250b89ea760
Event: 0.984 Thread 0x00000250b89eb310 Thread added: 0x00000250b89eb310
Event: 0.985 Thread 0x00000250b89ebec0 Thread added: 0x00000250b89ebec0
Event: 0.985 Thread 0x00000250b89ed620 Thread added: 0x00000250b89ed620
Event: 0.985 Thread 0x00000250d27cffc0 Thread added: 0x00000250d27cffc0
Event: 0.985 Thread 0x00000250d27d0510 Thread added: 0x00000250d27d0510
Event: 0.986 Thread 0x00000250d27d0a60 Thread added: 0x00000250d27d0a60
Event: 1.107 Thread 0x00000250d27d89f0 Thread added: 0x00000250d27d89f0
Event: 1.300 Thread 0x00000250d28ae990 Thread added: 0x00000250d28ae990
Event: 1.307 Thread 0x00000250d6c06370 Thread added: 0x00000250d6c06370


Dynamic libraries:
0x00007ff631ba0000 - 0x00007ff631bb0000 	C:\Program Files\Java\jdk-20\bin\java.exe
0x00007ffc83750000 - 0x00007ffc83948000 	C:\WINDOWS\SYSTEM32\ntdll.dll
0x00007ffc82de0000 - 0x00007ffc82e9f000 	C:\WINDOWS\System32\KERNEL32.DLL
0x00007ffc80ee0000 - 0x00007ffc811d6000 	C:\WINDOWS\System32\KERNELBASE.dll
0x00007ffc81280000 - 0x00007ffc81380000 	C:\WINDOWS\System32\ucrtbase.dll
0x00007ffc59920000 - 0x00007ffc5993b000 	C:\Program Files\Java\jdk-20\bin\VCRUNTIME140.dll
0x00007ffc55ae0000 - 0x00007ffc55af9000 	C:\Program Files\Java\jdk-20\bin\jli.dll
0x00007ffc81e40000 - 0x00007ffc81eef000 	C:\WINDOWS\System32\ADVAPI32.dll
0x00007ffc82370000 - 0x00007ffc8240e000 	C:\WINDOWS\System32\msvcrt.dll
0x00007ffc820f0000 - 0x00007ffc8218c000 	C:\WINDOWS\System32\sechost.dll
0x00007ffc83280000 - 0x00007ffc833a6000 	C:\WINDOWS\System32\RPCRT4.dll
0x00007ffc82b60000 - 0x00007ffc82cfd000 	C:\WINDOWS\System32\USER32.dll
0x00007ffc81380000 - 0x00007ffc813a2000 	C:\WINDOWS\System32\win32u.dll
0x00007ffc82080000 - 0x00007ffc820ac000 	C:\WINDOWS\System32\GDI32.dll
0x00007ffc81600000 - 0x00007ffc81715000 	C:\WINDOWS\System32\gdi32full.dll
0x00007ffc81510000 - 0x00007ffc815ad000 	C:\WINDOWS\System32\msvcp_win.dll
0x00007ffc68f10000 - 0x00007ffc691aa000 	C:\WINDOWS\WinSxS\amd64_microsoft.windows.common-controls_6595b64144ccf1df_6.0.19041.1110_none_60b5254171f9507e\COMCTL32.dll
0x00007ffc747b0000 - 0x00007ffc747ba000 	C:\WINDOWS\SYSTEM32\VERSION.dll
0x00007ffc820c0000 - 0x00007ffc820f0000 	C:\WINDOWS\System32\IMM32.DLL
0x00007ffc6bdd0000 - 0x00007ffc6bddc000 	C:\Program Files\Java\jdk-20\bin\vcruntime140_1.dll
0x00007ffc4d5c0000 - 0x00007ffc4d64e000 	C:\Program Files\Java\jdk-20\bin\msvcp140.dll
0x00007ffc2f3e0000 - 0x00007ffc30077000 	C:\Program Files\Java\jdk-20\bin\server\jvm.dll
0x00007ffc7b2b0000 - 0x00007ffc7b2b9000 	C:\WINDOWS\SYSTEM32\WSOCK32.dll
0x00007ffc82000000 - 0x00007ffc8206b000 	C:\WINDOWS\System32\WS2_32.dll
0x00007ffc74800000 - 0x00007ffc74827000 	C:\WINDOWS\SYSTEM32\WINMM.dll
0x00007ffc7ece0000 - 0x00007ffc7ecf2000 	C:\WINDOWS\SYSTEM32\kernel.appcore.dll
0x00007ffc6ba60000 - 0x00007ffc6ba6a000 	C:\Program Files\Java\jdk-20\bin\jimage.dll
0x00007ffc726f0000 - 0x00007ffc728d4000 	C:\WINDOWS\SYSTEM32\DBGHELP.DLL
0x00007ffc726a0000 - 0x00007ffc726d4000 	C:\WINDOWS\SYSTEM32\dbgcore.DLL
0x00007ffc81720000 - 0x00007ffc817a2000 	C:\WINDOWS\System32\bcryptPrimitives.dll
0x00007ffc53ae0000 - 0x00007ffc53b06000 	C:\Program Files\Java\jdk-20\bin\java.dll
0x00007ffc45850000 - 0x00007ffc45927000 	C:\Program Files\Java\jdk-20\bin\jsvml.dll
0x00007ffc82410000 - 0x00007ffc82b54000 	C:\WINDOWS\System32\SHELL32.dll
0x00007ffc7eee0000 - 0x00007ffc7f673000 	C:\WINDOWS\SYSTEM32\windows.storage.dll
0x00007ffc833b0000 - 0x00007ffc83704000 	C:\WINDOWS\System32\combase.dll
0x00007ffc807a0000 - 0x00007ffc807ce000 	C:\WINDOWS\SYSTEM32\Wldp.dll
0x00007ffc822c0000 - 0x00007ffc8236d000 	C:\WINDOWS\System32\SHCORE.dll
0x00007ffc83150000 - 0x00007ffc831a5000 	C:\WINDOWS\System32\shlwapi.dll
0x00007ffc80d70000 - 0x00007ffc80d8f000 	C:\WINDOWS\SYSTEM32\profapi.dll
0x00007ffc53f20000 - 0x00007ffc53f33000 	C:\Program Files\Java\jdk-20\bin\net.dll
0x00007ffc798c0000 - 0x00007ffc799ca000 	C:\WINDOWS\SYSTEM32\WINHTTP.dll
0x00007ffc80500000 - 0x00007ffc8056a000 	C:\WINDOWS\system32\mswsock.dll
0x00007ffc50f30000 - 0x00007ffc50f46000 	C:\Program Files\Java\jdk-20\bin\nio.dll
0x00007ffc50f10000 - 0x00007ffc50f28000 	C:\Program Files\Java\jdk-20\bin\zip.dll
0x00007ffc7b010000 - 0x00007ffc7b020000 	C:\Program Files\Java\jdk-20\bin\verify.dll

dbghelp: loaded successfully - version: 4.0.5 - missing functions: none
symbol engine: initialized successfully - sym options: 0x614 - pdb path: .;C:\Program Files\Java\jdk-20\bin;C:\WINDOWS\SYSTEM32;C:\WINDOWS\WinSxS\amd64_microsoft.windows.common-controls_6595b64144ccf1df_6.0.19041.1110_none_60b5254171f9507e;C:\Program Files\Java\jdk-20\bin\server

VM Arguments:
jvm_args: -Xmx64m -Xms64m -Dorg.gradle.appname=gradlew 
java_command: org.gradle.wrapper.GradleWrapperMain tasks
java_class_path (initial): C:\Games\not_games\native_test2\android\\gradle\wrapper\gradle-wrapper.jar
Launcher Type: SUN_STANDARD

[Global flags]
     intx CICompilerCount                          = 4                                         {product} {ergonomic}
     uint ConcGCThreads                            = 2                                         {product} {ergonomic}
     uint G1ConcRefinementThreads                  = 8                                         {product} {ergonomic}
   size_t G1HeapRegionSize                         = 1048576                                   {product} {ergonomic}
    uintx GCDrainStackTargetSize                   = 64                                        {product} {ergonomic}
   size_t InitialHeapSize                          = 67108864                                  {product} {command line}
   size_t MarkStackSize                            = 4194304                                   {product} {ergonomic}
   size_t MaxHeapSize                              = 67108864                                  {product} {command line}
   size_t MaxNewSize                               = 39845888                                  {product} {ergonomic}
   size_t MinHeapDeltaBytes                        = 1048576                                   {product} {ergonomic}
   size_t MinHeapSize                              = 67108864                                  {product} {command line}
    uintx NonNMethodCodeHeapSize                   = 5839372                                {pd product} {ergonomic}
    uintx NonProfiledCodeHeapSize                  = 122909434                              {pd product} {ergonomic}
    uintx ProfiledCodeHeapSize                     = 122909434                              {pd product} {ergonomic}
    uintx ReservedCodeCacheSize                    = 251658240                              {pd product} {ergonomic}
     bool SegmentedCodeCache                       = true                                      {product} {ergonomic}
   size_t SoftMaxHeapSize                          = 67108864                               {manageable} {ergonomic}
     bool UseCompressedClassPointers               = true                           {product lp64_product} {ergonomic}
     bool UseCompressedOops                        = true                           {product lp64_product} {ergonomic}
     bool UseG1GC                                  = true                                      {product} {ergonomic}
     bool UseLargePagesIndividualAllocation        = false                                  {pd product} {ergonomic}

Logging:
Log output configuration:
 #0: stdout all=warning uptime,level,tags foldmultilines=false
 #1: stderr all=off uptime,level,tags foldmultilines=false

Environment Variables:
JAVA_HOME=C:\Program Files\Java\jdk-20
CLASSPATH=C:\Games\not_games\native_test2\android\\gradle\wrapper\gradle-wrapper.jar
PATH=C:\Games\not_games\native_test2\node_modules\.bin;C:\Games\not_games\native_test2\node_modules\.bin;C:\Games\not_games\node_modules\.bin;C:\Games\node_modules\.bin;C:\node_modules\.bin;C:\Users\deari\AppData\Roaming\npm\node_modules\npm\node_modules\@npmcli\run-script\lib\node-gyp-bin;C:\Games\not_games\native_test2\node_modules\.bin;C:\Games\not_games\node_modules\.bin;C:\Games\node_modules\.bin;C:\node_modules\.bin;C:\Users\deari\AppData\Roaming\npm\node_modules\npm\node_modules\@npmcli\run-script\lib\node-gyp-bin;C:\Program Files\Microsoft\jdk-11.0.18.10-hotspot\bin;C:\Program Files\Common Files\Oracle\Java\javapath;C:\Python311\Scripts\;C:\Python311\;C:\WINDOWS\system32;C:\WINDOWS;C:\WINDOWS\System32\Wbem;C:\WINDOWS\System32\WindowsPowerShell\v1.0\;C:\WINDOWS\System32\OpenSSH\;C:\Program Files\nodejs\;C:\ProgramData\chocolatey\bin;C:\Users\deari\AppData\Local\Microsoft\WindowsApps;C:\Users\deari\AppData\Local\Programs\Microsoft VS Code\bin;C:\Users\deari\AppData\Roaming\npm;C:\Users\deari\AppData\Local\Android\Sdk\platform-tools;
USERNAME=deari
LANG=en_US.UTF-8
OS=Windows_NT
PROCESSOR_IDENTIFIER=Intel64 Family 6 Model 42 Stepping 7, GenuineIntel
TMP=C:\Users\deari\AppData\Local\Temp
TEMP=C:\Users\deari\AppData\Local\Temp




---------------  S Y S T E M  ---------------

OS:
 Windows 10 , 64 bit Build 19041 (10.0.19041.3031)
OS uptime: 3 days 9:05 hours

CPU: total 8 (initial active 8) (4 cores per cpu, 2 threads per core) family 6 model 42 stepping 7 microcode 0x2f, cx8, cmov, fxsr, ht, mmx, sse, sse2, sse3, ssse3, sse4.1, sse4.2, popcnt, tsc, tscinvbit, avx, aes, clmul, vzeroupper, clflush, rdtscp

Memory: 4k page, system-wide physical 8139M (263M free)
TotalPageFile size 32715M (AvailPageFile size 580M)
current process WorkingSet (physical memory assigned to process): 37M, peak: 51M
current process commit charge ("private bytes"): 151M, peak: 151M

vm_info: Java HotSpot(TM) 64-Bit Server VM (20.0.1+9-29) for windows-amd64 JRE (20.0.1+9-29), built on 2023-03-07T13:56:11Z by "mach5one" with MS VC++ 17.1 (VS2022)

END.
