#
# There is insufficient memory for the Java Runtime Environment to continue.
# Native memory allocation (mmap) failed to map 65536 bytes for Failed to commit metaspace.
# Possible reasons:
#   The system is out of physical RAM or swap space
#   The process is running with CompressedOops enabled, and the Java Heap may be blocking the growth of the native heap
# Possible solutions:
#   Reduce memory load on the system
#   Increase physical memory or swap space
#   Check if swap backing store is full
#   Decrease Java heap size (-Xmx/-Xms)
#   Decrease number of Java threads
#   Decrease Java thread stack sizes (-Xss)
#   Set larger code cache with -XX:ReservedCodeCacheSize=
#   JVM is running with Unscaled Compressed Oops mode in which the Java heap is
#     placed in the first 4GB address space. The Java Heap base address is the
#     maximum limit for the native heap growth. Please use -XX:HeapBaseMinAddress
#     to set the Java Heap base and to place the Java Heap above 4GB virtual address.
# This output file may be truncated or incomplete.
#
#  Out of Memory Error (virtualSpaceNode.cpp:110), pid=23756, tid=19292
#
# JRE version: Java(TM) SE Runtime Environment (20.0.1+9) (build 20.0.1+9-29)
# Java VM: Java HotSpot(TM) 64-Bit Server VM (20.0.1+9-29, mixed mode, sharing, tiered, compressed oops, compressed class ptrs, g1 gc, windows-amd64)
# No core dump will be written. Minidumps are not enabled by default on client versions of Windows
#

---------------  S U M M A R Y ------------

Command Line: -Xmx64m -Xms64m -Dorg.gradle.appname=gradlew org.gradle.wrapper.GradleWrapperMain tasks

Host: Intel(R) Core(TM) i7-2670QM CPU @ 2.20GHz, 8 cores, 7G,  Windows 10 , 64 bit Build 19041 (10.0.19041.3031)
Time: Fri Jun 30 22:58:07 2023 FLE Daylight Time elapsed time: 56.425061 seconds (0d 0h 0m 56s)

---------------  T H R E A D  ---------------

Current thread (0x000001cc808306b0):  JavaThread "main" [_thread_in_vm, id=19292, stack(0x000000af42300000,0x000000af42400000)]

Stack: [0x000000af42300000,0x000000af42400000]
Native frames: (J=compiled Java code, j=interpreted, Vv=VM code, C=native code)
V  [jvm.dll+0x6bb95a]
V  [jvm.dll+0x8485fa]
V  [jvm.dll+0x84a1f5]
V  [jvm.dll+0x84a8f3]
V  [jvm.dll+0x280b0f]
V  [jvm.dll+0x84453b]
V  [jvm.dll+0x65fd86]
V  [jvm.dll+0x65fdea]
V  [jvm.dll+0x6626c3]
V  [jvm.dll+0x66258e]
V  [jvm.dll+0x66079e]
V  [jvm.dll+0x26da71]
V  [jvm.dll+0x21bea7]
V  [jvm.dll+0x211780]
V  [jvm.dll+0x59c26c]
V  [jvm.dll+0x222d6a]
V  [jvm.dll+0x7c2cb4]
V  [jvm.dll+0x7c3dff]
V  [jvm.dll+0x7c43af]
V  [jvm.dll+0x7c4058]
V  [jvm.dll+0x27024b]
V  [jvm.dll+0x3d84fe]
C  0x000001cc8fe4f7f4

Java frames: (J=compiled Java code, j=interpreted, Vv=VM code)
j  java.time.zone.ZoneRulesProvider.<clinit>()V+26 java.base@20.0.1
v  ~StubRoutines::call_stub 0x000001cc8fe2100d
j  java.time.ZoneRegion.ofId(Ljava/lang/String;Z)Ljava/time/ZoneRegion;+15 java.base@20.0.1
j  java.time.ZoneId.of(Ljava/lang/String;Z)Ljava/time/ZoneId;+81 java.base@20.0.1
j  java.time.ZoneId.of(Ljava/lang/String;)Ljava/time/ZoneId;+2 java.base@20.0.1
j  java.time.ZoneId.of(Ljava/lang/String;Ljava/util/Map;)Ljava/time/ZoneId;+33 java.base@20.0.1
j  java.util.TimeZone.toZoneId0()Ljava/time/ZoneId;+97 java.base@20.0.1
j  java.util.TimeZone.toZoneId()Ljava/time/ZoneId;+11 java.base@20.0.1
j  java.util.TimeZone.toZoneId0()Ljava/time/ZoneId;+30 java.base@20.0.1
j  java.util.TimeZone.toZoneId()Ljava/time/ZoneId;+11 java.base@20.0.1
j  sun.util.cldr.CLDRTimeZoneNameProviderImpl.getDisplayNameArray(Ljava/lang/String;Ljava/util/Locale;)[Ljava/lang/String;+153 java.base@20.0.1
j  sun.util.locale.provider.TimeZoneNameProviderImpl.getDisplayName(Ljava/lang/String;ZILjava/util/Locale;)Ljava/lang/String;+4 java.base@20.0.1
j  sun.util.locale.provider.TimeZoneNameUtility$TimeZoneNameGetter.getName(Ljava/util/spi/TimeZoneNameProvider;Ljava/util/Locale;Ljava/lang/String;ILjava/lang/String;)Ljava/lang/String;+126 java.base@20.0.1
j  sun.util.locale.provider.TimeZoneNameUtility$TimeZoneNameGetter.getObject(Ljava/util/spi/TimeZoneNameProvider;Ljava/util/Locale;Ljava/lang/String;[Ljava/lang/Object;)Ljava/lang/String;+49 java.base@20.0.1
j  sun.util.locale.provider.TimeZoneNameUtility$TimeZoneNameGetter.getObject(Ljava/util/spi/LocaleServiceProvider;Ljava/util/Locale;Ljava/lang/String;[Ljava/lang/Object;)Ljava/lang/Object;+9 java.base@20.0.1
j  sun.util.locale.provider.LocaleServiceProviderPool.getLocalizedObjectImpl(Lsun/util/locale/provider/LocaleServiceProviderPool$LocalizedObjectGetter;Ljava/util/Locale;ZLjava/lang/String;[Ljava/lang/Object;)Ljava/lang/Object;+93 java.base@20.0.1
j  sun.util.locale.provider.LocaleServiceProviderPool.getLocalizedObject(Lsun/util/locale/provider/LocaleServiceProviderPool$LocalizedObjectGetter;Ljava/util/Locale;Ljava/lang/String;[Ljava/lang/Object;)Ljava/lang/Object;+7 java.base@20.0.1
j  sun.util.locale.provider.TimeZoneNameUtility.retrieveDisplayNamesImpl(Ljava/lang/String;Ljava/util/Locale;)[Ljava/lang/String;+140 java.base@20.0.1
j  sun.util.locale.provider.TimeZoneNameUtility.retrieveDisplayName(Ljava/lang/String;ZILjava/util/Locale;)Ljava/lang/String;+2 java.base@20.0.1
j  java.util.TimeZone.getDisplayName(ZILjava/util/Locale;)Ljava/lang/String;+47 java.base@20.0.1
j  java.util.Date.toString()Ljava/lang/String;+150 java.base@20.0.1
j  java.lang.String.valueOf(Ljava/lang/Object;)Ljava/lang/String;+11 java.base@20.0.1
j  java.lang.StringBuilder.append(Ljava/lang/Object;)Ljava/lang/StringBuilder;+2 java.base@20.0.1
j  org.gradle.launcher.daemon.client.DefaultDaemonConnector.handleStopEvents(Ljava/util/Collection;Ljava/util/Collection;)V+107
j  org.gradle.launcher.daemon.client.DefaultDaemonConnector.connect(Lorg/gradle/api/internal/specs/ExplainingSpec;)Lorg/gradle/launcher/daemon/client/DaemonClientConnection;+71
j  org.gradle.launcher.daemon.client.DaemonClient.execute(Lorg/gradle/internal/invocation/BuildAction;Lorg/gradle/launcher/exec/BuildActionParameters;Lorg/gradle/initialization/BuildRequestContext;)Lorg/gradle/launcher/exec/BuildActionResult;+62
j  org.gradle.launcher.daemon.client.DaemonClient.execute(Lorg/gradle/internal/invocation/BuildAction;Ljava/lang/Object;Ljava/lang/Object;)Lorg/gradle/launcher/exec/BuildActionResult;+10
j  org.gradle.launcher.cli.RunBuildAction.run()V+74
j  org.gradle.internal.Actions$RunnableActionAdapter.execute(Ljava/lang/Object;)V+4
j  org.gradle.launcher.cli.DefaultCommandLineActionFactory$ParseAndBuildAction.execute(Lorg/gradle/launcher/bootstrap/ExecutionListener;)V+60
j  org.gradle.launcher.cli.DefaultCommandLineActionFactory$ParseAndBuildAction.execute(Ljava/lang/Object;)V+5
j  org.gradle.launcher.cli.DebugLoggerWarningAction.execute(Lorg/gradle/launcher/bootstrap/ExecutionListener;)V+9
j  org.gradle.launcher.cli.DebugLoggerWarningAction.execute(Ljava/lang/Object;)V+5
j  org.gradle.launcher.cli.WelcomeMessageAction.execute(Lorg/gradle/launcher/bootstrap/ExecutionListener;)V+218
j  org.gradle.launcher.cli.WelcomeMessageAction.execute(Ljava/lang/Object;)V+5
j  org.gradle.launcher.cli.NativeServicesInitializingAction.execute(Lorg/gradle/launcher/bootstrap/ExecutionListener;)V+35
j  org.gradle.launcher.cli.NativeServicesInitializingAction.execute(Ljava/lang/Object;)V+5
j  org.gradle.launcher.cli.ExceptionReportingAction.execute(Lorg/gradle/launcher/bootstrap/ExecutionListener;)V+5
j  org.gradle.launcher.cli.ExceptionReportingAction.execute(Ljava/lang/Object;)V+5
j  org.gradle.launcher.cli.DefaultCommandLineActionFactory$WithLogging.execute(Lorg/gradle/launcher/bootstrap/ExecutionListener;)V+299
j  org.gradle.launcher.Main.doAction([Ljava/lang/String;Lorg/gradle/launcher/bootstrap/ExecutionListener;)V+14
j  org.gradle.launcher.bootstrap.EntryPoint.run([Ljava/lang/String;)V+12
j  java.lang.invoke.DirectMethodHandle$Holder.invokeVirtual(Ljava/lang/Object;Ljava/lang/Object;Ljava/lang/Object;)V+11 java.base@20.0.1
j  java.lang.invoke.LambdaForm$MH+0x0000000801012800.invoke(Ljava/lang/Object;Ljava/lang/Object;Ljava/lang/Object;)Ljava/lang/Object;+52 java.base@20.0.1
j  java.lang.invoke.Invokers$Holder.invokeExact_MT(Ljava/lang/Object;Ljava/lang/Object;Ljava/lang/Object;Ljava/lang/Object;)Ljava/lang/Object;+20 java.base@20.0.1
j  jdk.internal.reflect.DirectMethodHandleAccessor.invokeImpl(Ljava/lang/Object;[Ljava/lang/Object;)Ljava/lang/Object;+55 java.base@20.0.1
j  jdk.internal.reflect.DirectMethodHandleAccessor.invoke(Ljava/lang/Object;[Ljava/lang/Object;)Ljava/lang/Object;+23 java.base@20.0.1
j  java.lang.reflect.Method.invoke(Ljava/lang/Object;[Ljava/lang/Object;)Ljava/lang/Object;+102 java.base@20.0.1
j  org.gradle.launcher.bootstrap.ProcessBootstrap.runNoExit(Ljava/lang/String;[Ljava/lang/String;)V+159
j  org.gradle.launcher.bootstrap.ProcessBootstrap.run(Ljava/lang/String;[Ljava/lang/String;)V+2
j  java.lang.invoke.LambdaForm$DMH+0x0000000801008400.invokeStatic(Ljava/lang/Object;Ljava/lang/Object;Ljava/lang/Object;)V+11 java.base@20.0.1
j  java.lang.invoke.LambdaForm$MH+0x0000000801009c00.invoke(Ljava/lang/Object;Ljava/lang/Object;Ljava/lang/Object;Ljava/lang/Object;)Ljava/lang/Object;+54 java.base@20.0.1
j  java.lang.invoke.LambdaForm$MH+0x000000080100a000.invokeExact_MT(Ljava/lang/Object;Ljava/lang/Object;Ljava/lang/Object;Ljava/lang/Object;Ljava/lang/Object;)Ljava/lang/Object;+22 java.base@20.0.1
j  jdk.internal.reflect.DirectMethodHandleAccessor.invokeImpl(Ljava/lang/Object;[Ljava/lang/Object;)Ljava/lang/Object;+72 java.base@20.0.1
j  jdk.internal.reflect.DirectMethodHandleAccessor.invoke(Ljava/lang/Object;[Ljava/lang/Object;)Ljava/lang/Object;+23 java.base@20.0.1
j  java.lang.reflect.Method.invoke(Ljava/lang/Object;[Ljava/lang/Object;)Ljava/lang/Object;+102 java.base@20.0.1
j  org.gradle.launcher.GradleMain.main([Ljava/lang/String;)V+100
j  java.lang.invoke.LambdaForm$DMH+0x0000000801004400.invokeStatic(Ljava/lang/Object;Ljava/lang/Object;)V+10 java.base@20.0.1
j  java.lang.invoke.LambdaForm$MH+0x0000000801008000.invoke(Ljava/lang/Object;Ljava/lang/Object;Ljava/lang/Object;)Ljava/lang/Object;+33 java.base@20.0.1
j  java.lang.invoke.Invokers$Holder.invokeExact_MT(Ljava/lang/Object;Ljava/lang/Object;Ljava/lang/Object;Ljava/lang/Object;)Ljava/lang/Object;+20 java.base@20.0.1
j  jdk.internal.reflect.DirectMethodHandleAccessor.invokeImpl(Ljava/lang/Object;[Ljava/lang/Object;)Ljava/lang/Object;+55 java.base@20.0.1
j  jdk.internal.reflect.DirectMethodHandleAccessor.invoke(Ljava/lang/Object;[Ljava/lang/Object;)Ljava/lang/Object;+23 java.base@20.0.1
j  java.lang.reflect.Method.invoke(Ljava/lang/Object;[Ljava/lang/Object;)Ljava/lang/Object;+102 java.base@20.0.1
j  org.gradle.wrapper.BootstrapMainStarter.start([Ljava/lang/String;Ljava/io/File;)V+105
j  org.gradle.wrapper.WrapperExecutor.execute([Ljava/lang/String;Lorg/gradle/wrapper/Install;Lorg/gradle/wrapper/BootstrapMainStarter;)V+14
j  org.gradle.wrapper.GradleWrapperMain.main([Ljava/lang/String;)V+206
v  ~StubRoutines::call_stub 0x000001cc8fe2100d

---------------  P R O C E S S  ---------------

Threads class SMR info:
_java_thread_list=0x000001cc9f2c2d40, length=12, elements={
0x000001cc808306b0, 0x000001cc808f9640, 0x000001cc808fa440, 0x000001cc808fb240,
0x000001cc808fcd90, 0x000001cc808fe7e0, 0x000001cc9a6c0380, 0x000001cc9a6c0ff0,
0x000001cc9a6df4b0, 0x000001cc9e904090, 0x000001cc9e9065f0, 0x000001cc9f23f500
}

Java Threads: ( => current thread )
=>0x000001cc808306b0 JavaThread "main" [_thread_in_vm, id=19292, stack(0x000000af42300000,0x000000af42400000)]
  0x000001cc808f9640 JavaThread "Reference Handler" daemon [_thread_blocked, id=22824, stack(0x000000af42a00000,0x000000af42b00000)]
  0x000001cc808fa440 JavaThread "Finalizer" daemon [_thread_blocked, id=20252, stack(0x000000af42b00000,0x000000af42c00000)]
  0x000001cc808fb240 JavaThread "Signal Dispatcher" daemon [_thread_blocked, id=20280, stack(0x000000af42c00000,0x000000af42d00000)]
  0x000001cc808fcd90 JavaThread "Attach Listener" daemon [_thread_blocked, id=23588, stack(0x000000af42d00000,0x000000af42e00000)]
  0x000001cc808fe7e0 JavaThread "Service Thread" daemon [_thread_blocked, id=10732, stack(0x000000af42e00000,0x000000af42f00000)]
  0x000001cc9a6c0380 JavaThread "Monitor Deflation Thread" daemon [_thread_blocked, id=8924, stack(0x000000af42f00000,0x000000af43000000)]
  0x000001cc9a6c0ff0 JavaThread "C2 CompilerThread0" daemon [_thread_blocked, id=22760, stack(0x000000af43000000,0x000000af43100000)]
  0x000001cc9a6df4b0 JavaThread "C1 CompilerThread0" daemon [_thread_blocked, id=22368, stack(0x000000af43100000,0x000000af43200000)]
  0x000001cc9e904090 JavaThread "Notification Thread" daemon [_thread_blocked, id=4304, stack(0x000000af43200000,0x000000af43300000)]
  0x000001cc9e9065f0 JavaThread "Common-Cleaner" daemon [_thread_blocked, id=13632, stack(0x000000af43400000,0x000000af43500000)]
  0x000001cc9f23f500 JavaThread "pool-1-thread-1" [_thread_blocked, id=26524, stack(0x000000af42100000,0x000000af42200000)]

Other Threads:
  0x000001cc808db930 VMThread "VM Thread" [stack: 0x000000af42900000,0x000000af42a00000] [id=25296] _threads_hazard_ptr=0x000001cc9f2c2d40
  0x000001cc9a7548d0 WatcherThread "VM Periodic Task Thread" [stack: 0x000000af43300000,0x000000af43400000] [id=7488]
  0x000001cc80854ab0 WorkerThread "GC Thread#0" [stack: 0x000000af42400000,0x000000af42500000] [id=19072]
  0x000001cc9f05e5d0 WorkerThread "GC Thread#1" [stack: 0x000000af43500000,0x000000af43600000] [id=26308]
  0x000001cc9f05e300 WorkerThread "GC Thread#2" [stack: 0x000000af43600000,0x000000af43700000] [id=26452]
  0x000001cc9f05f980 WorkerThread "GC Thread#3" [stack: 0x000000af43700000,0x000000af43800000] [id=26420]
  0x000001cc9f05f3e0 WorkerThread "GC Thread#4" [stack: 0x000000af43800000,0x000000af43900000] [id=17496]
  0x000001cc9f05e030 WorkerThread "GC Thread#5" [stack: 0x000000af43900000,0x000000af43a00000] [id=23040]
  0x000001cc808561c0 ConcurrentGCThread "G1 Main Marker" [stack: 0x000000af42500000,0x000000af42600000] [id=13808]
  0x000001cc80856bf0 WorkerThread "G1 Conc#0" [stack: 0x000000af42600000,0x000000af42700000] [id=19252]
  0x000001cc808b9920 ConcurrentGCThread "G1 Refine#0" [stack: 0x000000af42700000,0x000000af42800000] [id=24312]
  0x000001cc808ba3c0 ConcurrentGCThread "G1 Service" [stack: 0x000000af42800000,0x000000af42900000] [id=26324]

Threads with active compile tasks:

VM state: synchronizing (normal execution)

VM Mutex/Monitor currently owned by a thread:  ([mutex/lock_event])
[0x000001cc808297c0] Metaspace_lock - owner thread: 0x000001cc808306b0
[0x000001cc8082bc40] Threads_lock - owner thread: 0x000001cc808db930

Heap address: 0x00000000fc000000, size: 64 MB, Compressed Oops mode: 32-bit

CDS archive(s) mapped at: [0x0000000800000000-0x0000000800c60000-0x0000000800c60000), size 12976128, SharedBaseAddress: 0x0000000800000000, ArchiveRelocationMode: 0.
Compressed class space mapped at: 0x0000000801000000-0x0000000841000000, reserved size: 1073741824
Narrow klass base: 0x0000000800000000, Narrow klass shift: 0, Narrow klass range: 0x100000000

GC Precious Log:
 CardTable entry size: 512
 Card Set container configuration: InlinePtr #cards 5 size 8 Array Of Cards #cards 12 size 40 Howl #buckets 4 coarsen threshold 1843 Howl Bitmap #cards 512 size 80 coarsen threshold 460 Card regions per heap region 1 cards per card region 2048
 CPUs: 8 total, 8 available
 Memory: 8139M
 Large Page Support: Disabled
 NUMA Support: Disabled
 Compressed Oops: Enabled (32-bit)
 Heap Region Size: 1M
 Heap Min Capacity: 64M
 Heap Initial Capacity: 64M
 Heap Max Capacity: 64M
 Pre-touch: Disabled
 Parallel Workers: 8
 Concurrent Workers: 2
 Concurrent Refinement Workers: 8
 Periodic GC: Disabled

Heap:
 garbage-first heap   total 65536K, used 21504K [0x00000000fc000000, 0x0000000100000000)
  region size 1024K, 15 young (15360K), 3 survivors (3072K)
 Metaspace       used 7508K, committed 7808K, reserved 1114112K
  class space    used 1018K, committed 1216K, reserved 1048576K

Heap Regions: E=young(eden), S=young(survivor), O=old, HS=humongous(starts), HC=humongous(continues), CS=collection set, F=free, OA=open archive, CA=closed archive, TAMS=top-at-mark-start, PB=parsable bottom
|   0|0x00000000fc000000, 0x00000000fc100000, 0x00000000fc100000|100%|HS|  |TAMS 0x00000000fc000000| PB 0x00000000fc000000| Complete 
|   1|0x00000000fc100000, 0x00000000fc200000, 0x00000000fc200000|100%|HC|  |TAMS 0x00000000fc100000| PB 0x00000000fc100000| Complete 
|   2|0x00000000fc200000, 0x00000000fc300000, 0x00000000fc300000|100%|HC|  |TAMS 0x00000000fc200000| PB 0x00000000fc200000| Complete 
|   3|0x00000000fc300000, 0x00000000fc400000, 0x00000000fc400000|100%|HC|  |TAMS 0x00000000fc300000| PB 0x00000000fc300000| Complete 
|   4|0x00000000fc400000, 0x00000000fc500000, 0x00000000fc500000|100%| O|  |TAMS 0x00000000fc400000| PB 0x00000000fc400000| Untracked 
|   5|0x00000000fc500000, 0x00000000fc600000, 0x00000000fc600000|100%| O|  |TAMS 0x00000000fc500000| PB 0x00000000fc500000| Untracked 
|   6|0x00000000fc600000, 0x00000000fc700000, 0x00000000fc700000|100%| O|  |TAMS 0x00000000fc600000| PB 0x00000000fc600000| Untracked 
|   7|0x00000000fc700000, 0x00000000fc700000, 0x00000000fc800000|  0%| F|  |TAMS 0x00000000fc700000| PB 0x00000000fc700000| Untracked 
|   8|0x00000000fc800000, 0x00000000fc800000, 0x00000000fc900000|  0%| F|  |TAMS 0x00000000fc800000| PB 0x00000000fc800000| Untracked 
|   9|0x00000000fc900000, 0x00000000fc900000, 0x00000000fca00000|  0%| F|  |TAMS 0x00000000fc900000| PB 0x00000000fc900000| Untracked 
|  10|0x00000000fca00000, 0x00000000fca00000, 0x00000000fcb00000|  0%| F|  |TAMS 0x00000000fca00000| PB 0x00000000fca00000| Untracked 
|  11|0x00000000fcb00000, 0x00000000fcb00000, 0x00000000fcc00000|  0%| F|  |TAMS 0x00000000fcb00000| PB 0x00000000fcb00000| Untracked 
|  12|0x00000000fcc00000, 0x00000000fcc00000, 0x00000000fcd00000|  0%| F|  |TAMS 0x00000000fcc00000| PB 0x00000000fcc00000| Untracked 
|  13|0x00000000fcd00000, 0x00000000fcd00000, 0x00000000fce00000|  0%| F|  |TAMS 0x00000000fcd00000| PB 0x00000000fcd00000| Untracked 
|  14|0x00000000fce00000, 0x00000000fce00000, 0x00000000fcf00000|  0%| F|  |TAMS 0x00000000fce00000| PB 0x00000000fce00000| Untracked 
|  15|0x00000000fcf00000, 0x00000000fcf00000, 0x00000000fd000000|  0%| F|  |TAMS 0x00000000fcf00000| PB 0x00000000fcf00000| Untracked 
|  16|0x00000000fd000000, 0x00000000fd000000, 0x00000000fd100000|  0%| F|  |TAMS 0x00000000fd000000| PB 0x00000000fd000000| Untracked 
|  17|0x00000000fd100000, 0x00000000fd100000, 0x00000000fd200000|  0%| F|  |TAMS 0x00000000fd100000| PB 0x00000000fd100000| Untracked 
|  18|0x00000000fd200000, 0x00000000fd200000, 0x00000000fd300000|  0%| F|  |TAMS 0x00000000fd200000| PB 0x00000000fd200000| Untracked 
|  19|0x00000000fd300000, 0x00000000fd300000, 0x00000000fd400000|  0%| F|  |TAMS 0x00000000fd300000| PB 0x00000000fd300000| Untracked 
|  20|0x00000000fd400000, 0x00000000fd400000, 0x00000000fd500000|  0%| F|  |TAMS 0x00000000fd400000| PB 0x00000000fd400000| Untracked 
|  21|0x00000000fd500000, 0x00000000fd500000, 0x00000000fd600000|  0%| F|  |TAMS 0x00000000fd500000| PB 0x00000000fd500000| Untracked 
|  22|0x00000000fd600000, 0x00000000fd600000, 0x00000000fd700000|  0%| F|  |TAMS 0x00000000fd600000| PB 0x00000000fd600000| Untracked 
|  23|0x00000000fd700000, 0x00000000fd700000, 0x00000000fd800000|  0%| F|  |TAMS 0x00000000fd700000| PB 0x00000000fd700000| Untracked 
|  24|0x00000000fd800000, 0x00000000fd800000, 0x00000000fd900000|  0%| F|  |TAMS 0x00000000fd800000| PB 0x00000000fd800000| Untracked 
|  25|0x00000000fd900000, 0x00000000fd900000, 0x00000000fda00000|  0%| F|  |TAMS 0x00000000fd900000| PB 0x00000000fd900000| Untracked 
|  26|0x00000000fda00000, 0x00000000fda00000, 0x00000000fdb00000|  0%| F|  |TAMS 0x00000000fda00000| PB 0x00000000fda00000| Untracked 
|  27|0x00000000fdb00000, 0x00000000fdb00000, 0x00000000fdc00000|  0%| F|  |TAMS 0x00000000fdb00000| PB 0x00000000fdb00000| Untracked 
|  28|0x00000000fdc00000, 0x00000000fdc00000, 0x00000000fdd00000|  0%| F|  |TAMS 0x00000000fdc00000| PB 0x00000000fdc00000| Untracked 
|  29|0x00000000fdd00000, 0x00000000fdd00000, 0x00000000fde00000|  0%| F|  |TAMS 0x00000000fdd00000| PB 0x00000000fdd00000| Untracked 
|  30|0x00000000fde00000, 0x00000000fde00000, 0x00000000fdf00000|  0%| F|  |TAMS 0x00000000fde00000| PB 0x00000000fde00000| Untracked 
|  31|0x00000000fdf00000, 0x00000000fdf00000, 0x00000000fe000000|  0%| F|  |TAMS 0x00000000fdf00000| PB 0x00000000fdf00000| Untracked 
|  32|0x00000000fe000000, 0x00000000fe000000, 0x00000000fe100000|  0%| F|  |TAMS 0x00000000fe000000| PB 0x00000000fe000000| Untracked 
|  33|0x00000000fe100000, 0x00000000fe100000, 0x00000000fe200000|  0%| F|  |TAMS 0x00000000fe100000| PB 0x00000000fe100000| Untracked 
|  34|0x00000000fe200000, 0x00000000fe200000, 0x00000000fe300000|  0%| F|  |TAMS 0x00000000fe200000| PB 0x00000000fe200000| Untracked 
|  35|0x00000000fe300000, 0x00000000fe300000, 0x00000000fe400000|  0%| F|  |TAMS 0x00000000fe300000| PB 0x00000000fe300000| Untracked 
|  36|0x00000000fe400000, 0x00000000fe400000, 0x00000000fe500000|  0%| F|  |TAMS 0x00000000fe400000| PB 0x00000000fe400000| Untracked 
|  37|0x00000000fe500000, 0x00000000fe500000, 0x00000000fe600000|  0%| F|  |TAMS 0x00000000fe500000| PB 0x00000000fe500000| Untracked 
|  38|0x00000000fe600000, 0x00000000fe700000, 0x00000000fe700000|100%| S|CS|TAMS 0x00000000fe600000| PB 0x00000000fe600000| Complete 
|  39|0x00000000fe700000, 0x00000000fe800000, 0x00000000fe800000|100%| S|CS|TAMS 0x00000000fe700000| PB 0x00000000fe700000| Complete 
|  40|0x00000000fe800000, 0x00000000fe900000, 0x00000000fe900000|100%| S|CS|TAMS 0x00000000fe800000| PB 0x00000000fe800000| Complete 
|  41|0x00000000fe900000, 0x00000000fe900000, 0x00000000fea00000|  0%| F|  |TAMS 0x00000000fe900000| PB 0x00000000fe900000| Untracked 
|  42|0x00000000fea00000, 0x00000000fea00000, 0x00000000feb00000|  0%| F|  |TAMS 0x00000000fea00000| PB 0x00000000fea00000| Untracked 
|  43|0x00000000feb00000, 0x00000000feb00000, 0x00000000fec00000|  0%| F|  |TAMS 0x00000000feb00000| PB 0x00000000feb00000| Untracked 
|  44|0x00000000fec00000, 0x00000000fec00000, 0x00000000fed00000|  0%| F|  |TAMS 0x00000000fec00000| PB 0x00000000fec00000| Untracked 
|  45|0x00000000fed00000, 0x00000000fed00000, 0x00000000fee00000|  0%| F|  |TAMS 0x00000000fed00000| PB 0x00000000fed00000| Untracked 
|  46|0x00000000fee00000, 0x00000000fee00000, 0x00000000fef00000|  0%| F|  |TAMS 0x00000000fee00000| PB 0x00000000fee00000| Untracked 
|  47|0x00000000fef00000, 0x00000000fef00000, 0x00000000ff000000|  0%| F|  |TAMS 0x00000000fef00000| PB 0x00000000fef00000| Untracked 
|  48|0x00000000ff000000, 0x00000000ff000000, 0x00000000ff100000|  0%| F|  |TAMS 0x00000000ff000000| PB 0x00000000ff000000| Untracked 
|  49|0x00000000ff100000, 0x00000000ff100000, 0x00000000ff200000|  0%| F|  |TAMS 0x00000000ff100000| PB 0x00000000ff100000| Untracked 
|  50|0x00000000ff200000, 0x00000000ff200000, 0x00000000ff300000|  0%| F|  |TAMS 0x00000000ff200000| PB 0x00000000ff200000| Untracked 
|  51|0x00000000ff300000, 0x00000000ff300000, 0x00000000ff400000|  0%| F|  |TAMS 0x00000000ff300000| PB 0x00000000ff300000| Untracked 
|  52|0x00000000ff400000, 0x00000000ff466e80, 0x00000000ff500000| 40%| E|  |TAMS 0x00000000ff400000| PB 0x00000000ff400000| Complete 
|  53|0x00000000ff500000, 0x00000000ff600000, 0x00000000ff600000|100%| E|CS|TAMS 0x00000000ff500000| PB 0x00000000ff500000| Complete 
|  54|0x00000000ff600000, 0x00000000ff700000, 0x00000000ff700000|100%| E|CS|TAMS 0x00000000ff600000| PB 0x00000000ff600000| Complete 
|  55|0x00000000ff700000, 0x00000000ff800000, 0x00000000ff800000|100%| E|CS|TAMS 0x00000000ff700000| PB 0x00000000ff700000| Complete 
|  56|0x00000000ff800000, 0x00000000ff900000, 0x00000000ff900000|100%| E|CS|TAMS 0x00000000ff800000| PB 0x00000000ff800000| Complete 
|  57|0x00000000ff900000, 0x00000000ffa00000, 0x00000000ffa00000|100%| E|CS|TAMS 0x00000000ff900000| PB 0x00000000ff900000| Complete 
|  58|0x00000000ffa00000, 0x00000000ffb00000, 0x00000000ffb00000|100%| E|CS|TAMS 0x00000000ffa00000| PB 0x00000000ffa00000| Complete 
|  59|0x00000000ffb00000, 0x00000000ffc00000, 0x00000000ffc00000|100%| E|CS|TAMS 0x00000000ffb00000| PB 0x00000000ffb00000| Complete 
|  60|0x00000000ffc00000, 0x00000000ffd00000, 0x00000000ffd00000|100%| E|CS|TAMS 0x00000000ffc00000| PB 0x00000000ffc00000| Complete 
|  61|0x00000000ffd00000, 0x00000000ffe00000, 0x00000000ffe00000|100%| E|CS|TAMS 0x00000000ffd00000| PB 0x00000000ffd00000| Complete 
|  62|0x00000000ffe00000, 0x00000000fff00000, 0x00000000fff00000|100%| E|CS|TAMS 0x00000000ffe00000| PB 0x00000000ffe00000| Complete 
|  63|0x00000000fff00000, 0x0000000100000000, 0x0000000100000000|100%| E|CS|TAMS 0x00000000fff00000| PB 0x00000000fff00000| Complete 

Card table byte_map: [0x000001cc80780000,0x000001cc807a0000] _byte_map_base: 0x000001cc7ffa0000

Marking Bits: (CMBitMap*) 0x000001cc808550e0
 Bits: [0x000001cc97c20000, 0x000001cc97d20000)

Polling page: 0x000001cc80000000

Metaspace:

Usage:
  Non-class:      6.34 MB used.
      Class:   1018.48 KB used.
       Both:      7.33 MB used.

Virtual space:
  Non-class space:       64.00 MB reserved,       6.44 MB ( 10%) committed,  1 nodes.
      Class space:        1.00 GB reserved,       1.19 MB ( <1%) committed,  1 nodes.
             Both:        1.06 GB reserved,       7.62 MB ( <1%) committed. 

Chunk freelists:
   Non-Class:  716.00 KB
       Class:  2.87 MB
        Both:  3.57 MB

MaxMetaspaceSize: unlimited
CompressedClassSpaceSize: 1.00 GB
Initial GC threshold: 21.00 MB
Current GC threshold: 21.00 MB
CDS: on
MetaspaceReclaimPolicy: balanced
 - commit_granule_bytes: 65536.
 - commit_granule_words: 8192.
 - virtual_space_node_default_size: 8388608.
 - enlarge_chunks_in_place: 1.
 - new_chunks_are_fully_committed: 0.
 - uncommit_free_chunks: 1.
 - use_allocation_guard: 0.


Internal statistics:

num_allocs_failed_limit: 0.
num_arena_births: 198.
num_arena_deaths: 0.
num_vsnodes_births: 2.
num_vsnodes_deaths: 0.
num_space_committed: 122.
num_space_uncommitted: 0.
num_chunks_returned_to_freelist: 0.
num_chunks_taken_from_freelist: 405.
num_chunk_merges: 0.
num_chunk_splits: 261.
num_chunks_enlarged: 191.
num_inconsistent_stats: 0.

CodeHeap 'non-profiled nmethods': size=120000Kb used=461Kb max_used=461Kb free=119538Kb
 bounds [0x000001cc903c0000, 0x000001cc90630000, 0x000001cc978f0000]
CodeHeap 'profiled nmethods': size=120000Kb used=2554Kb max_used=2554Kb free=117445Kb
 bounds [0x000001cc888f0000, 0x000001cc88b70000, 0x000001cc8fe20000]
CodeHeap 'non-nmethods': size=5760Kb used=1431Kb max_used=1449Kb free=4328Kb
 bounds [0x000001cc8fe20000, 0x000001cc90090000, 0x000001cc903c0000]
 total_blobs=1834 nmethods=1361 adapters=384
 compilation: enabled
              stopped_count=0, restarted_count=0
 full_count=0

Compilation events (20 events):
Event: 55.977 Thread 0x000001cc9a6df4b0 1357       3       java.io.DataInputStream::readUnsignedByte (22 bytes)
Event: 55.977 Thread 0x000001cc9a6df4b0 nmethod 1357 0x000001cc88b6b610 code [0x000001cc88b6b7c0, 0x000001cc88b6ba98]
Event: 56.002 Thread 0x000001cc9a6c0ff0 1358       4       jdk.internal.misc.InternalLock::lock (8 bytes)
Event: 56.007 Thread 0x000001cc9a6c0ff0 nmethod 1358 0x000001cc9042fb10 code [0x000001cc9042fc80, 0x000001cc9042fe18]
Event: 56.007 Thread 0x000001cc9a6c0ff0 1359       4       jdk.internal.misc.InternalLock::unlock (8 bytes)
Event: 56.013 Thread 0x000001cc9a6c0ff0 nmethod 1359 0x000001cc9042ff10 code [0x000001cc904300a0, 0x000001cc90430258]
Event: 56.023 Thread 0x000001cc9a6df4b0 1360       3       java.lang.invoke.DirectMethodHandle::preparedLambdaForm (31 bytes)
Event: 56.024 Thread 0x000001cc9a6df4b0 nmethod 1360 0x000001cc88b6bb90 code [0x000001cc88b6bd60, 0x000001cc88b6c210]
Event: 56.025 Thread 0x000001cc9a6df4b0 1361       3       java.util.regex.Matcher::search (154 bytes)
Event: 56.026 Thread 0x000001cc9a6df4b0 nmethod 1361 0x000001cc88b6c410 code [0x000001cc88b6c600, 0x000001cc88b6cbb0]
Event: 56.029 Thread 0x000001cc9a6c0ff0 1362       4       java.util.ArrayList::add (25 bytes)
Event: 56.037 Thread 0x000001cc9a6df4b0 1364       3       java.lang.invoke.MethodType$ConcurrentWeakInternSet::add (66 bytes)
Event: 56.037 Thread 0x000001cc9a6c0ff0 nmethod 1362 0x000001cc90430410 code [0x000001cc904305a0, 0x000001cc90430840]
Event: 56.037 Thread 0x000001cc9a6c0ff0 1363       4       java.util.regex.Matcher::search (154 bytes)
Event: 56.039 Thread 0x000001cc9a6df4b0 nmethod 1364 0x000001cc88b6ce10 code [0x000001cc88b6d060, 0x000001cc88b6dc98]
Event: 56.077 Thread 0x000001cc9a6c0ff0 nmethod 1363 0x000001cc90430a10 code [0x000001cc90430be0, 0x000001cc90431460]
Event: 56.077 Thread 0x000001cc9a6c0ff0 1365       4       jdk.internal.org.objectweb.asm.SymbolTable::addConstantUtf8 (98 bytes)
Event: 56.150 Thread 0x000001cc9a6c0ff0 nmethod 1365 0x000001cc90431b10 code [0x000001cc90431d00, 0x000001cc90432d40]
Event: 56.274 Thread 0x000001cc9a6df4b0 1366       3       java.util.Map::entry (10 bytes)
Event: 56.275 Thread 0x000001cc9a6df4b0 nmethod 1366 0x000001cc88b6e090 code [0x000001cc88b6e260, 0x000001cc88b6e7e0]

GC Heap History (2 events):
Event: 47.131 GC heap before
{Heap before GC invocations=0 (full 0):
 garbage-first heap   total 65536K, used 26624K [0x00000000fc000000, 0x0000000100000000)
  region size 1024K, 23 young (23552K), 0 survivors (0K)
 Metaspace       used 4289K, committed 4544K, reserved 1114112K
  class space    used 564K, committed 704K, reserved 1048576K
}
Event: 48.130 GC heap after
{Heap after GC invocations=1 (full 0):
 garbage-first heap   total 65536K, used 10240K [0x00000000fc000000, 0x0000000100000000)
  region size 1024K, 3 young (3072K), 3 survivors (3072K)
 Metaspace       used 4289K, committed 4544K, reserved 1114112K
  class space    used 564K, committed 704K, reserved 1048576K
}

Dll operation events (11 events):
Event: 0.283 Loaded shared library C:\Program Files\Java\jdk-20\bin\java.dll
Event: 0.648 Loaded shared library C:\Program Files\Java\jdk-20\bin\jsvml.dll
Event: 2.409 Loaded shared library C:\Program Files\Java\jdk-20\bin\net.dll
Event: 2.414 Loaded shared library C:\Program Files\Java\jdk-20\bin\nio.dll
Event: 2.693 Loaded shared library C:\Program Files\Java\jdk-20\bin\zip.dll
Event: 16.442 Loaded shared library C:\Program Files\Java\jdk-20\bin\jimage.dll
Event: 26.002 Loaded shared library C:\Program Files\Java\jdk-20\bin\verify.dll
Event: 46.362 Loaded shared library C:\Users\deari\.gradle\native\68d5fa5c4cc2d200863cafc0d521ce42e7d3e7ee720ec0a83991735586a16f82\windows-amd64\native-platform.dll
Event: 49.045 Loaded shared library C:\Program Files\Java\jdk-20\bin\management.dll
Event: 49.059 Loaded shared library C:\Program Files\Java\jdk-20\bin\management_ext.dll
Event: 54.342 Loaded shared library C:\Program Files\Java\jdk-20\bin\extnet.dll

Deoptimization events (20 events):
Event: 50.705 Thread 0x000001cc808306b0 Uncommon trap: trap_request=0xffffffc6 fr.pc=0x000001cc90419694 relative=0x00000000000002d4
Event: 50.705 Thread 0x000001cc808306b0 Uncommon trap: reason=bimorphic_or_optimized_type_check action=maybe_recompile pc=0x000001cc90419694 method=java.util.concurrent.ConcurrentHashMap.get(Ljava/lang/Object;)Ljava/lang/Object; @ 149 c2
Event: 50.868 Thread 0x000001cc808306b0 DEOPT PACKING pc=0x000001cc90419694 sp=0x000000af423fce30
Event: 50.868 Thread 0x000001cc808306b0 DEOPT UNPACKING pc=0x000001cc8fe89d22 sp=0x000000af423fcda0 mode 2
Event: 51.316 Thread 0x000001cc808306b0 Uncommon trap: trap_request=0xffffff45 fr.pc=0x000001cc9040ebd4 relative=0x0000000000001534
Event: 51.316 Thread 0x000001cc808306b0 Uncommon trap: reason=unstable_if action=reinterpret pc=0x000001cc9040ebd4 method=java.io.WinNTFileSystem.normalize(Ljava/lang/String;)Ljava/lang/String; @ 128 c2
Event: 51.316 Thread 0x000001cc808306b0 DEOPT PACKING pc=0x000001cc9040ebd4 sp=0x000000af423fce20
Event: 51.316 Thread 0x000001cc808306b0 DEOPT UNPACKING pc=0x000001cc8fe89d22 sp=0x000000af423fcdf8 mode 2
Event: 55.118 Thread 0x000001cc808306b0 Uncommon trap: trap_request=0xffffffc6 fr.pc=0x000001cc90419694 relative=0x00000000000002d4
Event: 55.118 Thread 0x000001cc808306b0 Uncommon trap: reason=bimorphic_or_optimized_type_check action=maybe_recompile pc=0x000001cc90419694 method=java.util.concurrent.ConcurrentHashMap.get(Ljava/lang/Object;)Ljava/lang/Object; @ 149 c2
Event: 55.118 Thread 0x000001cc808306b0 DEOPT PACKING pc=0x000001cc90419694 sp=0x000000af423fd0c0
Event: 55.118 Thread 0x000001cc808306b0 DEOPT UNPACKING pc=0x000001cc8fe89d22 sp=0x000000af423fd030 mode 2
Event: 56.024 Thread 0x000001cc808306b0 Uncommon trap: trap_request=0xffffff45 fr.pc=0x000001cc9042af58 relative=0x00000000000006f8
Event: 56.024 Thread 0x000001cc808306b0 Uncommon trap: reason=unstable_if action=reinterpret pc=0x000001cc9042af58 method=java.util.regex.Matcher.search(I)Z @ 30 c2
Event: 56.024 Thread 0x000001cc808306b0 DEOPT PACKING pc=0x000001cc9042af58 sp=0x000000af423fd630
Event: 56.024 Thread 0x000001cc808306b0 DEOPT UNPACKING pc=0x000001cc8fe89d22 sp=0x000000af423fd610 mode 2
Event: 56.263 Thread 0x000001cc808306b0 Uncommon trap: trap_request=0xffffff45 fr.pc=0x000001cc90431330 relative=0x0000000000000750
Event: 56.263 Thread 0x000001cc808306b0 Uncommon trap: reason=unstable_if action=reinterpret pc=0x000001cc90431330 method=java.util.regex.Pattern$BmpCharPropertyGreedy.match(Ljava/util/regex/Matcher;ILjava/lang/CharSequence;)Z @ 12 c2
Event: 56.263 Thread 0x000001cc808306b0 DEOPT PACKING pc=0x000001cc90431330 sp=0x000000af423fd630
Event: 56.263 Thread 0x000001cc808306b0 DEOPT UNPACKING pc=0x000001cc8fe89d22 sp=0x000000af423fd508 mode 2

Classes loaded (20 events):
Event: 56.021 Loading class sun/util/locale/provider/TimeZoneNameUtility$TimeZoneNameGetter done
Event: 56.023 Loading class sun/util/cldr/CLDRTimeZoneNameProviderImpl
Event: 56.023 Loading class sun/util/locale/provider/TimeZoneNameProviderImpl
Event: 56.023 Loading class sun/util/locale/provider/TimeZoneNameProviderImpl done
Event: 56.023 Loading class sun/util/cldr/CLDRTimeZoneNameProviderImpl done
Event: 56.039 Loading class sun/util/locale/provider/BaseLocaleDataMetaInfo
Event: 56.039 Loading class sun/util/locale/provider/BaseLocaleDataMetaInfo done
Event: 56.264 Loading class sun/util/resources/cldr/TimeZoneNames
Event: 56.264 Loading class sun/util/resources/TimeZoneNamesBundle
Event: 56.264 Loading class sun/util/resources/OpenListResourceBundle
Event: 56.265 Loading class sun/util/resources/OpenListResourceBundle done
Event: 56.265 Loading class sun/util/resources/TimeZoneNamesBundle done
Event: 56.265 Loading class sun/util/resources/cldr/TimeZoneNames done
Event: 56.265 Loading class sun/util/resources/cldr/TimeZoneNames_en
Event: 56.267 Loading class sun/util/resources/cldr/TimeZoneNames_en done
Event: 56.268 Loading class sun/util/resources/cldr/TimeZoneNames_en_US
Event: 56.268 Loading class sun/util/resources/cldr/TimeZoneNames_en_US done
Event: 56.277 Loading class java/time/zone/ZoneRulesProvider
Event: 56.278 Loading class java/time/zone/ZoneRulesProvider done
Event: 56.278 Loading class java/time/zone/ZoneRulesProvider$1

Classes unloaded (0 events):
No events

Classes redefined (0 events):
No events

Internal exceptions (18 events):
Event: 5.455 Thread 0x000001cc808306b0 Exception <a 'java/lang/NoSuchMethodError'{0x00000000ffc2e628}: 'void java.lang.invoke.DirectMethodHandle$Holder.invokeStatic(java.lang.Object, java.lang.Object)'> (0x00000000ffc2e628) 
thrown [s\open\src\hotspot\share\interpreter\linkResolver.cpp, line 773]
Event: 5.458 Thread 0x000001cc808306b0 Exception <a 'java/lang/NoSuchMethodError'{0x00000000ffc321a8}: 'void java.lang.invoke.DirectMethodHandle$Holder.invokeSpecial(java.lang.Object, java.lang.Object, java.lang.Object)'> (0x00000000ffc321a8) 
thrown [s\open\src\hotspot\share\interpreter\linkResolver.cpp, line 773]
Event: 7.827 Thread 0x000001cc808306b0 Exception <a 'java/lang/NoSuchMethodError'{0x00000000ffcc3378}: 'void java.lang.invoke.DirectMethodHandle$Holder.invokeStatic(java.lang.Object, java.lang.Object, java.lang.Object)'> (0x00000000ffcc3378) 
thrown [s\open\src\hotspot\share\interpreter\linkResolver.cpp, line 773]
Event: 7.841 Thread 0x000001cc808306b0 Exception <a 'java/lang/NoSuchMethodError'{0x00000000ffcd5a68}: 'java.lang.Object java.lang.invoke.Invokers$Holder.invokeExact_MT(java.lang.Object, java.lang.Object, java.lang.Object, java.lang.Object, java.lang.Object)'> (0x00000000ffcd5a68) 
thrown [s\open\src\hotspot\share\interpreter\linkResolver.cpp, line 773]
Event: 7.872 Thread 0x000001cc808306b0 Exception <a 'java/lang/NoSuchMethodError'{0x00000000ffb03bd8}: 'int java.lang.invoke.DirectMethodHandle$Holder.invokeStaticInit(java.lang.Object, java.lang.Object)'> (0x00000000ffb03bd8) 
thrown [s\open\src\hotspot\share\interpreter\linkResolver.cpp, line 773]
Event: 45.877 Thread 0x000001cc808306b0 Exception <a 'java/lang/NoClassDefFoundError'{0x00000000feb7d458}: org/slf4j/impl/StaticMarkerBinder> (0x00000000feb7d458) 
thrown [s\open\src\hotspot\share\classfile\systemDictionary.cpp, line 294]
Event: 46.120 Thread 0x000001cc808306b0 Exception <a 'java/lang/NoSuchMethodError'{0x00000000fea04cc8}: 'java.lang.Object java.lang.invoke.DirectMethodHandle$Holder.invokeVirtual(java.lang.Object, java.lang.Object, java.lang.Object, java.lang.Object, java.lang.Object, java.lang.Object, java.lang.Object)'> (0x00000000fea04cc8) 
thrown [s\open\src\hotspot\share\interpreter\linkResolver.cpp, line 773]
Event: 46.128 Thread 0x000001cc808306b0 Exception <a 'java/lang/NoSuchMethodError'{0x00000000fea17b88}: 'java.lang.Object java.lang.invoke.DirectMethodHandle$Holder.invokeStatic(java.lang.Object, java.lang.Object, int)'> (0x00000000fea17b88) 
thrown [s\open\src\hotspot\share\interpreter\linkResolver.cpp, line 773]
Event: 46.132 Thread 0x000001cc808306b0 Exception <a 'java/lang/NoSuchMethodError'{0x00000000fea22fd8}: 'void java.lang.invoke.DelegatingMethodHandle$Holder.delegate(java.lang.Object, java.lang.Object, int, java.lang.Object)'> (0x00000000fea22fd8) 
thrown [s\open\src\hotspot\share\interpreter\linkResolver.cpp, line 773]
Event: 46.133 Thread 0x000001cc808306b0 Exception <a 'java/lang/NoSuchMethodError'{0x00000000fea26dc8}: 'int java.lang.invoke.DirectMethodHandle$Holder.invokeSpecial(java.lang.Object, java.lang.Object, java.lang.Object)'> (0x00000000fea26dc8) 
thrown [s\open\src\hotspot\share\interpreter\linkResolver.cpp, line 773]
Event: 46.479 Thread 0x000001cc808306b0 Exception <a 'java/lang/NoSuchMethodError'{0x00000000feabea98}: 'java.lang.Object java.lang.invoke.DirectMethodHandle$Holder.invokeVirtual(java.lang.Object, java.lang.Object, java.lang.Object)'> (0x00000000feabea98) 
thrown [s\open\src\hotspot\share\interpreter\linkResolver.cpp, line 773]
Event: 48.447 Thread 0x000001cc808306b0 Exception <a 'java/lang/NoSuchMethodError'{0x00000000ffeae550}: 'java.lang.Object java.lang.invoke.DirectMethodHandle$Holder.invokeVirtual(java.lang.Object, java.lang.Object, java.lang.Object, java.lang.Object)'> (0x00000000ffeae550) 
thrown [s\open\src\hotspot\share\interpreter\linkResolver.cpp, line 773]
Event: 48.622 Thread 0x000001cc808306b0 Exception <a 'java/lang/NoSuchMethodError'{0x00000000ffd24c38}: 'java.lang.Object java.lang.invoke.DirectMethodHandle$Holder.invokeVirtual(java.lang.Object, java.lang.Object, java.lang.Object, java.lang.Object, java.lang.Object, java.lang.Object)'> (0x00000000ffd24c38) 
thrown [s\open\src\hotspot\share\interpreter\linkResolver.cpp, line 773]
Event: 49.871 Thread 0x000001cc808306b0 Exception <a 'java/lang/NoSuchMethodError'{0x00000000ffaac3a0}: 'java.lang.Object java.lang.invoke.DirectMethodHandle$Holder.invokeVirtual(java.lang.Object, java.lang.Object, java.lang.Object, java.lang.Object, java.lang.Object)'> (0x00000000ffaac3a0) 
thrown [s\open\src\hotspot\share\interpreter\linkResolver.cpp, line 773]
Event: 49.886 Thread 0x000001cc808306b0 Exception <a 'java/lang/NoSuchMethodError'{0x00000000ffabf9a8}: 'java.lang.Object java.lang.invoke.Invokers$Holder.invokeExact_MT(java.lang.Object, java.lang.Object, java.lang.Object, java.lang.Object, java.lang.Object, java.lang.Object)'> (0x00000000ffabf9a8) 
thrown [s\open\src\hotspot\share\interpreter\linkResolver.cpp, line 773]
Event: 50.362 Thread 0x000001cc808306b0 Exception <a 'java/lang/NoSuchMethodError'{0x00000000ff85ac50}: 'java.lang.Object java.lang.invoke.DirectMethodHandle$Holder.invokeVirtual(java.lang.Object, java.lang.Object, java.lang.Object, java.lang.Object, java.lang.Object, java.lang.Object, java.lang.Object, java.lang.Object)'> (0x00000000ff85ac50) 
thrown [s\open\src\hotspot\share\interpreter\linkResolver.cpp, line 773]
Event: 50.692 Thread 0x000001cc808306b0 Exception <a 'java/lang/NoSuchMethodError'{0x00000000ff782378}: 'java.lang.Object java.lang.invoke.DirectMethodHandle$Holder.invokeStaticInit(java.lang.Object, int, int, int, int)'> (0x00000000ff782378) 
thrown [s\open\src\hotspot\share\interpreter\linkResolver.cpp, line 773]
Event: 51.358 Thread 0x000001cc808306b0 Exception <a 'java/lang/NoSuchMethodError'{0x00000000ff7c3360}: 'java.lang.Object java.lang.invoke.DirectMethodHandle$Holder.invokeStaticInit(java.lang.Object, java.lang.Object, int, int, int, int)'> (0x00000000ff7c3360) 
thrown [s\open\src\hotspot\share\interpreter\linkResolver.cpp, line 773]

VM Operations (20 events):
Event: 47.131 Executing VM operation: G1CollectForAllocation
Event: 48.130 Executing VM operation: G1CollectForAllocation done
Event: 48.293 Executing VM operation: HandshakeAllThreads
Event: 48.293 Executing VM operation: HandshakeAllThreads done
Event: 49.297 Executing VM operation: Cleanup
Event: 49.297 Executing VM operation: Cleanup done
Event: 50.144 Executing VM operation: HandshakeAllThreads
Event: 50.144 Executing VM operation: HandshakeAllThreads done
Event: 51.156 Executing VM operation: Cleanup
Event: 51.156 Executing VM operation: Cleanup done
Event: 51.320 Executing VM operation: HandshakeAllThreads
Event: 51.320 Executing VM operation: HandshakeAllThreads done
Event: 52.323 Executing VM operation: Cleanup
Event: 52.323 Executing VM operation: Cleanup done
Event: 54.878 Executing VM operation: HandshakeAllThreads
Event: 54.878 Executing VM operation: HandshakeAllThreads done
Event: 54.878 Executing VM operation: Cleanup
Event: 54.880 Executing VM operation: Cleanup done
Event: 55.893 Executing VM operation: Cleanup
Event: 55.893 Executing VM operation: Cleanup done

Events (12 events):
Event: 0.648 Thread 0x000001cc808306b0 Thread added: 0x000001cc808306b0
Event: 0.767 Thread 0x000001cc808f9640 Thread added: 0x000001cc808f9640
Event: 0.767 Thread 0x000001cc808fa440 Thread added: 0x000001cc808fa440
Event: 0.768 Thread 0x000001cc808fb240 Thread added: 0x000001cc808fb240
Event: 0.769 Thread 0x000001cc808fcd90 Thread added: 0x000001cc808fcd90
Event: 0.769 Thread 0x000001cc808fe7e0 Thread added: 0x000001cc808fe7e0
Event: 0.769 Thread 0x000001cc9a6c0380 Thread added: 0x000001cc9a6c0380
Event: 0.769 Thread 0x000001cc9a6c0ff0 Thread added: 0x000001cc9a6c0ff0
Event: 0.877 Thread 0x000001cc9a6df4b0 Thread added: 0x000001cc9a6df4b0
Event: 1.660 Thread 0x000001cc9e904090 Thread added: 0x000001cc9e904090
Event: 1.667 Thread 0x000001cc9e9065f0 Thread added: 0x000001cc9e9065f0
Event: 46.898 Thread 0x000001cc9f23f500 Thread added: 0x000001cc9f23f500


Dynamic libraries:
0x00007ff631ba0000 - 0x00007ff631bb0000 	C:\Program Files\Java\jdk-20\bin\java.exe
0x00007ffc83750000 - 0x00007ffc83948000 	C:\WINDOWS\SYSTEM32\ntdll.dll
0x00007ffc82de0000 - 0x00007ffc82e9f000 	C:\WINDOWS\System32\KERNEL32.DLL
0x00007ffc80ee0000 - 0x00007ffc811d6000 	C:\WINDOWS\System32\KERNELBASE.dll
0x00007ffc81280000 - 0x00007ffc81380000 	C:\WINDOWS\System32\ucrtbase.dll
0x00007ffc55ae0000 - 0x00007ffc55af9000 	C:\Program Files\Java\jdk-20\bin\jli.dll
0x00007ffc81e40000 - 0x00007ffc81eef000 	C:\WINDOWS\System32\ADVAPI32.dll
0x00007ffc59920000 - 0x00007ffc5993b000 	C:\Program Files\Java\jdk-20\bin\VCRUNTIME140.dll
0x00007ffc82370000 - 0x00007ffc8240e000 	C:\WINDOWS\System32\msvcrt.dll
0x00007ffc820f0000 - 0x00007ffc8218c000 	C:\WINDOWS\System32\sechost.dll
0x00007ffc83280000 - 0x00007ffc833a6000 	C:\WINDOWS\System32\RPCRT4.dll
0x00007ffc82b60000 - 0x00007ffc82cfd000 	C:\WINDOWS\System32\USER32.dll
0x00007ffc81380000 - 0x00007ffc813a2000 	C:\WINDOWS\System32\win32u.dll
0x00007ffc82080000 - 0x00007ffc820ac000 	C:\WINDOWS\System32\GDI32.dll
0x00007ffc68f10000 - 0x00007ffc691aa000 	C:\WINDOWS\WinSxS\amd64_microsoft.windows.common-controls_6595b64144ccf1df_6.0.19041.1110_none_60b5254171f9507e\COMCTL32.dll
0x00007ffc81600000 - 0x00007ffc81715000 	C:\WINDOWS\System32\gdi32full.dll
0x00007ffc81510000 - 0x00007ffc815ad000 	C:\WINDOWS\System32\msvcp_win.dll
0x00007ffc747b0000 - 0x00007ffc747ba000 	C:\WINDOWS\SYSTEM32\VERSION.dll
0x00007ffc820c0000 - 0x00007ffc820f0000 	C:\WINDOWS\System32\IMM32.DLL
0x00007ffc6bdd0000 - 0x00007ffc6bddc000 	C:\Program Files\Java\jdk-20\bin\vcruntime140_1.dll
0x00007ffc4d5c0000 - 0x00007ffc4d64e000 	C:\Program Files\Java\jdk-20\bin\msvcp140.dll
0x00007ffc2f3e0000 - 0x00007ffc30077000 	C:\Program Files\Java\jdk-20\bin\server\jvm.dll
0x00007ffc7b2b0000 - 0x00007ffc7b2b9000 	C:\WINDOWS\SYSTEM32\WSOCK32.dll
0x00007ffc82000000 - 0x00007ffc8206b000 	C:\WINDOWS\System32\WS2_32.dll
0x00007ffc74800000 - 0x00007ffc74827000 	C:\WINDOWS\SYSTEM32\WINMM.dll
0x00007ffc7ece0000 - 0x00007ffc7ecf2000 	C:\WINDOWS\SYSTEM32\kernel.appcore.dll
0x00007ffc6ba60000 - 0x00007ffc6ba6a000 	C:\Program Files\Java\jdk-20\bin\jimage.dll
0x00007ffc726f0000 - 0x00007ffc728d4000 	C:\WINDOWS\SYSTEM32\DBGHELP.DLL
0x00007ffc726a0000 - 0x00007ffc726d4000 	C:\WINDOWS\SYSTEM32\dbgcore.DLL
0x00007ffc81720000 - 0x00007ffc817a2000 	C:\WINDOWS\System32\bcryptPrimitives.dll
0x00007ffc53ae0000 - 0x00007ffc53b06000 	C:\Program Files\Java\jdk-20\bin\java.dll
0x00007ffc45850000 - 0x00007ffc45927000 	C:\Program Files\Java\jdk-20\bin\jsvml.dll
0x00007ffc82410000 - 0x00007ffc82b54000 	C:\WINDOWS\System32\SHELL32.dll
0x00007ffc7eee0000 - 0x00007ffc7f673000 	C:\WINDOWS\SYSTEM32\windows.storage.dll
0x00007ffc833b0000 - 0x00007ffc83704000 	C:\WINDOWS\System32\combase.dll
0x00007ffc807a0000 - 0x00007ffc807ce000 	C:\WINDOWS\SYSTEM32\Wldp.dll
0x00007ffc822c0000 - 0x00007ffc8236d000 	C:\WINDOWS\System32\SHCORE.dll
0x00007ffc83150000 - 0x00007ffc831a5000 	C:\WINDOWS\System32\shlwapi.dll
0x00007ffc80d70000 - 0x00007ffc80d8f000 	C:\WINDOWS\SYSTEM32\profapi.dll
0x00007ffc53f20000 - 0x00007ffc53f33000 	C:\Program Files\Java\jdk-20\bin\net.dll
0x00007ffc798c0000 - 0x00007ffc799ca000 	C:\WINDOWS\SYSTEM32\WINHTTP.dll
0x00007ffc80500000 - 0x00007ffc8056a000 	C:\WINDOWS\system32\mswsock.dll
0x00007ffc50f30000 - 0x00007ffc50f46000 	C:\Program Files\Java\jdk-20\bin\nio.dll
0x00007ffc50f10000 - 0x00007ffc50f28000 	C:\Program Files\Java\jdk-20\bin\zip.dll
0x00007ffc7b010000 - 0x00007ffc7b020000 	C:\Program Files\Java\jdk-20\bin\verify.dll
0x00007ffc6be90000 - 0x00007ffc6beb7000 	C:\Users\deari\.gradle\native\68d5fa5c4cc2d200863cafc0d521ce42e7d3e7ee720ec0a83991735586a16f82\windows-amd64\native-platform.dll
0x00007ffc6b9d0000 - 0x00007ffc6b9da000 	C:\Program Files\Java\jdk-20\bin\management.dll
0x00007ffc6b2c0000 - 0x00007ffc6b2cb000 	C:\Program Files\Java\jdk-20\bin\management_ext.dll
0x00007ffc81d40000 - 0x00007ffc81d48000 	C:\WINDOWS\System32\PSAPI.DLL
0x00007ffc80700000 - 0x00007ffc80718000 	C:\WINDOWS\SYSTEM32\CRYPTSP.dll
0x00007ffc7fe20000 - 0x00007ffc7fe54000 	C:\WINDOWS\system32\rsaenh.dll
0x00007ffc81250000 - 0x00007ffc81277000 	C:\WINDOWS\System32\bcrypt.dll
0x00007ffc80cf0000 - 0x00007ffc80d1e000 	C:\WINDOWS\SYSTEM32\USERENV.dll
0x00007ffc806f0000 - 0x00007ffc806fc000 	C:\WINDOWS\SYSTEM32\CRYPTBASE.dll
0x00007ffc801f0000 - 0x00007ffc8022c000 	C:\WINDOWS\SYSTEM32\IPHLPAPI.DLL
0x00007ffc82070000 - 0x00007ffc82078000 	C:\WINDOWS\System32\NSI.dll
0x00007ffc7a090000 - 0x00007ffc7a0a7000 	C:\WINDOWS\SYSTEM32\dhcpcsvc6.DLL
0x00007ffc7a420000 - 0x00007ffc7a43d000 	C:\WINDOWS\SYSTEM32\dhcpcsvc.DLL
0x00007ffc80230000 - 0x00007ffc802fa000 	C:\WINDOWS\SYSTEM32\DNSAPI.dll
0x00007ffc6b080000 - 0x00007ffc6b087000 	C:\Program Files\Java\jdk-20\bin\extnet.dll

dbghelp: loaded successfully - version: 4.0.5 - missing functions: none
symbol engine: initialized successfully - sym options: 0x614 - pdb path: .;C:\Program Files\Java\jdk-20\bin;C:\WINDOWS\SYSTEM32;C:\WINDOWS\WinSxS\amd64_microsoft.windows.common-controls_6595b64144ccf1df_6.0.19041.1110_none_60b5254171f9507e;C:\Program Files\Java\jdk-20\bin\server;C:\Users\deari\.gradle\native\68d5fa5c4cc2d200863cafc0d521ce42e7d3e7ee720ec0a83991735586a16f82\windows-amd64

VM Arguments:
jvm_args: -Xmx64m -Xms64m -Dorg.gradle.appname=gradlew 
java_command: org.gradle.wrapper.GradleWrapperMain tasks
java_class_path (initial): C:\Games\not_games\native_test2\android\\gradle\wrapper\gradle-wrapper.jar
Launcher Type: SUN_STANDARD

[Global flags]
     intx CICompilerCount                          = 4                                         {product} {ergonomic}
     uint ConcGCThreads                            = 2                                         {product} {ergonomic}
     uint G1ConcRefinementThreads                  = 8                                         {product} {ergonomic}
   size_t G1HeapRegionSize                         = 1048576                                   {product} {ergonomic}
    uintx GCDrainStackTargetSize                   = 64                                        {product} {ergonomic}
   size_t InitialHeapSize                          = 67108864                                  {product} {command line}
   size_t MarkStackSize                            = 4194304                                   {product} {ergonomic}
   size_t MaxHeapSize                              = 67108864                                  {product} {command line}
   size_t MaxNewSize                               = 39845888                                  {product} {ergonomic}
   size_t MinHeapDeltaBytes                        = 1048576                                   {product} {ergonomic}
   size_t MinHeapSize                              = 67108864                                  {product} {command line}
    uintx NonNMethodCodeHeapSize                   = 5839372                                {pd product} {ergonomic}
    uintx NonProfiledCodeHeapSize                  = 122909434                              {pd product} {ergonomic}
    uintx ProfiledCodeHeapSize                     = 122909434                              {pd product} {ergonomic}
    uintx ReservedCodeCacheSize                    = 251658240                              {pd product} {ergonomic}
     bool SegmentedCodeCache                       = true                                      {product} {ergonomic}
   size_t SoftMaxHeapSize                          = 67108864                               {manageable} {ergonomic}
     bool UseCompressedClassPointers               = true                           {product lp64_product} {ergonomic}
     bool UseCompressedOops                        = true                           {product lp64_product} {ergonomic}
     bool UseG1GC                                  = true                                      {product} {ergonomic}
     bool UseLargePagesIndividualAllocation        = false                                  {pd product} {ergonomic}

Logging:
Log output configuration:
 #0: stdout all=warning uptime,level,tags foldmultilines=false
 #1: stderr all=off uptime,level,tags foldmultilines=false

Environment Variables:
JAVA_HOME=C:\Program Files\Java\jdk-20
CLASSPATH=C:\Games\not_games\native_test2\android\\gradle\wrapper\gradle-wrapper.jar
PATH=C:\Games\not_games\native_test2\node_modules\.bin;C:\Games\not_games\native_test2\node_modules\.bin;C:\Games\not_games\node_modules\.bin;C:\Games\node_modules\.bin;C:\node_modules\.bin;C:\Users\deari\AppData\Roaming\npm\node_modules\npm\node_modules\@npmcli\run-script\lib\node-gyp-bin;C:\Games\not_games\native_test2\node_modules\.bin;C:\Games\not_games\node_modules\.bin;C:\Games\node_modules\.bin;C:\node_modules\.bin;C:\Users\deari\AppData\Roaming\npm\node_modules\npm\node_modules\@npmcli\run-script\lib\node-gyp-bin;C:\Program Files\Microsoft\jdk-11.0.18.10-hotspot\bin;C:\Program Files\Common Files\Oracle\Java\javapath;C:\Python311\Scripts\;C:\Python311\;C:\WINDOWS\system32;C:\WINDOWS;C:\WINDOWS\System32\Wbem;C:\WINDOWS\System32\WindowsPowerShell\v1.0\;C:\WINDOWS\System32\OpenSSH\;C:\Program Files\nodejs\;C:\ProgramData\chocolatey\bin;C:\Users\deari\AppData\Local\Microsoft\WindowsApps;C:\Users\deari\AppData\Local\Programs\Microsoft VS Code\bin;C:\Users\deari\AppData\Roaming\npm;C:\Users\deari\AppData\Local\Android\Sdk\platform-tools;
USERNAME=deari
LANG=en_US.UTF-8
OS=Windows_NT
PROCESSOR_IDENTIFIER=Intel64 Family 6 Model 42 Stepping 7, GenuineIntel
TMP=C:\Users\deari\AppData\Local\Temp
TEMP=C:\Users\deari\AppData\Local\Temp




---------------  S Y S T E M  ---------------

OS:
 Windows 10 , 64 bit Build 19041 (10.0.19041.3031)
OS uptime: 3 days 9:05 hours

CPU: total 8 (initial active 8) (4 cores per cpu, 2 threads per core) family 6 model 42 stepping 7 microcode 0x2f, cx8, cmov, fxsr, ht, mmx, sse, sse2, sse3, ssse3, sse4.1, sse4.2, popcnt, tsc, tscinvbit, avx, aes, clmul, vzeroupper, clflush, rdtscp

Memory: 4k page, system-wide physical 8139M (103M free)
TotalPageFile size 32715M (AvailPageFile size 40M)
current process WorkingSet (physical memory assigned to process): 76M, peak: 76M
current process commit charge ("private bytes"): 162M, peak: 162M

vm_info: Java HotSpot(TM) 64-Bit Server VM (20.0.1+9-29) for windows-amd64 JRE (20.0.1+9-29), built on 2023-03-07T13:56:11Z by "mach5one" with MS VC++ 17.1 (VS2022)

END.
